<?xml version="1.0" encoding="UTF-8"?>
<coverage generated="1774731895681" clover="3.2.0">
  <project timestamp="1774731895681" name="All files">
    <metrics statements="1691" coveredstatements="1208" conditionals="2222" coveredconditionals="1739" methods="630" coveredmethods="311" elements="4543" coveredelements="3258" complexity="0" loc="1691" ncloc="1691" packages="18" files="62" classes="62"/>
    <package name="Components">
      <metrics statements="156" coveredstatements="90" conditionals="291" coveredconditionals="235" methods="69" coveredmethods="28"/>
      <file name="ConfirmationModal.vue" path="/var/www/html/resources/ts/Components/ConfirmationModal.vue">
        <metrics statements="11" coveredstatements="10" conditionals="21" coveredconditionals="20" methods="3" coveredmethods="2"/>
        <line num="11" count="5" type="stmt"/>
        <line num="18" count="5" type="stmt"/>
        <line num="21" count="7" type="stmt"/>
        <line num="26" count="0" type="cond" truecount="2" falsecount="0"/>
        <line num="41" count="7" type="stmt"/>
        <line num="42" count="7" type="stmt"/>
        <line num="45" count="7" type="stmt"/>
        <line num="46" count="7" type="stmt"/>
        <line num="55" count="7" type="stmt"/>
        <line num="65" count="1" type="cond" truecount="2" falsecount="0"/>
        <line num="72" count="1" type="cond" truecount="2" falsecount="0"/>
      </file>
      <file name="CustomerForm.vue" path="/var/www/html/resources/ts/Components/CustomerForm.vue">
        <metrics statements="36" coveredstatements="27" conditionals="57" coveredconditionals="49" methods="17" coveredmethods="12"/>
        <line num="7" count="15" type="stmt"/>
        <line num="19" count="15" type="stmt"/>
        <line num="24" count="15" type="stmt"/>
        <line num="25" count="15" type="stmt"/>
        <line num="28" count="1" type="stmt"/>
        <line num="30" count="1" type="cond" truecount="1" falsecount="1"/>
        <line num="31" count="0" type="stmt"/>
        <line num="33" count="0" type="stmt"/>
        <line num="36" count="1" type="stmt"/>
        <line num="38" count="1" type="cond" truecount="1" falsecount="1"/>
        <line num="39" count="1" type="stmt"/>
        <line num="41" count="0" type="stmt"/>
        <line num="46" count="1" type="stmt"/>
        <line num="47" count="1" type="stmt"/>
        <line num="49" count="1" type="cond" truecount="3" falsecount="1"/>
        <line num="50" count="1" type="stmt"/>
        <line num="52" count="0" type="stmt"/>
        <line num="57" count="1" type="cond" truecount="1" falsecount="1"/>
        <line num="61" count="1" type="stmt"/>
        <line num="65" count="1" type="cond" truecount="1" falsecount="1"/>
        <line num="66" count="1" type="stmt"/>
        <line num="72" count="20" type="cond" truecount="2" falsecount="0"/>
        <line num="82" count="0" type="cond" truecount="2" falsecount="0"/>
        <line num="105" count="0" type="cond" truecount="2" falsecount="0"/>
        <line num="124" count="0" type="cond" truecount="2" falsecount="0"/>
        <line num="127" count="60" type="stmt"/>
        <line num="154" count="22" type="stmt"/>
        <line num="159" count="3" type="stmt"/>
        <line num="161" count="0" type="stmt"/>
        <line num="170" count="1" type="stmt"/>
        <line num="179" count="3" type="stmt"/>
        <line num="181" count="0" type="stmt"/>
        <line num="190" count="1" type="stmt"/>
        <line num="209" count="1" type="stmt"/>
        <line num="229" count="3" type="stmt"/>
        <line num="233" count="1" type="cond" truecount="2" falsecount="0"/>
      </file>
      <file name="FlashMessages.vue" path="/var/www/html/resources/ts/Components/FlashMessages.vue">
        <metrics statements="11" coveredstatements="11" conditionals="11" coveredconditionals="11" methods="2" coveredmethods="2"/>
        <line num="5" count="5" type="stmt"/>
        <line num="6" count="5" type="stmt"/>
        <line num="8" count="5" type="stmt"/>
        <line num="11" count="5" type="cond" truecount="2" falsecount="0"/>
        <line num="12" count="4" type="stmt"/>
        <line num="13" count="4" type="stmt"/>
        <line num="14" count="1" type="stmt"/>
        <line num="24" count="6" type="cond" truecount="3" falsecount="0"/>
        <line num="28" count="16" type="stmt"/>
        <line num="33" count="16" type="stmt"/>
        <line num="36" count="16" type="stmt"/>
      </file>
      <file name="LocationFields.vue" path="/var/www/html/resources/ts/Components/LocationFields.vue">
        <metrics statements="11" coveredstatements="7" conditionals="32" coveredconditionals="32" methods="8" coveredmethods="4"/>
        <line num="14" count="9" type="stmt"/>
        <line num="15" count="1" type="stmt"/>
        <line num="23" count="1" type="cond" truecount="2" falsecount="0"/>
        <line num="32" count="1" type="stmt"/>
        <line num="40" count="0" type="cond" truecount="2" falsecount="0"/>
        <line num="55" count="1" type="cond" truecount="2" falsecount="0"/>
        <line num="69" count="1" type="cond" truecount="2" falsecount="0"/>
        <line num="85" count="0" type="cond" truecount="2" falsecount="0"/>
        <line num="101" count="0" type="cond" truecount="2" falsecount="0"/>
        <line num="115" count="1" type="cond" truecount="2" falsecount="0"/>
        <line num="132" count="0" type="cond" truecount="2" falsecount="0"/>
      </file>
      <file name="LocationModal.vue" path="/var/www/html/resources/ts/Components/LocationModal.vue">
        <metrics statements="59" coveredstatements="20" conditionals="121" coveredconditionals="80" methods="24" coveredmethods="5"/>
        <line num="6" count="12" type="stmt"/>
        <line num="13" count="12" type="stmt"/>
        <line num="17" count="12" type="stmt"/>
        <line num="28" count="12" type="stmt"/>
        <line num="31" count="0" type="stmt"/>
        <line num="33" count="0" type="cond" truecount="0" falsecount="2"/>
        <line num="34" count="0" type="stmt"/>
        <line num="36" count="0" type="stmt"/>
        <line num="40" count="0" type="stmt"/>
        <line num="42" count="0" type="cond" truecount="0" falsecount="2"/>
        <line num="43" count="0" type="stmt"/>
        <line num="46" count="0" type="stmt"/>
        <line num="51" count="0" type="cond" truecount="0" falsecount="2"/>
        <line num="53" count="0" type="cond" truecount="0" falsecount="2"/>
        <line num="54" count="0" type="stmt"/>
        <line num="56" count="0" type="stmt"/>
        <line num="60" count="12" type="stmt"/>
        <line num="61" count="12" type="stmt"/>
        <line num="63" count="0" type="cond" truecount="0" falsecount="4"/>
        <line num="64" count="0" type="cond" truecount="0" falsecount="2"/>
        <line num="65" count="0" type="cond" truecount="0" falsecount="2"/>
        <line num="66" count="0" type="stmt"/>
        <line num="67" count="0" type="cond" truecount="0" falsecount="2"/>
        <line num="68" count="0" type="stmt"/>
        <line num="69" count="0" type="stmt"/>
        <line num="70" count="0" type="stmt"/>
        <line num="71" count="0" type="cond" truecount="0" falsecount="2"/>
        <line num="72" count="0" type="cond" truecount="0" falsecount="2"/>
        <line num="73" count="0" type="stmt"/>
        <line num="79" count="2" type="cond" truecount="2" falsecount="0"/>
        <line num="80" count="1" type="stmt"/>
        <line num="84" count="0" type="stmt"/>
        <line num="88" count="1" type="stmt"/>
        <line num="90" count="0" type="stmt"/>
        <line num="97" count="12" type="stmt"/>
        <line num="100" count="3" type="stmt"/>
        <line num="104" count="1" type="cond" truecount="2" falsecount="0"/>
        <line num="120" count="3" type="stmt"/>
        <line num="122" count="3" type="stmt"/>
        <line num="130" count="3" type="stmt"/>
        <line num="137" count="0" type="cond" truecount="2" falsecount="0"/>
        <line num="146" count="0" type="cond" truecount="2" falsecount="0"/>
        <line num="172" count="0" type="cond" truecount="2" falsecount="0"/>
        <line num="183" count="0" type="cond" truecount="2" falsecount="0"/>
        <line num="215" count="0" type="cond" truecount="2" falsecount="0"/>
        <line num="223" count="0" type="cond" truecount="2" falsecount="0"/>
        <line num="249" count="0" type="cond" truecount="2" falsecount="0"/>
        <line num="254" count="3" type="stmt"/>
        <line num="261" count="0" type="cond" truecount="2" falsecount="0"/>
        <line num="269" count="0" type="cond" truecount="2" falsecount="0"/>
        <line num="292" count="0" type="cond" truecount="2" falsecount="0"/>
        <line num="300" count="0" type="cond" truecount="2" falsecount="0"/>
        <line num="321" count="3" type="stmt"/>
        <line num="328" count="0" type="cond" truecount="2" falsecount="0"/>
        <line num="335" count="0" type="cond" truecount="2" falsecount="0"/>
        <line num="345" count="33" type="stmt"/>
        <line num="374" count="0" type="cond" truecount="2" falsecount="0"/>
        <line num="383" count="3" type="stmt"/>
        <line num="400" count="1" type="cond" truecount="2" falsecount="0"/>
      </file>
      <file name="MoneyDisplay.vue" path="/var/www/html/resources/ts/Components/MoneyDisplay.vue">
        <metrics statements="3" coveredstatements="3" conditionals="0" coveredconditionals="0" methods="1" coveredmethods="1"/>
        <line num="6" count="3" type="stmt"/>
        <line num="11" count="3" type="stmt"/>
        <line num="15" count="3" type="stmt"/>
      </file>
      <file name="StatusBadge.vue" path="/var/www/html/resources/ts/Components/StatusBadge.vue">
        <metrics statements="5" coveredstatements="5" conditionals="0" coveredconditionals="0" methods="1" coveredmethods="1"/>
        <line num="5" count="7" type="stmt"/>
        <line num="9" count="7" type="stmt"/>
        <line num="10" count="7" type="stmt"/>
        <line num="25" count="7" type="stmt"/>
        <line num="30" count="7" type="stmt"/>
      </file>
      <file name="TipTapEditor.vue" path="/var/www/html/resources/ts/Components/TipTapEditor.vue">
        <metrics statements="20" coveredstatements="7" conditionals="49" coveredconditionals="43" methods="13" coveredmethods="1"/>
        <line num="9" count="14" type="stmt"/>
        <line num="14" count="14" type="stmt"/>
        <line num="18" count="14" type="stmt"/>
        <line num="39" count="0" type="stmt"/>
        <line num="43" count="14" type="stmt"/>
        <line num="44" count="14" type="stmt"/>
        <line num="46" count="0" type="cond" truecount="0" falsecount="4"/>
        <line num="47" count="0" type="stmt"/>
        <line num="53" count="0" type="stmt"/>
        <line num="56" count="14" type="stmt"/>
        <line num="60" count="14" type="stmt"/>
        <line num="71" count="0" type="cond" truecount="2" falsecount="0"/>
        <line num="98" count="0" type="cond" truecount="2" falsecount="0"/>
        <line num="119" count="0" type="cond" truecount="2" falsecount="0"/>
        <line num="145" count="0" type="cond" truecount="2" falsecount="0"/>
        <line num="158" count="0" type="cond" truecount="2" falsecount="0"/>
        <line num="172" count="0" type="cond" truecount="2" falsecount="0"/>
        <line num="193" count="0" type="cond" truecount="2" falsecount="0"/>
        <line num="214" count="0" type="cond" truecount="2" falsecount="0"/>
        <line num="237" count="0" type="cond" truecount="2" falsecount="2"/>
      </file>
    </package>
    <package name="Components.Invoice">
      <metrics statements="276" coveredstatements="193" conditionals="428" coveredconditionals="325" methods="107" coveredmethods="52"/>
      <file name="EmailModal.vue" path="/var/www/html/resources/ts/Components/Invoice/EmailModal.vue">
        <metrics statements="93" coveredstatements="72" conditionals="81" coveredconditionals="63" methods="34" coveredmethods="17"/>
        <line num="7" count="34" type="stmt"/>
        <line num="13" count="34" type="stmt"/>
        <line num="17" count="34" type="stmt"/>
        <line num="18" count="34" type="stmt"/>
        <line num="20" count="34" type="stmt"/>
        <line num="22" count="32" type="cond" truecount="1" falsecount="1"/>
        <line num="25" count="34" type="stmt"/>
        <line num="26" count="0" type="cond" truecount="0" falsecount="2"/>
        <line num="29" count="34" type="stmt"/>
        <line num="30" count="0" type="cond" truecount="0" falsecount="2"/>
        <line num="33" count="34" type="stmt"/>
        <line num="34" count="32" type="cond" truecount="2" falsecount="0"/>
        <line num="36" count="32" type="stmt"/>
        <line num="46" count="34" type="stmt"/>
        <line num="47" count="34" type="stmt"/>
        <line num="49" count="34" type="stmt"/>
        <line num="57" count="34" type="stmt"/>
        <line num="58" count="34" type="stmt"/>
        <line num="61" count="2" type="stmt"/>
        <line num="63" count="2" type="stmt"/>
        <line num="64" count="2" type="stmt"/>
        <line num="75" count="2" type="cond" truecount="1" falsecount="1"/>
        <line num="76" count="2" type="stmt"/>
        <line num="77" count="2" type="stmt"/>
        <line num="78" count="2" type="stmt"/>
        <line num="81" count="2" type="stmt"/>
        <line num="86" count="34" type="stmt"/>
        <line num="87" count="34" type="stmt"/>
        <line num="89" count="0" type="cond" truecount="0" falsecount="2"/>
        <line num="91" count="0" type="cond" truecount="0" falsecount="2"/>
        <line num="92" count="0" type="stmt"/>
        <line num="94" count="0" type="stmt"/>
        <line num="95" count="0" type="stmt"/>
        <line num="96" count="0" type="stmt"/>
        <line num="97" count="0" type="stmt"/>
        <line num="98" count="0" type="stmt"/>
        <line num="99" count="0" type="stmt"/>
        <line num="101" count="0" type="stmt"/>
        <line num="107" count="34" type="stmt"/>
        <line num="108" count="2" type="cond" truecount="3" falsecount="1"/>
        <line num="109" count="2" type="stmt"/>
        <line num="114" count="1" type="stmt"/>
        <line num="116" count="1" type="cond" truecount="3" falsecount="1"/>
        <line num="117" count="1" type="stmt"/>
        <line num="120" count="1" type="stmt"/>
        <line num="124" count="0" type="stmt"/>
        <line num="128" count="1" type="stmt"/>
        <line num="130" count="1" type="cond" truecount="3" falsecount="1"/>
        <line num="131" count="1" type="stmt"/>
        <line num="134" count="1" type="stmt"/>
        <line num="138" count="0" type="stmt"/>
        <line num="142" count="2" type="stmt"/>
        <line num="144" count="0" type="stmt"/>
        <line num="151" count="42" type="cond" truecount="1" falsecount="0"/>
        <line num="153" count="0" type="cond" truecount="2" falsecount="0"/>
        <line num="162" count="7" type="stmt"/>
        <line num="164" count="7" type="stmt"/>
        <line num="170" count="2" type="cond" truecount="2" falsecount="0"/>
        <line num="189" count="7" type="stmt"/>
        <line num="191" count="7" type="stmt"/>
        <line num="192" count="7" type="stmt"/>
        <line num="196" count="7" type="stmt"/>
        <line num="198" count="2" type="cond" truecount="2" falsecount="0"/>
        <line num="201" count="160" type="stmt"/>
        <line num="227" count="7" type="stmt"/>
        <line num="228" count="7" type="stmt"/>
        <line num="233" count="7" type="stmt"/>
        <line num="235" count="7" type="stmt"/>
        <line num="237" count="1" type="stmt"/>
        <line num="242" count="7" type="stmt"/>
        <line num="248" count="0" type="stmt"/>
        <line num="264" count="1" type="cond" truecount="2" falsecount="0"/>
        <line num="282" count="7" type="stmt"/>
        <line num="283" count="7" type="stmt"/>
        <line num="288" count="7" type="stmt"/>
        <line num="290" count="7" type="stmt"/>
        <line num="292" count="1" type="stmt"/>
        <line num="297" count="7" type="stmt"/>
        <line num="303" count="0" type="stmt"/>
        <line num="319" count="1" type="cond" truecount="2" falsecount="0"/>
        <line num="331" count="7" type="stmt"/>
        <line num="332" count="7" type="stmt"/>
        <line num="337" count="0" type="cond" truecount="2" falsecount="0"/>
        <line num="351" count="7" type="stmt"/>
        <line num="353" count="0" type="cond" truecount="2" falsecount="0"/>
        <line num="365" count="7" type="stmt"/>
        <line num="370" count="7" type="stmt"/>
        <line num="373" count="0" type="cond" truecount="2" falsecount="0"/>
        <line num="377" count="7" type="stmt"/>
        <line num="378" count="7" type="stmt"/>
        <line num="381" count="7" type="stmt"/>
        <line num="396" count="7" type="stmt"/>
        <line num="401" count="2" type="cond" truecount="2" falsecount="0"/>
      </file>
      <file name="InvoiceForm.vue" path="/var/www/html/resources/ts/Components/Invoice/InvoiceForm.vue">
        <metrics statements="100" coveredstatements="65" conditionals="244" coveredconditionals="186" methods="45" coveredmethods="23"/>
        <line num="18" count="56" type="stmt"/>
        <line num="37" count="56" type="stmt"/>
        <line num="38" count="56" type="stmt"/>
        <line num="39" count="56" type="stmt"/>
        <line num="40" count="56" type="stmt"/>
        <line num="43" count="56" type="stmt"/>
        <line num="44" count="0" type="cond" truecount="0" falsecount="2"/>
        <line num="45" count="0" type="stmt"/>
        <line num="46" count="0" type="stmt"/>
        <line num="51" count="56" type="stmt"/>
        <line num="52" count="0" type="cond" truecount="0" falsecount="2"/>
        <line num="53" count="0" type="stmt"/>
        <line num="59" count="56" type="cond" truecount="4" falsecount="0"/>
        <line num="60" count="5" type="stmt"/>
        <line num="69" count="51" type="stmt"/>
        <line num="80" count="56" type="stmt"/>
        <line num="81" count="56" type="stmt"/>
        <line num="84" count="56" type="stmt"/>
        <line num="88" count="56" type="stmt"/>
        <line num="90" count="88" type="cond" truecount="2" falsecount="0"/>
        <line num="93" count="56" type="stmt"/>
        <line num="94" count="13" type="cond" truecount="1" falsecount="1"/>
        <line num="97" count="56" type="stmt"/>
        <line num="99" count="56" type="cond" truecount="2" falsecount="1"/>
        <line num="105" count="56" type="stmt"/>
        <line num="141" count="5" type="stmt"/>
        <line num="148" count="56" type="stmt"/>
        <line num="149" count="0" type="stmt"/>
        <line num="151" count="0" type="cond" truecount="0" falsecount="2"/>
        <line num="152" count="0" type="stmt"/>
        <line num="153" count="0" type="stmt"/>
        <line num="155" count="0" type="stmt"/>
        <line num="158" count="0" type="stmt"/>
        <line num="160" count="0" type="cond" truecount="0" falsecount="2"/>
        <line num="161" count="0" type="stmt"/>
        <line num="162" count="0" type="cond" truecount="0" falsecount="2"/>
        <line num="163" count="0" type="cond" truecount="0" falsecount="3"/>
        <line num="164" count="0" type="stmt"/>
        <line num="165" count="0" type="stmt"/>
        <line num="170" count="2" type="stmt"/>
        <line num="180" count="0" type="cond" truecount="0" falsecount="2"/>
        <line num="181" count="0" type="stmt"/>
        <line num="186" count="0" type="stmt"/>
        <line num="190" count="5" type="stmt"/>
        <line num="192" count="5" type="cond" truecount="2" falsecount="0"/>
        <line num="193" count="2" type="stmt"/>
        <line num="197" count="3" type="stmt"/>
        <line num="204" count="2" type="stmt"/>
        <line num="207" count="56" type="stmt"/>
        <line num="208" count="16" type="stmt"/>
        <line num="211" count="56" type="stmt"/>
        <line num="212" count="13" type="stmt"/>
        <line num="213" count="16" type="stmt"/>
        <line num="217" count="56" type="stmt"/>
        <line num="218" count="56" type="cond" truecount="1" falsecount="1"/>
        <line num="222" count="58" type="stmt"/>
        <line num="225" count="5" type="stmt"/>
        <line num="229" count="0" type="cond" truecount="2" falsecount="0"/>
        <line num="243" count="0" type="cond" truecount="2" falsecount="0"/>
        <line num="287" count="5" type="stmt"/>
        <line num="296" count="0" type="cond" truecount="2" falsecount="0"/>
        <line num="300" count="57" type="stmt"/>
        <line num="332" count="5" type="stmt"/>
        <line num="336" count="5" type="stmt"/>
        <line num="343" count="0" type="cond" truecount="2" falsecount="0"/>
        <line num="358" count="0" type="cond" truecount="2" falsecount="0"/>
        <line num="361" count="217" type="stmt"/>
        <line num="389" count="0" type="cond" truecount="2" falsecount="0"/>
        <line num="393" count="41" type="stmt"/>
        <line num="420" count="0" type="cond" truecount="2" falsecount="0"/>
        <line num="438" count="0" type="cond" truecount="2" falsecount="0"/>
        <line num="453" count="5" type="stmt"/>
        <line num="454" count="5" type="stmt"/>
        <line num="456" count="5" type="stmt"/>
        <line num="463" count="0" type="cond" truecount="2" falsecount="0"/>
        <line num="467" count="101" type="stmt"/>
        <line num="511" count="0" type="cond" truecount="2" falsecount="0"/>
        <line num="515" count="23" type="stmt"/>
        <line num="588" count="5" type="stmt"/>
        <line num="602" count="0" type="cond" truecount="2" falsecount="0"/>
        <line num="606" count="23" type="stmt"/>
        <line num="685" count="5" type="stmt"/>
        <line num="699" count="5" type="stmt"/>
        <line num="700" count="5" type="stmt"/>
        <line num="735" count="5" type="stmt"/>
        <line num="736" count="60" type="stmt"/>
        <line num="745" count="0" type="stmt"/>
        <line num="746" count="0" type="stmt"/>
        <line num="753" count="5" type="stmt"/>
        <line num="754" count="5" type="stmt"/>
        <line num="755" count="5" type="stmt"/>
        <line num="757" count="5" type="stmt"/>
        <line num="761" count="5" type="stmt"/>
        <line num="763" count="5" type="stmt"/>
        <line num="768" count="5" type="stmt"/>
        <line num="773" count="5" type="stmt"/>
        <line num="782" count="5" type="stmt"/>
        <line num="787" count="0" type="cond" truecount="2" falsecount="0"/>
        <line num="801" count="5" type="stmt"/>
        <line num="832" count="0" type="cond" truecount="2" falsecount="0"/>
      </file>
      <file name="ItemRow.vue" path="/var/www/html/resources/ts/Components/Invoice/ItemRow.vue">
        <metrics statements="38" coveredstatements="25" conditionals="48" coveredconditionals="30" methods="14" coveredmethods="6"/>
        <line num="8" count="8" type="stmt"/>
        <line num="17" count="8" type="stmt"/>
        <line num="22" count="8" type="stmt"/>
        <line num="24" count="8" type="stmt"/>
        <line num="25" count="8" type="cond" truecount="1" falsecount="1"/>
        <line num="28" count="8" type="stmt"/>
        <line num="31" count="1" type="stmt"/>
        <line num="33" count="1" type="cond" truecount="1" falsecount="1"/>
        <line num="38" count="0" type="cond" truecount="0" falsecount="2"/>
        <line num="40" count="1" type="stmt"/>
        <line num="43" count="1" type="stmt"/>
        <line num="47" count="0" type="cond" truecount="0" falsecount="2"/>
        <line num="48" count="0" type="stmt"/>
        <line num="51" count="0" type="stmt"/>
        <line num="52" count="0" type="stmt"/>
        <line num="55" count="0" type="cond" truecount="0" falsecount="2"/>
        <line num="56" count="0" type="stmt"/>
        <line num="61" count="33" type="stmt"/>
        <line num="66" count="8" type="stmt"/>
        <line num="67" count="6" type="stmt"/>
        <line num="73" count="1" type="cond" truecount="2" falsecount="0"/>
        <line num="84" count="6" type="stmt"/>
        <line num="90" count="0" type="cond" truecount="2" falsecount="2"/>
        <line num="108" count="6" type="stmt"/>
        <line num="114" count="0" type="cond" truecount="2" falsecount="0"/>
        <line num="125" count="6" type="stmt"/>
        <line num="126" count="6" type="stmt"/>
        <line num="128" count="6" type="stmt"/>
        <line num="138" count="0" type="cond" truecount="2" falsecount="0"/>
        <line num="154" count="6" type="stmt"/>
        <line num="155" count="6" type="stmt"/>
        <line num="164" count="0" type="cond" truecount="2" falsecount="0"/>
        <line num="186" count="0" type="cond" truecount="0" falsecount="2"/>
        <line num="191" count="0" type="stmt"/>
        <line num="196" count="6" type="stmt"/>
        <line num="197" count="6" type="stmt"/>
        <line num="201" count="6" type="stmt"/>
        <line num="207" count="1" type="cond" truecount="2" falsecount="0"/>
      </file>
      <file name="PaymentModal.vue" path="/var/www/html/resources/ts/Components/Invoice/PaymentModal.vue">
        <metrics statements="45" coveredstatements="31" conditionals="55" coveredconditionals="46" methods="14" coveredmethods="6"/>
        <line num="7" count="13" type="stmt"/>
        <line num="12" count="13" type="stmt"/>
        <line num="16" count="13" type="stmt"/>
        <line num="17" count="12" type="cond" truecount="1" falsecount="1"/>
        <line num="18" count="12" type="cond" truecount="1" falsecount="1"/>
        <line num="20" count="12" type="stmt"/>
        <line num="23" count="13" type="stmt"/>
        <line num="31" count="13" type="stmt"/>
        <line num="32" count="13" type="stmt"/>
        <line num="34" count="0" type="cond" truecount="0" falsecount="2"/>
        <line num="35" count="0" type="stmt"/>
        <line num="36" count="0" type="stmt"/>
        <line num="37" count="0" type="stmt"/>
        <line num="38" count="0" type="stmt"/>
        <line num="39" count="0" type="stmt"/>
        <line num="40" count="0" type="stmt"/>
        <line num="46" count="1" type="stmt"/>
        <line num="48" count="0" type="stmt"/>
        <line num="53" count="36" type="stmt"/>
        <line num="59" count="13" type="cond" truecount="1" falsecount="0"/>
        <line num="61" count="0" type="cond" truecount="2" falsecount="0"/>
        <line num="70" count="3" type="stmt"/>
        <line num="76" count="3" type="stmt"/>
        <line num="82" count="1" type="cond" truecount="2" falsecount="0"/>
        <line num="101" count="3" type="stmt"/>
        <line num="102" count="3" type="stmt"/>
        <line num="104" count="3" type="stmt"/>
        <line num="108" count="3" type="stmt"/>
        <line num="110" count="3" type="stmt"/>
        <line num="115" count="3" type="stmt"/>
        <line num="118" count="3" type="stmt"/>
        <line num="125" count="3" type="stmt"/>
        <line num="129" count="3" type="stmt"/>
        <line num="131" count="3" type="stmt"/>
        <line num="140" count="0" type="cond" truecount="2" falsecount="0"/>
        <line num="159" count="3" type="stmt"/>
        <line num="164" count="0" type="cond" truecount="2" falsecount="0"/>
        <line num="177" count="3" type="stmt"/>
        <line num="182" count="0" type="cond" truecount="2" falsecount="0"/>
        <line num="197" count="3" type="stmt"/>
        <line num="202" count="0" type="cond" truecount="2" falsecount="0"/>
        <line num="210" count="3" type="stmt"/>
        <line num="215" count="0" type="cond" truecount="2" falsecount="0"/>
        <line num="223" count="3" type="stmt"/>
        <line num="227" count="1" type="cond" truecount="2" falsecount="0"/>
      </file>
    </package>
    <package name="Components.ui.breadcrumb">
      <metrics statements="8" coveredstatements="8" conditionals="0" coveredconditionals="0" methods="2" coveredmethods="2"/>
      <file name="Breadcrumb.vue" path="/var/www/html/resources/ts/Components/ui/breadcrumb/Breadcrumb.vue">
        <metrics statements="2" coveredstatements="2" conditionals="0" coveredconditionals="0" methods="0" coveredmethods="0"/>
        <line num="8" count="25" type="stmt"/>
        <line num="9" count="4" type="stmt"/>
      </file>
      <file name="BreadcrumbItem.vue" path="/var/www/html/resources/ts/Components/ui/breadcrumb/BreadcrumbItem.vue">
        <metrics statements="1" coveredstatements="1" conditionals="0" coveredconditionals="0" methods="0" coveredmethods="0"/>
        <line num="2" count="50" type="stmt"/>
      </file>
      <file name="BreadcrumbLink.vue" path="/var/www/html/resources/ts/Components/ui/breadcrumb/BreadcrumbLink.vue">
        <metrics statements="2" coveredstatements="2" conditionals="0" coveredconditionals="0" methods="1" coveredmethods="1"/>
        <line num="10" count="25" type="stmt"/>
        <line num="14" count="25" type="stmt"/>
      </file>
      <file name="BreadcrumbPage.vue" path="/var/www/html/resources/ts/Components/ui/breadcrumb/BreadcrumbPage.vue">
        <metrics statements="1" coveredstatements="1" conditionals="0" coveredconditionals="0" methods="0" coveredmethods="0"/>
        <line num="2" count="25" type="stmt"/>
      </file>
      <file name="BreadcrumbSeparator.vue" path="/var/www/html/resources/ts/Components/ui/breadcrumb/BreadcrumbSeparator.vue">
        <metrics statements="2" coveredstatements="2" conditionals="0" coveredconditionals="0" methods="1" coveredmethods="1"/>
        <line num="6" count="25" type="stmt"/>
        <line num="9" count="25" type="stmt"/>
      </file>
      <file name="index.ts" path="/var/www/html/resources/ts/Components/ui/breadcrumb/index.ts">
        <metrics statements="0" coveredstatements="0" conditionals="0" coveredconditionals="0" methods="0" coveredmethods="0"/>
      </file>
    </package>
    <package name="Layouts">
      <metrics statements="68" coveredstatements="55" conditionals="80" coveredconditionals="48" methods="26" coveredmethods="17"/>
      <file name="AppLayout.vue" path="/var/www/html/resources/ts/Layouts/AppLayout.vue">
        <metrics statements="4" coveredstatements="4" conditionals="4" coveredconditionals="0" methods="0" coveredmethods="0"/>
        <line num="12" count="15" type="stmt"/>
        <line num="26" count="15" type="stmt"/>
        <line num="32" count="15" type="stmt"/>
        <line num="33" count="15" type="stmt"/>
      </file>
      <file name="GuestLayout.vue" path="/var/www/html/resources/ts/Layouts/GuestLayout.vue">
        <metrics statements="6" coveredstatements="6" conditionals="2" coveredconditionals="1" methods="0" coveredmethods="0"/>
        <line num="4" count="4" type="cond" truecount="1" falsecount="1"/>
        <line num="12" count="4" type="stmt"/>
        <line num="13" count="1" type="stmt"/>
        <line num="18" count="1" type="stmt"/>
        <line num="19" count="1" type="stmt"/>
        <line num="26" count="1" type="stmt"/>
      </file>
      <file name="NavigationMenu.vue" path="/var/www/html/resources/ts/Layouts/NavigationMenu.vue">
        <metrics statements="49" coveredstatements="43" conditionals="62" coveredconditionals="47" methods="21" coveredmethods="17"/>
        <line num="11" count="7" type="cond" truecount="1" falsecount="1"/>
        <line num="12" count="7" type="stmt"/>
        <line num="13" count="7" type="stmt"/>
        <line num="14" count="7" type="stmt"/>
        <line num="16" count="7" type="cond" truecount="1" falsecount="1"/>
        <line num="31" count="1" type="stmt"/>
        <line num="35" count="126" type="stmt"/>
        <line num="39" count="7" type="stmt"/>
        <line num="40" count="0" type="stmt"/>
        <line num="41" count="0" type="stmt"/>
        <line num="46" count="0" type="stmt"/>
        <line num="48" count="0" type="cond" truecount="0" falsecount="4"/>
        <line num="49" count="0" type="stmt"/>
        <line num="53" count="7" type="stmt"/>
        <line num="54" count="7" type="stmt"/>
        <line num="58" count="16" type="stmt"/>
        <line num="59" count="16" type="stmt"/>
        <line num="60" count="16" type="stmt"/>
        <line num="62" count="16" type="stmt"/>
        <line num="63" count="16" type="stmt"/>
        <line num="65" count="16" type="stmt"/>
        <line num="67" count="7" type="stmt"/>
        <line num="71" count="16" type="stmt"/>
        <line num="82" count="7" type="cond" truecount="2" falsecount="0"/>
        <line num="94" count="7" type="cond" truecount="2" falsecount="0"/>
        <line num="105" count="7" type="cond" truecount="2" falsecount="0"/>
        <line num="116" count="7" type="cond" truecount="2" falsecount="0"/>
        <line num="128" count="7" type="cond" truecount="2" falsecount="0"/>
        <line num="133" count="16" type="stmt"/>
        <line num="147" count="2" type="cond" truecount="2" falsecount="0"/>
        <line num="160" count="16" type="stmt"/>
        <line num="169" count="16" type="stmt"/>
        <line num="171" count="16" type="stmt"/>
        <line num="179" count="7" type="cond" truecount="2" falsecount="0"/>
        <line num="191" count="16" type="stmt"/>
        <line num="194" count="0" type="cond" truecount="2" falsecount="0"/>
        <line num="229" count="16" type="stmt"/>
        <line num="230" count="16" type="stmt"/>
        <line num="239" count="7" type="cond" truecount="2" falsecount="0"/>
        <line num="250" count="7" type="cond" truecount="2" falsecount="0"/>
        <line num="260" count="7" type="cond" truecount="2" falsecount="0"/>
        <line num="270" count="7" type="cond" truecount="2" falsecount="0"/>
        <line num="281" count="7" type="cond" truecount="2" falsecount="0"/>
        <line num="284" count="16" type="stmt"/>
        <line num="285" count="16" type="stmt"/>
        <line num="286" count="16" type="stmt"/>
        <line num="289" count="16" type="stmt"/>
        <line num="293" count="16" type="stmt"/>
        <line num="297" count="7" type="cond" truecount="2" falsecount="0"/>
      </file>
      <file name="SettingsLayout.vue" path="/var/www/html/resources/ts/Layouts/SettingsLayout.vue">
        <metrics statements="9" coveredstatements="2" conditionals="12" coveredconditionals="0" methods="5" coveredmethods="0"/>
        <line num="9" count="0" type="stmt"/>
        <line num="12" count="0" type="stmt"/>
        <line num="17" count="0" type="cond" truecount="0" falsecount="2"/>
        <line num="21" count="0" type="cond" truecount="0" falsecount="2"/>
        <line num="24" count="2" type="stmt"/>
        <line num="27" count="2" type="stmt"/>
        <line num="38" count="0" type="cond" truecount="0" falsecount="2"/>
        <line num="48" count="0" type="cond" truecount="0" falsecount="2"/>
        <line num="52" count="0" type="stmt"/>
      </file>
    </package>
    <package name="Pages">
      <metrics statements="71" coveredstatements="71" conditionals="62" coveredconditionals="54" methods="17" coveredmethods="17"/>
      <file name="Dashboard.vue" path="/var/www/html/resources/ts/Pages/Dashboard.vue">
        <metrics statements="71" coveredstatements="71" conditionals="62" coveredconditionals="54" methods="17" coveredmethods="17"/>
        <line num="77" count="24" type="stmt"/>
        <line num="91" count="24" type="cond" truecount="1" falsecount="1"/>
        <line num="94" count="260" type="stmt"/>
        <line num="97" count="24" type="stmt"/>
        <line num="107" count="2" type="stmt"/>
        <line num="108" count="2" type="stmt"/>
        <line num="123" count="24" type="stmt"/>
        <line num="124" count="48" type="stmt"/>
        <line num="129" count="96" type="cond" truecount="1" falsecount="1"/>
        <line num="131" count="96" type="stmt"/>
        <line num="134" count="24" type="stmt"/>
        <line num="135" count="46" type="stmt"/>
        <line num="140" count="24" type="stmt"/>
        <line num="144" count="24" type="cond" truecount="2" falsecount="0"/>
        <line num="147" count="1" type="stmt"/>
        <line num="150" count="1" type="stmt"/>
        <line num="153" count="1" type="stmt"/>
        <line num="165" count="144" type="stmt"/>
        <line num="177" count="1" type="stmt"/>
        <line num="180" count="1" type="stmt"/>
        <line num="200" count="1" type="stmt"/>
        <line num="203" count="1" type="stmt"/>
        <line num="210" count="1" type="stmt"/>
        <line num="230" count="1" type="stmt"/>
        <line num="233" count="1" type="stmt"/>
        <line num="239" count="1" type="stmt"/>
        <line num="259" count="1" type="stmt"/>
        <line num="275" count="1" type="stmt"/>
        <line num="295" count="1" type="stmt"/>
        <line num="298" count="1" type="stmt"/>
        <line num="309" count="1" type="stmt"/>
        <line num="311" count="1" type="stmt"/>
        <line num="315" count="1" type="stmt"/>
        <line num="324" count="1" type="stmt"/>
        <line num="326" count="1" type="stmt"/>
        <line num="331" count="1" type="stmt"/>
        <line num="346" count="1" type="stmt"/>
        <line num="350" count="1" type="stmt"/>
        <line num="351" count="48" type="stmt"/>
        <line num="357" count="1" type="stmt"/>
        <line num="377" count="1" type="stmt"/>
        <line num="402" count="1" type="stmt"/>
        <line num="404" count="1" type="stmt"/>
        <line num="409" count="23" type="stmt"/>
        <line num="415" count="1" type="stmt"/>
        <line num="418" count="1" type="stmt"/>
        <line num="427" count="1" type="stmt"/>
        <line num="428" count="1" type="stmt"/>
        <line num="449" count="1" type="stmt"/>
        <line num="450" count="1" type="stmt"/>
        <line num="460" count="23" type="stmt"/>
        <line num="466" count="1" type="stmt"/>
        <line num="469" count="1" type="stmt"/>
        <line num="473" count="1" type="stmt"/>
        <line num="474" count="1" type="stmt"/>
        <line num="482" count="1" type="stmt"/>
        <line num="511" count="1" type="stmt"/>
        <line num="513" count="1" type="stmt"/>
        <line num="520" count="23" type="stmt"/>
        <line num="526" count="1" type="stmt"/>
        <line num="529" count="1" type="stmt"/>
        <line num="534" count="1" type="stmt"/>
        <line num="535" count="1" type="stmt"/>
        <line num="548" count="1" type="stmt"/>
        <line num="553" count="23" type="stmt"/>
        <line num="559" count="1" type="stmt"/>
        <line num="562" count="1" type="stmt"/>
        <line num="575" count="1" type="stmt"/>
        <line num="576" count="1" type="stmt"/>
        <line num="584" count="1" type="stmt"/>
        <line num="692" count="24" type="stmt"/>
      </file>
    </package>
    <package name="Pages.Auth">
      <metrics statements="68" coveredstatements="61" conditionals="142" coveredconditionals="122" methods="30" coveredmethods="23"/>
      <file name="ConfirmPassword.vue" path="/var/www/html/resources/ts/Pages/Auth/ConfirmPassword.vue">
        <metrics statements="5" coveredstatements="4" conditionals="9" coveredconditionals="7" methods="3" coveredmethods="2"/>
        <line num="8" count="4" type="stmt"/>
        <line num="9" count="4" type="stmt"/>
        <line num="19" count="4" type="stmt"/>
        <line num="26" count="0" type="stmt"/>
        <line num="52" count="1" type="stmt"/>
      </file>
      <file name="ForgotPassword.vue" path="/var/www/html/resources/ts/Pages/Auth/ForgotPassword.vue">
        <metrics statements="6" coveredstatements="5" conditionals="11" coveredconditionals="9" methods="3" coveredmethods="2"/>
        <line num="12" count="5" type="stmt"/>
        <line num="13" count="5" type="stmt"/>
        <line num="25" count="5" type="stmt"/>
        <line num="31" count="0" type="stmt"/>
        <line num="37" count="1" type="stmt"/>
        <line num="57" count="1" type="stmt"/>
      </file>
      <file name="Login.vue" path="/var/www/html/resources/ts/Pages/Auth/Login.vue">
        <metrics statements="10" coveredstatements="9" conditionals="29" coveredconditionals="26" methods="5" coveredmethods="4"/>
        <line num="8" count="8" type="stmt"/>
        <line num="16" count="8" type="stmt"/>
        <line num="17" count="8" type="stmt"/>
        <line num="26" count="10" type="stmt"/>
        <line num="33" count="0" type="stmt"/>
        <line num="59" count="1" type="stmt"/>
        <line num="65" count="1" type="stmt"/>
        <line num="77" count="2" type="cond" truecount="2" falsecount="0"/>
        <line num="134" count="1" type="stmt"/>
        <line num="140" count="8" type="cond" truecount="2" falsecount="0"/>
      </file>
      <file name="Register.vue" path="/var/www/html/resources/ts/Pages/Auth/Register.vue">
        <metrics statements="16" coveredstatements="15" conditionals="53" coveredconditionals="47" methods="6" coveredmethods="5"/>
        <line num="8" count="8" type="stmt"/>
        <line num="9" count="8" type="stmt"/>
        <line num="13" count="8" type="stmt"/>
        <line num="14" count="8" type="stmt"/>
        <line num="19" count="10" type="stmt"/>
        <line num="26" count="0" type="stmt"/>
        <line num="52" count="1" type="stmt"/>
        <line num="71" count="1" type="stmt"/>
        <line num="77" count="1" type="stmt"/>
        <line num="89" count="1" type="cond" truecount="2" falsecount="0"/>
        <line num="137" count="1" type="stmt"/>
        <line num="143" count="1" type="stmt"/>
        <line num="155" count="1" type="cond" truecount="2" falsecount="0"/>
        <line num="205" count="1" type="stmt"/>
        <line num="235" count="1" type="stmt"/>
        <line num="241" count="8" type="cond" truecount="2" falsecount="0"/>
      </file>
      <file name="ResetPassword.vue" path="/var/www/html/resources/ts/Pages/Auth/ResetPassword.vue">
        <metrics statements="10" coveredstatements="8" conditionals="17" coveredconditionals="13" methods="4" coveredmethods="2"/>
        <line num="6" count="4" type="stmt"/>
        <line num="13" count="4" type="stmt"/>
        <line num="14" count="4" type="stmt"/>
        <line num="18" count="0" type="stmt"/>
        <line num="26" count="4" type="stmt"/>
        <line num="33" count="0" type="stmt"/>
        <line num="39" count="1" type="stmt"/>
        <line num="60" count="1" type="stmt"/>
        <line num="80" count="1" type="stmt"/>
        <line num="102" count="1" type="stmt"/>
      </file>
      <file name="TwoFactorChallenge.vue" path="/var/www/html/resources/ts/Pages/Auth/TwoFactorChallenge.vue">
        <metrics statements="14" coveredstatements="13" conditionals="17" coveredconditionals="14" methods="5" coveredmethods="4"/>
        <line num="7" count="6" type="stmt"/>
        <line num="8" count="6" type="stmt"/>
        <line num="9" count="6" type="stmt"/>
        <line num="12" count="3" type="stmt"/>
        <line num="13" count="3" type="stmt"/>
        <line num="14" count="3" type="cond" truecount="2" falsecount="0"/>
        <line num="15" count="2" type="stmt"/>
        <line num="17" count="1" type="stmt"/>
        <line num="24" count="6" type="stmt"/>
        <line num="25" count="9" type="stmt"/>
        <line num="27" count="1" type="stmt"/>
        <line num="38" count="9" type="stmt"/>
        <line num="44" count="0" type="stmt"/>
        <line num="93" count="1" type="stmt"/>
      </file>
      <file name="VerifyEmail.vue" path="/var/www/html/resources/ts/Pages/Auth/VerifyEmail.vue">
        <metrics statements="7" coveredstatements="7" conditionals="6" coveredconditionals="6" methods="4" coveredmethods="4"/>
        <line num="12" count="1" type="stmt"/>
        <line num="17" count="8" type="stmt"/>
        <line num="18" count="8" type="stmt"/>
        <line num="34" count="1" type="stmt"/>
        <line num="35" count="8" type="stmt"/>
        <line num="45" count="1" type="stmt"/>
        <line num="51" count="8" type="cond" truecount="2" falsecount="0"/>
      </file>
    </package>
    <package name="Pages.Customers">
      <metrics statements="121" coveredstatements="84" conditionals="80" coveredconditionals="52" methods="39" coveredmethods="18"/>
      <file name="Index.vue" path="/var/www/html/resources/ts/Pages/Customers/Index.vue">
        <metrics statements="121" coveredstatements="84" conditionals="80" coveredconditionals="52" methods="39" coveredmethods="18"/>
        <line num="19" count="23" type="stmt"/>
        <line num="26" count="23" type="stmt"/>
        <line num="28" count="23" type="stmt"/>
        <line num="29" count="26" type="cond" truecount="2" falsecount="0"/>
        <line num="30" count="23" type="stmt"/>
        <line num="33" count="3" type="stmt"/>
        <line num="35" count="3" type="stmt"/>
        <line num="36" count="5" type="stmt"/>
        <line num="38" count="5" type="stmt"/>
        <line num="46" count="23" type="stmt"/>
        <line num="47" count="23" type="stmt"/>
        <line num="49" count="23" type="stmt"/>
        <line num="57" count="3" type="stmt"/>
        <line num="58" count="3" type="stmt"/>
        <line num="59" count="3" type="stmt"/>
        <line num="60" count="3" type="stmt"/>
        <line num="61" count="3" type="stmt"/>
        <line num="65" count="2" type="stmt"/>
        <line num="66" count="2" type="stmt"/>
        <line num="67" count="2" type="cond" truecount="1" falsecount="1"/>
        <line num="68" count="2" type="cond" truecount="1" falsecount="1"/>
        <line num="69" count="2" type="cond" truecount="1" falsecount="1"/>
        <line num="72" count="2" type="stmt"/>
        <line num="73" count="2" type="stmt"/>
        <line num="77" count="0" type="cond" truecount="0" falsecount="2"/>
        <line num="78" count="0" type="stmt"/>
        <line num="81" count="0" type="stmt"/>
        <line num="85" count="0" type="stmt"/>
        <line num="88" count="0" type="stmt"/>
        <line num="95" count="1" type="stmt"/>
        <line num="99" count="23" type="stmt"/>
        <line num="100" count="23" type="stmt"/>
        <line num="103" count="3" type="stmt"/>
        <line num="104" count="3" type="stmt"/>
        <line num="107" count="23" type="stmt"/>
        <line num="110" count="2" type="cond" truecount="1" falsecount="1"/>
        <line num="111" count="0" type="stmt"/>
        <line num="114" count="2" type="stmt"/>
        <line num="116" count="2" type="stmt"/>
        <line num="117" count="2" type="stmt"/>
        <line num="118" count="2" type="stmt"/>
        <line num="121" count="2" type="stmt"/>
        <line num="123" count="0" type="stmt"/>
        <line num="125" count="0" type="cond" truecount="0" falsecount="2"/>
        <line num="126" count="0" type="stmt"/>
        <line num="127" count="0" type="stmt"/>
        <line num="133" count="0" type="stmt"/>
        <line num="139" count="23" type="stmt"/>
        <line num="140" count="23" type="stmt"/>
        <line num="141" count="23" type="stmt"/>
        <line num="144" count="23" type="stmt"/>
        <line num="147" count="0" type="cond" truecount="0" falsecount="2"/>
        <line num="148" count="0" type="stmt"/>
        <line num="150" count="0" type="stmt"/>
        <line num="152" count="0" type="stmt"/>
        <line num="157" count="2" type="stmt"/>
        <line num="158" count="2" type="stmt"/>
        <line num="159" count="2" type="stmt"/>
        <line num="163" count="0" type="stmt"/>
        <line num="164" count="0" type="stmt"/>
        <line num="165" count="0" type="stmt"/>
        <line num="169" count="0" type="stmt"/>
        <line num="170" count="0" type="stmt"/>
        <line num="173" count="23" type="stmt"/>
        <line num="174" count="23" type="stmt"/>
        <line num="179" count="0" type="stmt"/>
        <line num="180" count="0" type="stmt"/>
        <line num="184" count="0" type="cond" truecount="0" falsecount="2"/>
        <line num="185" count="0" type="stmt"/>
        <line num="188" count="0" type="stmt"/>
        <line num="193" count="0" type="stmt"/>
        <line num="194" count="0" type="stmt"/>
        <line num="201" count="0" type="stmt"/>
        <line num="211" count="33" type="cond" truecount="1" falsecount="1"/>
        <line num="215" count="28" type="stmt"/>
        <line num="217" count="28" type="cond" truecount="1" falsecount="1"/>
        <line num="218" count="0" type="stmt"/>
        <line num="221" count="28" type="stmt"/>
        <line num="226" count="23" type="stmt"/>
        <line num="239" count="39" type="stmt"/>
        <line num="242" count="2" type="stmt"/>
        <line num="244" count="2" type="stmt"/>
        <line num="245" count="2" type="stmt"/>
        <line num="260" count="3" type="cond" truecount="2" falsecount="0"/>
        <line num="272" count="2" type="stmt"/>
        <line num="293" count="2" type="stmt"/>
        <line num="295" count="2" type="stmt"/>
        <line num="318" count="2" type="stmt"/>
        <line num="319" count="2" type="stmt"/>
        <line num="355" count="2" type="stmt"/>
        <line num="360" count="2" type="stmt"/>
        <line num="361" count="2" type="stmt"/>
        <line num="366" count="0" type="stmt"/>
        <line num="389" count="2" type="stmt"/>
        <line num="394" count="2" type="stmt"/>
        <line num="399" count="2" type="stmt"/>
        <line num="404" count="2" type="stmt"/>
        <line num="409" count="2" type="stmt"/>
        <line num="414" count="2" type="stmt"/>
        <line num="419" count="2" type="stmt"/>
        <line num="426" count="2" type="stmt"/>
        <line num="433" count="3" type="stmt"/>
        <line num="448" count="2" type="stmt"/>
        <line num="454" count="0" type="stmt"/>
        <line num="459" count="2" type="stmt"/>
        <line num="461" count="2" type="stmt"/>
        <line num="472" count="2" type="stmt"/>
        <line num="483" count="2" type="stmt"/>
        <line num="491" count="0" type="stmt"/>
        <line num="503" count="0" type="stmt"/>
        <line num="515" count="0" type="stmt"/>
        <line num="550" count="2" type="stmt"/>
        <line num="598" count="2" type="stmt"/>
        <line num="599" count="2" type="stmt"/>
        <line num="601" count="2" type="stmt"/>
        <line num="605" count="2" type="stmt"/>
        <line num="612" count="2" type="stmt"/>
        <line num="627" count="0" type="stmt"/>
        <line num="639" count="39" type="stmt"/>
        <line num="658" count="0" type="cond" truecount="2" falsecount="0"/>
        <line num="669" count="0" type="cond" truecount="2" falsecount="0"/>
      </file>
    </package>
    <package name="Pages.EmailTemplates">
      <metrics statements="85" coveredstatements="64" conditionals="71" coveredconditionals="51" methods="29" coveredmethods="18"/>
      <file name="Edit.vue" path="/var/www/html/resources/ts/Pages/EmailTemplates/Edit.vue">
        <metrics statements="58" coveredstatements="37" conditionals="49" coveredconditionals="31" methods="22" coveredmethods="11"/>
        <line num="14" count="13" type="stmt"/>
        <line num="31" count="13" type="stmt"/>
        <line num="36" count="13" type="stmt"/>
        <line num="37" count="13" type="stmt"/>
        <line num="38" count="13" type="stmt"/>
        <line num="39" count="13" type="stmt"/>
        <line num="40" count="13" type="stmt"/>
        <line num="42" count="13" type="stmt"/>
        <line num="43" count="13" type="stmt"/>
        <line num="49" count="13" type="stmt"/>
        <line num="50" count="13" type="stmt"/>
        <line num="57" count="0" type="stmt"/>
        <line num="63" count="1" type="cond" truecount="1" falsecount="1"/>
        <line num="68" count="0" type="stmt"/>
        <line num="71" count="1" type="stmt"/>
        <line num="74" count="0" type="stmt"/>
        <line num="75" count="0" type="stmt"/>
        <line num="81" count="0" type="stmt"/>
        <line num="82" count="0" type="stmt"/>
        <line num="86" count="0" type="stmt"/>
        <line num="90" count="0" type="stmt"/>
        <line num="92" count="0" type="stmt"/>
        <line num="93" count="0" type="stmt"/>
        <line num="108" count="0" type="stmt"/>
        <line num="109" count="0" type="stmt"/>
        <line num="110" count="0" type="stmt"/>
        <line num="111" count="0" type="stmt"/>
        <line num="113" count="0" type="stmt"/>
        <line num="119" count="13" type="stmt"/>
        <line num="121" count="1" type="stmt"/>
        <line num="126" count="13" type="cond" truecount="2" falsecount="0"/>
        <line num="127" count="13" type="stmt"/>
        <line num="130" count="13" type="stmt"/>
        <line num="145" count="13" type="stmt"/>
        <line num="148" count="1" type="stmt"/>
        <line num="149" count="1" type="stmt"/>
        <line num="153" count="1" type="stmt"/>
        <line num="155" count="1" type="stmt"/>
        <line num="157" count="1" type="stmt"/>
        <line num="163" count="0" type="cond" truecount="2" falsecount="0"/>
        <line num="177" count="1" type="stmt"/>
        <line num="184" count="0" type="cond" truecount="2" falsecount="0"/>
        <line num="196" count="1" type="stmt"/>
        <line num="239" count="1" type="stmt"/>
        <line num="241" count="1" type="stmt"/>
        <line num="249" count="1" type="stmt"/>
        <line num="250" count="39" type="stmt"/>
        <line num="256" count="0" type="stmt"/>
        <line num="259" count="1" type="stmt"/>
        <line num="263" count="1" type="stmt"/>
        <line num="276" count="0" type="cond" truecount="0" falsecount="2"/>
        <line num="277" count="0" type="cond" truecount="0" falsecount="2"/>
        <line num="280" count="1" type="stmt"/>
        <line num="283" count="1" type="stmt"/>
        <line num="289" count="1" type="stmt"/>
        <line num="295" count="0" type="cond" truecount="0" falsecount="2"/>
        <line num="312" count="1" type="stmt"/>
        <line num="320" count="13" type="stmt"/>
      </file>
      <file name="Index.vue" path="/var/www/html/resources/ts/Pages/EmailTemplates/Index.vue">
        <metrics statements="27" coveredstatements="27" conditionals="22" coveredconditionals="20" methods="7" coveredmethods="7"/>
        <line num="20" count="9" type="stmt"/>
        <line num="35" count="1" type="stmt"/>
        <line num="41" count="1" type="stmt"/>
        <line num="42" count="1" type="stmt"/>
        <line num="62" count="1" type="stmt"/>
        <line num="63" count="18" type="stmt"/>
        <line num="64" count="27" type="stmt"/>
        <line num="69" count="1" type="stmt"/>
        <line num="70" count="1" type="stmt"/>
        <line num="73" count="1" type="stmt"/>
        <line num="77" count="1" type="stmt"/>
        <line num="91" count="1" type="stmt"/>
        <line num="100" count="18" type="stmt"/>
        <line num="116" count="1" type="stmt"/>
        <line num="117" count="1" type="stmt"/>
        <line num="137" count="1" type="stmt"/>
        <line num="138" count="9" type="stmt"/>
        <line num="139" count="27" type="stmt"/>
        <line num="144" count="1" type="stmt"/>
        <line num="145" count="1" type="stmt"/>
        <line num="148" count="1" type="stmt"/>
        <line num="152" count="1" type="stmt"/>
        <line num="166" count="1" type="stmt"/>
        <line num="175" count="9" type="stmt"/>
        <line num="185" count="1" type="stmt"/>
        <line num="193" count="1" type="stmt"/>
        <line num="194" count="27" type="stmt"/>
      </file>
    </package>
    <package name="Pages.Invoices">
      <metrics statements="112" coveredstatements="94" conditionals="106" coveredconditionals="87" methods="48" coveredmethods="34"/>
      <file name="Create.vue" path="/var/www/html/resources/ts/Pages/Invoices/Create.vue">
        <metrics statements="8" coveredstatements="3" conditionals="6" coveredconditionals="2" methods="7" coveredmethods="1"/>
        <line num="37" count="6" type="stmt"/>
        <line num="45" count="0" type="cond" truecount="0" falsecount="2"/>
        <line num="46" count="0" type="stmt"/>
        <line num="51" count="0" type="cond" truecount="0" falsecount="2"/>
        <line num="52" count="0" type="stmt"/>
        <line num="54" count="0" type="stmt"/>
        <line num="57" count="1" type="stmt"/>
        <line num="68" count="6" type="stmt"/>
      </file>
      <file name="Edit.vue" path="/var/www/html/resources/ts/Pages/Invoices/Edit.vue">
        <metrics statements="32" coveredstatements="32" conditionals="51" coveredconditionals="41" methods="15" coveredmethods="15"/>
        <line num="24" count="23" type="stmt"/>
        <line num="33" count="23" type="stmt"/>
        <line num="35" count="23" type="stmt"/>
        <line num="36" count="21" type="cond" truecount="2" falsecount="2"/>
        <line num="40" count="92" type="stmt"/>
        <line num="44" count="2" type="cond" truecount="2" falsecount="0"/>
        <line num="45" count="1" type="stmt"/>
        <line num="48" count="1" type="stmt"/>
        <line num="55" count="23" type="stmt"/>
        <line num="63" count="12" type="cond" truecount="2" falsecount="0"/>
        <line num="64" count="12" type="stmt"/>
        <line num="69" count="12" type="stmt"/>
        <line num="74" count="12" type="stmt"/>
        <line num="76" count="15" type="stmt"/>
        <line num="79" count="2" type="stmt"/>
        <line num="96" count="2" type="stmt"/>
        <line num="104" count="3" type="cond" truecount="2" falsecount="0"/>
        <line num="112" count="2" type="stmt"/>
        <line num="116" count="2" type="stmt"/>
        <line num="122" count="2" type="stmt"/>
        <line num="147" count="2" type="stmt"/>
        <line num="177" count="2" type="stmt"/>
        <line num="178" count="17" type="stmt"/>
        <line num="182" count="2" type="stmt"/>
        <line num="185" count="2" type="stmt"/>
        <line num="187" count="34" type="cond" truecount="1" falsecount="1"/>
        <line num="194" count="2" type="stmt"/>
        <line num="198" count="2" type="stmt"/>
        <line num="202" count="2" type="stmt"/>
        <line num="206" count="2" type="stmt"/>
        <line num="220" count="27" type="stmt"/>
        <line num="226" count="1" type="cond" truecount="2" falsecount="0"/>
      </file>
      <file name="Index.vue" path="/var/www/html/resources/ts/Pages/Invoices/Index.vue">
        <metrics statements="72" coveredstatements="59" conditionals="49" coveredconditionals="44" methods="26" coveredmethods="18"/>
        <line num="20" count="18" type="stmt"/>
        <line num="26" count="18" type="cond" truecount="2" falsecount="0"/>
        <line num="27" count="18" type="cond" truecount="2" falsecount="0"/>
        <line num="30" count="2" type="stmt"/>
        <line num="32" count="2" type="cond" truecount="2" falsecount="0"/>
        <line num="33" count="1" type="stmt"/>
        <line num="36" count="2" type="cond" truecount="2" falsecount="0"/>
        <line num="37" count="1" type="stmt"/>
        <line num="40" count="2" type="stmt"/>
        <line num="44" count="1" type="stmt"/>
        <line num="45" count="1" type="stmt"/>
        <line num="49" count="1" type="stmt"/>
        <line num="53" count="18" type="stmt"/>
        <line num="54" count="18" type="stmt"/>
        <line num="57" count="2" type="stmt"/>
        <line num="58" count="2" type="stmt"/>
        <line num="61" count="18" type="stmt"/>
        <line num="62" count="18" type="stmt"/>
        <line num="65" count="1" type="cond" truecount="1" falsecount="1"/>
        <line num="66" count="0" type="stmt"/>
        <line num="69" count="1" type="stmt"/>
        <line num="71" count="1" type="stmt"/>
        <line num="72" count="1" type="stmt"/>
        <line num="75" count="1" type="stmt"/>
        <line num="77" count="0" type="stmt"/>
        <line num="79" count="0" type="cond" truecount="0" falsecount="2"/>
        <line num="80" count="0" type="stmt"/>
        <line num="81" count="0" type="stmt"/>
        <line num="83" count="0" type="stmt"/>
        <line num="92" count="1" type="stmt"/>
        <line num="93" count="1" type="stmt"/>
        <line num="99" count="0" type="stmt"/>
        <line num="106" count="0" type="stmt"/>
        <line num="107" count="0" type="stmt"/>
        <line num="113" count="0" type="stmt"/>
        <line num="120" count="14" type="cond" truecount="2" falsecount="0"/>
        <line num="126" count="14" type="cond" truecount="2" falsecount="0"/>
        <line num="131" count="18" type="stmt"/>
        <line num="139" count="18" type="stmt"/>
        <line num="159" count="24" type="cond" truecount="2" falsecount="0"/>
        <line num="162" count="1" type="stmt"/>
        <line num="164" count="1" type="stmt"/>
        <line num="165" count="1" type="stmt"/>
        <line num="166" count="72" type="stmt"/>
        <line num="176" count="1" type="stmt"/>
        <line num="183" count="1" type="cond" truecount="2" falsecount="0"/>
        <line num="188" count="96" type="stmt"/>
        <line num="199" count="1" type="stmt"/>
        <line num="200" count="1" type="stmt"/>
        <line num="240" count="1" type="stmt"/>
        <line num="241" count="14" type="stmt"/>
        <line num="246" count="1" type="stmt"/>
        <line num="258" count="1" type="stmt"/>
        <line num="259" count="1" type="stmt"/>
        <line num="264" count="1" type="stmt"/>
        <line num="268" count="1" type="stmt"/>
        <line num="269" count="1" type="stmt"/>
        <line num="286" count="1" type="stmt"/>
        <line num="290" count="1" type="stmt"/>
        <line num="295" count="1" type="stmt"/>
        <line num="298" count="1" type="stmt"/>
        <line num="320" count="1" type="stmt"/>
        <line num="333" count="0" type="stmt"/>
        <line num="344" count="2" type="stmt"/>
        <line num="397" count="1" type="stmt"/>
        <line num="398" count="1" type="stmt"/>
        <line num="400" count="1" type="stmt"/>
        <line num="404" count="1" type="stmt"/>
        <line num="411" count="1" type="stmt"/>
        <line num="426" count="0" type="stmt"/>
        <line num="438" count="24" type="stmt"/>
        <line num="448" count="0" type="cond" truecount="2" falsecount="0"/>
      </file>
    </package>
    <package name="Pages.NumberingSeries">
      <metrics statements="105" coveredstatements="78" conditionals="104" coveredconditionals="84" methods="33" coveredmethods="17"/>
      <file name="Index.vue" path="/var/www/html/resources/ts/Pages/NumberingSeries/Index.vue">
        <metrics statements="105" coveredstatements="78" conditionals="104" coveredconditionals="84" methods="33" coveredmethods="17"/>
        <line num="29" count="18" type="stmt"/>
        <line num="30" count="18" type="stmt"/>
        <line num="31" count="18" type="stmt"/>
        <line num="33" count="18" type="stmt"/>
        <line num="46" count="2" type="stmt"/>
        <line num="47" count="2" type="stmt"/>
        <line num="48" count="2" type="stmt"/>
        <line num="49" count="2" type="stmt"/>
        <line num="50" count="2" type="stmt"/>
        <line num="51" count="2" type="stmt"/>
        <line num="52" count="2" type="stmt"/>
        <line num="53" count="2" type="stmt"/>
        <line num="57" count="1" type="stmt"/>
        <line num="58" count="1" type="stmt"/>
        <line num="59" count="1" type="stmt"/>
        <line num="60" count="1" type="stmt"/>
        <line num="61" count="1" type="stmt"/>
        <line num="62" count="1" type="stmt"/>
        <line num="63" count="1" type="stmt"/>
        <line num="64" count="1" type="stmt"/>
        <line num="65" count="1" type="stmt"/>
        <line num="66" count="1" type="stmt"/>
        <line num="67" count="1" type="stmt"/>
        <line num="68" count="1" type="stmt"/>
        <line num="69" count="1" type="stmt"/>
        <line num="73" count="0" type="cond" truecount="0" falsecount="2"/>
        <line num="74" count="0" type="stmt"/>
        <line num="77" count="0" type="stmt"/>
        <line num="81" count="0" type="stmt"/>
        <line num="84" count="0" type="stmt"/>
        <line num="91" count="0" type="stmt"/>
        <line num="95" count="18" type="stmt"/>
        <line num="96" count="18" type="stmt"/>
        <line num="99" count="2" type="stmt"/>
        <line num="100" count="2" type="stmt"/>
        <line num="104" count="1" type="cond" truecount="1" falsecount="1"/>
        <line num="105" count="0" type="stmt"/>
        <line num="108" count="1" type="stmt"/>
        <line num="111" count="0" type="stmt"/>
        <line num="112" count="0" type="stmt"/>
        <line num="118" count="1" type="stmt"/>
        <line num="126" count="1" type="stmt"/>
        <line num="134" count="18" type="stmt"/>
        <line num="137" count="1" type="cond" truecount="4" falsecount="1"/>
        <line num="138" count="0" type="stmt"/>
        <line num="140" count="0" type="stmt"/>
        <line num="143" count="1" type="cond" truecount="1" falsecount="1"/>
        <line num="144" count="0" type="stmt"/>
        <line num="147" count="1" type="stmt"/>
        <line num="148" count="0" type="stmt"/>
        <line num="149" count="0" type="stmt"/>
        <line num="169" count="0" type="stmt"/>
        <line num="170" count="0" type="cond" truecount="0" falsecount="2"/>
        <line num="172" count="0" type="stmt"/>
        <line num="177" count="18" type="stmt"/>
        <line num="178" count="18" type="stmt"/>
        <line num="188" count="18" type="stmt"/>
        <line num="204" count="23" type="stmt"/>
        <line num="205" count="1" type="stmt"/>
        <line num="224" count="1" type="stmt"/>
        <line num="225" count="1" type="stmt"/>
        <line num="234" count="1" type="stmt"/>
        <line num="244" count="0" type="cond" truecount="2" falsecount="0"/>
        <line num="250" count="3" type="stmt"/>
        <line num="275" count="0" type="cond" truecount="2" falsecount="0"/>
        <line num="297" count="0" type="cond" truecount="2" falsecount="0"/>
        <line num="319" count="0" type="cond" truecount="2" falsecount="0"/>
        <line num="341" count="0" type="cond" truecount="2" falsecount="0"/>
        <line num="363" count="0" type="cond" truecount="2" falsecount="0"/>
        <line num="366" count="12" type="stmt"/>
        <line num="385" count="1" type="stmt"/>
        <line num="386" count="1" type="stmt"/>
        <line num="387" count="1" type="stmt"/>
        <line num="389" count="0" type="cond" truecount="4" falsecount="0"/>
        <line num="397" count="1" type="stmt"/>
        <line num="399" count="0" type="cond" truecount="4" falsecount="0"/>
        <line num="419" count="1" type="stmt"/>
        <line num="425" count="1" type="stmt"/>
        <line num="432" count="1" type="stmt"/>
        <line num="434" count="33" type="stmt"/>
        <line num="440" count="1" type="stmt"/>
        <line num="443" count="1" type="stmt"/>
        <line num="451" count="1" type="stmt"/>
        <line num="472" count="1" type="stmt"/>
        <line num="473" count="1" type="stmt"/>
        <line num="508" count="1" type="stmt"/>
        <line num="509" count="14" type="stmt"/>
        <line num="515" count="1" type="stmt"/>
        <line num="520" count="1" type="stmt"/>
        <line num="530" count="1" type="stmt"/>
        <line num="535" count="1" type="stmt"/>
        <line num="539" count="1" type="stmt"/>
        <line num="552" count="1" type="stmt"/>
        <line num="555" count="1" type="stmt"/>
        <line num="560" count="1" type="stmt"/>
        <line num="567" count="1" type="stmt"/>
        <line num="579" count="1" type="stmt"/>
        <line num="586" count="2" type="stmt"/>
        <line num="621" count="1" type="stmt"/>
        <line num="622" count="1" type="stmt"/>
        <line num="624" count="1" type="stmt"/>
        <line num="628" count="1" type="stmt"/>
        <line num="634" count="1" type="stmt"/>
        <line num="649" count="0" type="stmt"/>
        <line num="670" count="0" type="cond" truecount="2" falsecount="0"/>
      </file>
    </package>
    <package name="Pages.Organizations">
      <metrics statements="146" coveredstatements="114" conditionals="302" coveredconditionals="263" methods="55" coveredmethods="31"/>
      <file name="Edit.vue" path="/var/www/html/resources/ts/Pages/Organizations/Edit.vue">
        <metrics statements="18" coveredstatements="18" conditionals="13" coveredconditionals="13" methods="7" coveredmethods="7"/>
        <line num="12" count="10" type="stmt"/>
        <line num="19" count="10" type="cond" truecount="2" falsecount="0"/>
        <line num="21" count="10" type="stmt"/>
        <line num="29" count="1" type="stmt"/>
        <line num="42" count="10" type="stmt"/>
        <line num="44" count="1" type="stmt"/>
        <line num="49" count="10" type="stmt"/>
        <line num="53" count="1" type="stmt"/>
        <line num="61" count="10" type="stmt"/>
        <line num="64" count="1" type="stmt"/>
        <line num="67" count="1" type="stmt"/>
        <line num="69" count="1" type="stmt"/>
        <line num="70" count="1" type="stmt"/>
        <line num="71" count="40" type="stmt"/>
        <line num="80" count="1" type="stmt"/>
        <line num="86" count="1" type="stmt"/>
        <line num="95" count="1" type="stmt"/>
        <line num="117" count="10" type="stmt"/>
      </file>
      <file name="Index.vue" path="/var/www/html/resources/ts/Pages/Organizations/Index.vue">
        <metrics statements="12" coveredstatements="12" conditionals="20" coveredconditionals="19" methods="4" coveredmethods="4"/>
        <line num="34" count="14" type="stmt"/>
        <line num="38" count="14" type="cond" truecount="2" falsecount="0"/>
        <line num="41" count="1" type="stmt"/>
        <line num="46" count="1" type="stmt"/>
        <line num="47" count="13" type="stmt"/>
        <line num="53" count="1" type="stmt"/>
        <line num="68" count="1" type="stmt"/>
        <line num="73" count="1" type="stmt"/>
        <line num="75" count="1" type="stmt"/>
        <line num="89" count="13" type="stmt"/>
        <line num="92" count="1" type="stmt"/>
        <line num="136" count="14" type="stmt"/>
      </file>
      <file name="Setup.vue" path="/var/www/html/resources/ts/Pages/Organizations/Setup.vue">
        <metrics statements="86" coveredstatements="55" conditionals="195" coveredconditionals="170" methods="38" coveredmethods="15"/>
        <line num="45" count="40" type="stmt"/>
        <line num="51" count="40" type="stmt"/>
        <line num="52" count="2" type="stmt"/>
        <line num="54" count="40" type="stmt"/>
        <line num="61" count="40" type="stmt"/>
        <line num="87" count="40" type="stmt"/>
        <line num="88" count="11" type="cond" truecount="2" falsecount="0"/>
        <line num="89" count="9" type="stmt"/>
        <line num="92" count="2" type="cond" truecount="1" falsecount="1"/>
        <line num="95" count="40" type="stmt"/>
        <line num="96" count="11" type="cond" truecount="2" falsecount="0"/>
        <line num="101" count="40" type="stmt"/>
        <line num="102" count="40" type="stmt"/>
        <line num="104" count="0" type="cond" truecount="0" falsecount="2"/>
        <line num="105" count="0" type="stmt"/>
        <line num="108" count="0" type="stmt"/>
        <line num="110" count="0" type="cond" truecount="0" falsecount="2"/>
        <line num="111" count="0" type="stmt"/>
        <line num="112" count="0" type="stmt"/>
        <line num="118" count="0" type="stmt"/>
        <line num="122" count="0" type="cond" truecount="0" falsecount="2"/>
        <line num="123" count="0" type="stmt"/>
        <line num="128" count="35" type="stmt"/>
        <line num="129" count="35" type="stmt"/>
        <line num="132" count="32" type="cond" truecount="1" falsecount="1"/>
        <line num="133" count="32" type="stmt"/>
        <line num="134" count="32" type="stmt"/>
        <line num="136" count="0" type="stmt"/>
        <line num="143" count="1" type="cond" truecount="1" falsecount="1"/>
        <line num="144" count="1" type="stmt"/>
        <line num="145" count="1" type="stmt"/>
        <line num="150" count="0" type="cond" truecount="0" falsecount="2"/>
        <line num="151" count="0" type="stmt"/>
        <line num="152" count="0" type="stmt"/>
        <line num="158" count="73" type="stmt"/>
        <line num="161" count="2" type="stmt"/>
        <line num="162" count="2" type="stmt"/>
        <line num="174" count="2" type="stmt"/>
        <line num="176" count="2" type="stmt"/>
        <line num="178" count="2" type="stmt"/>
        <line num="183" count="2" type="stmt"/>
        <line num="184" count="292" type="stmt"/>
        <line num="199" count="2" type="stmt"/>
        <line num="201" count="292" type="stmt"/>
        <line num="207" count="2" type="stmt"/>
        <line num="216" count="0" type="stmt"/>
        <line num="221" count="2" type="stmt"/>
        <line num="233" count="2" type="stmt"/>
        <line num="252" count="2" type="stmt"/>
        <line num="253" count="2" type="stmt"/>
        <line num="266" count="2" type="stmt"/>
        <line num="267" count="2" type="stmt"/>
        <line num="274" count="0" type="cond" truecount="2" falsecount="0"/>
        <line num="293" count="0" type="cond" truecount="2" falsecount="0"/>
        <line num="305" count="0" type="cond" truecount="2" falsecount="0"/>
        <line num="310" count="2" type="stmt"/>
        <line num="317" count="0" type="cond" truecount="2" falsecount="0"/>
        <line num="329" count="2" type="stmt"/>
        <line num="336" count="0" type="cond" truecount="2" falsecount="0"/>
        <line num="356" count="2" type="stmt"/>
        <line num="357" count="2" type="stmt"/>
        <line num="364" count="0" type="cond" truecount="2" falsecount="0"/>
        <line num="377" count="0" type="cond" truecount="2" falsecount="0"/>
        <line num="382" count="2" type="stmt"/>
        <line num="389" count="0" type="cond" truecount="2" falsecount="0"/>
        <line num="400" count="2" type="stmt"/>
        <line num="407" count="0" type="cond" truecount="2" falsecount="0"/>
        <line num="419" count="0" type="cond" truecount="2" falsecount="0"/>
        <line num="437" count="0" type="cond" truecount="2" falsecount="0"/>
        <line num="455" count="0" type="cond" truecount="2" falsecount="0"/>
        <line num="481" count="2" type="stmt"/>
        <line num="482" count="2" type="stmt"/>
        <line num="489" count="1" type="cond" truecount="2" falsecount="0"/>
        <line num="495" count="22" type="stmt"/>
        <line num="517" count="0" type="cond" truecount="2" falsecount="0"/>
        <line num="523" count="31" type="stmt"/>
        <line num="546" count="0" type="cond" truecount="2" falsecount="0"/>
        <line num="549" count="4" type="stmt"/>
        <line num="570" count="2" type="stmt"/>
        <line num="609" count="2" type="stmt"/>
        <line num="615" count="7" type="stmt"/>
        <line num="621" count="0" type="stmt"/>
        <line num="631" count="0" type="stmt"/>
        <line num="673" count="0" type="cond" truecount="2" falsecount="0"/>
        <line num="691" count="2" type="stmt"/>
        <line num="725" count="73" type="stmt"/>
      </file>
      <file name="Show.vue" path="/var/www/html/resources/ts/Pages/Organizations/Show.vue">
        <metrics statements="30" coveredstatements="29" conditionals="74" coveredconditionals="61" methods="6" coveredmethods="5"/>
        <line num="47" count="18" type="stmt"/>
        <line num="51" count="18" type="stmt"/>
        <line num="53" count="18" type="stmt"/>
        <line num="61" count="18" type="stmt"/>
        <line num="63" count="1" type="stmt"/>
        <line num="65" count="0" type="stmt"/>
        <line num="68" count="1" type="stmt"/>
        <line num="70" count="1" type="stmt"/>
        <line num="71" count="1" type="stmt"/>
        <line num="86" count="1" type="stmt"/>
        <line num="92" count="1" type="stmt"/>
        <line num="106" count="1" type="stmt"/>
        <line num="125" count="18" type="cond" truecount="2" falsecount="0"/>
        <line num="131" count="1" type="stmt"/>
        <line num="133" count="1" type="stmt"/>
        <line num="139" count="1" type="stmt"/>
        <line num="144" count="18" type="stmt"/>
        <line num="156" count="1" type="stmt"/>
        <line num="164" count="1" type="stmt"/>
        <line num="177" count="1" type="stmt"/>
        <line num="185" count="1" type="stmt"/>
        <line num="193" count="1" type="stmt"/>
        <line num="227" count="17" type="cond" truecount="2" falsecount="0"/>
        <line num="233" count="1" type="stmt"/>
        <line num="244" count="1" type="stmt"/>
        <line num="252" count="1" type="stmt"/>
        <line num="261" count="1" type="stmt"/>
        <line num="271" count="17" type="cond" truecount="2" falsecount="0"/>
        <line num="286" count="1" type="stmt"/>
        <line num="291" count="18" type="stmt"/>
      </file>
      <file name="types.ts" path="/var/www/html/resources/ts/Pages/Organizations/types.ts">
        <metrics statements="0" coveredstatements="0" conditionals="0" coveredconditionals="0" methods="0" coveredmethods="0"/>
      </file>
    </package>
    <package name="Pages.Organizations.Partials">
      <metrics statements="114" coveredstatements="64" conditionals="243" coveredconditionals="192" methods="56" coveredmethods="16"/>
      <file name="EditBankDetailsForm.vue" path="/var/www/html/resources/ts/Pages/Organizations/Partials/EditBankDetailsForm.vue">
        <metrics statements="21" coveredstatements="12" conditionals="46" coveredconditionals="45" methods="10" coveredmethods="1"/>
        <line num="6" count="7" type="stmt"/>
        <line num="10" count="7" type="stmt"/>
        <line num="11" count="7" type="stmt"/>
        <line num="13" count="7" type="stmt"/>
        <line num="24" count="1" type="stmt"/>
        <line num="27" count="0" type="stmt"/>
        <line num="28" count="0" type="stmt"/>
        <line num="35" count="7" type="stmt"/>
        <line num="46" count="2" type="stmt"/>
        <line num="47" count="2" type="stmt"/>
        <line num="56" count="0" type="cond" truecount="2" falsecount="0"/>
        <line num="69" count="0" type="cond" truecount="2" falsecount="0"/>
        <line num="76" count="2" type="stmt"/>
        <line num="85" count="0" type="cond" truecount="2" falsecount="0"/>
        <line num="98" count="0" type="cond" truecount="2" falsecount="0"/>
        <line num="105" count="2" type="stmt"/>
        <line num="114" count="0" type="cond" truecount="2" falsecount="0"/>
        <line num="127" count="0" type="cond" truecount="2" falsecount="0"/>
        <line num="140" count="0" type="cond" truecount="2" falsecount="0"/>
        <line num="149" count="2" type="stmt"/>
        <line num="151" count="2" type="stmt"/>
      </file>
      <file name="EditBasicsForm.vue" path="/var/www/html/resources/ts/Pages/Organizations/Partials/EditBasicsForm.vue">
        <metrics statements="47" coveredstatements="27" conditionals="104" coveredconditionals="71" methods="28" coveredmethods="12"/>
        <line num="6" count="16" type="stmt"/>
        <line num="12" count="16" type="stmt"/>
        <line num="14" count="16" type="stmt"/>
[...]
        <line num="182" count="1" type="stmt"/>
        <line num="185" count="0" type="cond" truecount="2" falsecount="0"/>
        <line num="201" count="1" type="stmt"/>
        <line num="214" count="0" type="cond" truecount="2" falsecount="0"/>
      </file>
      <file name="TwoFactorAuthenticationForm.vue" path="/var/www/html/resources/ts/Pages/Profile/Partials/TwoFactorAuthenticationForm.vue">
        <metrics statements="76" coveredstatements="27" conditionals="57" coveredconditionals="25" methods="25" coveredmethods="1"/>
        <line num="15" count="3" type="stmt"/>
        <line num="23" count="3" type="stmt"/>
        <line num="24" count="3" type="stmt"/>
        <line num="25" count="3" type="stmt"/>
        <line num="26" count="3" type="stmt"/>
        <line num="27" count="3" type="stmt"/>
        <line num="28" count="3" type="stmt"/>
        <line num="29" count="3" type="stmt"/>
        <line num="30" count="3" type="stmt"/>
        <line num="31" count="3" type="stmt"/>
        <line num="32" count="3" type="stmt"/>
        <line num="33" count="3" type="stmt"/>
        <line num="34" count="3" type="stmt"/>
        <line num="35" count="3" type="stmt"/>
        <line num="36" count="3" type="stmt"/>
        <line num="38" count="3" type="stmt"/>
        <line num="39" count="3" type="stmt"/>
        <line num="45" count="0" type="stmt"/>
        <line num="53" count="0" type="stmt"/>
        <line num="54" count="0" type="stmt"/>
        <line num="55" count="0" type="stmt"/>
        <line num="65" count="0" type="stmt"/>
        <line num="67" count="0" type="stmt"/>
        <line num="73" count="0" type="stmt"/>
        <line num="75" count="0" type="stmt"/>
        <line num="77" count="0" type="cond" truecount="0" falsecount="2"/>
        <line num="78" count="0" type="stmt"/>
        <line num="80" count="0" type="stmt"/>
        <line num="81" count="0" type="stmt"/>
        <line num="84" count="0" type="stmt"/>
        <line num="89" count="0" type="stmt"/>
        <line num="96" count="0" type="stmt"/>
        <line num="97" count="0" type="stmt"/>
        <line num="99" count="0" type="stmt"/>
        <line num="105" count="0" type="stmt"/>
        <line num="106" count="0" type="stmt"/>
        <line num="107" count="0" type="stmt"/>
        <line num="108" count="0" type="stmt"/>
        <line num="109" count="0" type="stmt"/>
        <line num="112" count="0" type="stmt"/>
        <line num="113" count="0" type="cond" truecount="0" falsecount="2"/>
        <line num="120" count="0" type="stmt"/>
        <line num="121" count="0" type="stmt"/>
        <line num="125" count="0" type="stmt"/>
        <line num="131" count="0" type="stmt"/>
        <line num="132" count="0" type="stmt"/>
        <line num="139" count="0" type="stmt"/>
        <line num="141" count="0" type="stmt"/>
        <line num="144" count="0" type="stmt"/>
        <line num="145" count="0" type="stmt"/>
        <line num="146" count="0" type="stmt"/>
        <line num="147" count="0" type="stmt"/>
        <line num="150" count="0" type="stmt"/>
        <line num="156" count="0" type="stmt"/>
        <line num="159" count="0" type="stmt"/>
        <line num="160" count="0" type="stmt"/>
        <line num="164" count="0" type="stmt"/>
        <line num="167" count="0" type="stmt"/>
        <line num="168" count="0" type="stmt"/>
        <line num="172" count="0" type="stmt"/>
        <line num="175" count="0" type="stmt"/>
        <line num="180" count="1" type="stmt"/>
        <line num="193" count="1" type="stmt"/>
        <line num="194" count="1" type="stmt"/>
        <line num="195" count="1" type="stmt"/>
        <line num="196" count="1" type="stmt"/>
        <line num="221" count="1" type="stmt"/>
        <line num="222" count="1" type="stmt"/>
        <line num="248" count="1" type="stmt"/>
        <line num="261" count="0" type="cond" truecount="0" falsecount="2"/>
        <line num="267" count="0" type="cond" truecount="0" falsecount="4"/>
        <line num="296" count="1" type="stmt"/>
        <line num="298" count="0" type="stmt"/>
        <line num="308" count="1" type="stmt"/>
        <line num="383" count="0" type="cond" truecount="2" falsecount="2"/>
        <line num="388" count="0" type="cond" truecount="2" falsecount="0"/>
      </file>
      <file name="UpdatePasswordForm.vue" path="/var/www/html/resources/ts/Pages/Profile/Partials/UpdatePasswordForm.vue">
        <metrics statements="23" coveredstatements="13" conditionals="24" coveredconditionals="17" methods="7" coveredmethods="1"/>
        <line num="6" count="4" type="stmt"/>
        <line num="12" count="4" type="stmt"/>
        <line num="15" count="1" type="stmt"/>
        <line num="19" count="0" type="stmt"/>
        <line num="20" count="0" type="stmt"/>
        <line num="21" count="0" type="stmt"/>
        <line num="24" count="0" type="cond" truecount="0" falsecount="2"/>
        <line num="25" count="0" type="stmt"/>
        <line num="28" count="0" type="cond" truecount="0" falsecount="2"/>
        <line num="29" count="0" type="stmt"/>
        <line num="37" count="4" type="stmt"/>
        <line num="50" count="1" type="stmt"/>
        <line num="52" count="1" type="stmt"/>
        <line num="53" count="1" type="stmt"/>
        <line num="54" count="1" type="stmt"/>
        <line num="55" count="1" type="stmt"/>
        <line num="63" count="0" type="cond" truecount="2" falsecount="0"/>
        <line num="76" count="1" type="stmt"/>
        <line num="84" count="0" type="cond" truecount="2" falsecount="0"/>
        <line num="97" count="1" type="stmt"/>
        <line num="105" count="0" type="cond" truecount="2" falsecount="0"/>
        <line num="121" count="1" type="stmt"/>
        <line num="125" count="1" type="stmt"/>
      </file>
      <file name="UpdateProfileInformationForm.vue" path="/var/www/html/resources/ts/Pages/Profile/Partials/UpdateProfileInformationForm.vue">
        <metrics statements="42" coveredstatements="19" conditionals="35" coveredconditionals="24" methods="13" coveredmethods="1"/>
        <line num="6" count="7" type="stmt"/>
        <line num="18" count="7" type="stmt"/>
        <line num="25" count="7" type="stmt"/>
        <line num="26" count="7" type="stmt"/>
        <line num="27" count="7" type="stmt"/>
        <line num="28" count="7" type="stmt"/>
        <line num="31" count="1" type="stmt"/>
        <line num="35" count="0" type="stmt"/>
        <line num="36" count="0" type="stmt"/>
        <line num="37" count="0" type="stmt"/>
        <line num="43" count="0" type="stmt"/>
        <line num="47" count="0" type="stmt"/>
        <line num="49" count="0" type="cond" truecount="0" falsecount="2"/>
        <line num="50" count="0" type="stmt"/>
        <line num="53" count="0" type="stmt"/>
        <line num="55" count="0" type="stmt"/>
        <line num="56" count="0" type="stmt"/>
        <line num="57" count="0" type="stmt"/>
        <line num="59" count="0" type="stmt"/>
        <line num="63" count="0" type="stmt"/>
        <line num="66" count="0" type="stmt"/>
        <line num="67" count="0" type="stmt"/>
        <line num="73" count="0" type="cond" truecount="0" falsecount="2"/>
        <line num="74" count="0" type="stmt"/>
        <line num="77" count="0" type="stmt"/>
        <line num="78" count="0" type="stmt"/>
        <line num="82" count="0" type="stmt"/>
        <line num="87" count="7" type="stmt"/>
        <line num="99" count="1" type="stmt"/>
        <line num="101" count="1" type="stmt"/>
        <line num="102" count="1" type="stmt"/>
        <line num="103" count="1" type="stmt"/>
        <line num="123" count="1" type="stmt"/>
        <line num="132" count="1" type="stmt"/>
        <line num="169" count="1" type="stmt"/>
        <line num="177" count="0" type="cond" truecount="2" falsecount="0"/>
        <line num="192" count="1" type="stmt"/>
        <line num="200" count="0" type="cond" truecount="2" falsecount="0"/>
        <line num="217" count="1" type="stmt"/>
        <line num="222" count="0" type="cond" truecount="2" falsecount="2"/>
        <line num="244" count="1" type="stmt"/>
        <line num="248" count="1" type="stmt"/>
      </file>
    </package>
    <package name="Pages.Teams">
      <metrics statements="26" coveredstatements="25" conditionals="21" coveredconditionals="19" methods="6" coveredmethods="5"/>
      <file name="Create.vue" path="/var/www/html/resources/ts/Pages/Teams/Create.vue">
        <metrics statements="21" coveredstatements="20" conditionals="14" coveredconditionals="12" methods="4" coveredmethods="3"/>
        <line num="6" count="5" type="stmt"/>
        <line num="7" count="5" type="cond" truecount="1" falsecount="1"/>
        <line num="9" count="5" type="stmt"/>
        <line num="14" count="1" type="stmt"/>
        <line num="22" count="5" type="stmt"/>
        <line num="26" count="5" type="cond" truecount="2" falsecount="0"/>
        <line num="30" count="1" type="stmt"/>
        <line num="31" count="1" type="stmt"/>
        <line num="46" count="1" type="stmt"/>
        <line num="49" count="1" type="stmt"/>
        <line num="51" count="1" type="stmt"/>
        <line num="52" count="1" type="stmt"/>
        <line num="54" count="1" type="stmt"/>
        <line num="59" count="1" type="stmt"/>
        <line num="67" count="1" type="stmt"/>
        <line num="68" count="1" type="stmt"/>
        <line num="72" count="1" type="stmt"/>
        <line num="81" count="1" type="stmt"/>
        <line num="89" count="0" type="cond" truecount="2" falsecount="0"/>
        <line num="105" count="1" type="stmt"/>
        <line num="120" count="5" type="stmt"/>
      </file>
      <file name="Show.vue" path="/var/www/html/resources/ts/Pages/Teams/Show.vue">
        <metrics statements="5" coveredstatements="5" conditionals="7" coveredconditionals="7" methods="2" coveredmethods="2"/>
        <line num="61" count="5" type="stmt"/>
        <line num="65" count="5" type="cond" truecount="2" falsecount="0"/>
        <line num="69" count="1" type="stmt"/>
        <line num="93" count="1" type="stmt"/>
        <line num="98" count="5" type="stmt"/>
      </file>
    </package>
    <package name="Pages.Teams.Partials">
      <metrics statements="108" coveredstatements="77" conditionals="94" coveredconditionals="67" methods="35" coveredmethods="12"/>
      <file name="DeleteTeamForm.vue" path="/var/www/html/resources/ts/Pages/Teams/Partials/DeleteTeamForm.vue">
        <metrics statements="11" coveredstatements="11" conditionals="8" coveredconditionals="8" methods="3" coveredmethods="3"/>
        <line num="6" count="7" type="stmt"/>
        <line num="13" count="7" type="stmt"/>
        <line num="15" count="7" type="stmt"/>
        <line num="18" count="1" type="stmt"/>
        <line num="25" count="1" type="stmt"/>
        <line num="37" count="1" type="stmt"/>
        <line num="38" count="1" type="stmt"/>
        <line num="39" count="1" type="stmt"/>
        <line num="47" count="1" type="stmt"/>
        <line num="51" count="3" type="cond" truecount="2" falsecount="0"/>
        <line num="68" count="1" type="cond" truecount="2" falsecount="0"/>
      </file>
      <file name="TeamMemberManager.vue" path="/var/www/html/resources/ts/Pages/Teams/Partials/TeamMemberManager.vue">
        <metrics statements="78" coveredstatements="50" conditionals="74" coveredconditionals="48" methods="28" coveredmethods="8"/>
        <line num="49" count="14" type="stmt"/>
        <line num="57" count="14" type="stmt"/>
        <line num="58" count="14" type="cond" truecount="1" falsecount="1"/>
        <line num="60" count="14" type="stmt"/>
        <line num="65" count="14" type="stmt"/>
        <line num="68" count="14" type="stmt"/>
        <line num="69" count="14" type="stmt"/>
        <line num="72" count="14" type="stmt"/>
        <line num="75" count="14" type="stmt"/>
        <line num="76" count="14" type="stmt"/>
        <line num="79" count="1" type="stmt"/>
        <line num="83" count="0" type="stmt"/>
        <line num="84" count="0" type="stmt"/>
        <line num="85" count="0" type="stmt"/>
        <line num="91" count="1" type="stmt"/>
        <line num="97" count="0" type="stmt"/>
        <line num="98" count="0" type="stmt"/>
        <line num="102" count="0" type="cond" truecount="0" falsecount="2"/>
        <line num="103" count="0" type="stmt"/>
        <line num="106" count="0" type="stmt"/>
        <line num="114" count="0" type="stmt"/>
        <line num="121" count="0" type="stmt"/>
        <line num="125" count="0" type="stmt"/>
        <line num="131" count="0" type="stmt"/>
        <line num="132" count="0" type="stmt"/>
        <line num="136" count="0" type="cond" truecount="0" falsecount="2"/>
        <line num="137" count="0" type="stmt"/>
        <line num="140" count="0" type="stmt"/>
        <line num="145" count="0" type="stmt"/>
        <line num="146" count="0" type="stmt"/>
        <line num="153" count="42" type="cond" truecount="1" falsecount="1"/>
        <line num="166" count="1" type="stmt"/>
        <line num="179" count="1" type="stmt"/>
        <line num="181" count="1" type="stmt"/>
        <line num="182" count="1" type="stmt"/>
        <line num="183" count="1" type="stmt"/>
        <line num="193" count="1" type="stmt"/>
        <line num="201" count="0" type="cond" truecount="2" falsecount="0"/>
        <line num="230" count="1" type="stmt"/>
        <line num="232" count="26" type="stmt"/>
        <line num="246" count="0" type="stmt"/>
        <line num="258" count="1" type="stmt"/>
        <line num="289" count="1" type="stmt"/>
        <line num="301" count="1" type="stmt"/>
        <line num="305" count="1" type="stmt"/>
        <line num="334" count="1" type="stmt"/>
        <line num="348" count="1" type="stmt"/>
        <line num="349" count="1" type="stmt"/>
        <line num="350" count="1" type="stmt"/>
        <line num="351" count="1" type="stmt"/>
        <line num="352" count="2" type="stmt"/>
        <line num="357" count="1" type="stmt"/>
        <line num="360" count="1" type="stmt"/>
        <line num="364" count="1" type="stmt"/>
        <line num="385" count="1" type="stmt"/>
        <line num="397" count="1" type="stmt"/>
        <line num="398" count="1" type="stmt"/>
        <line num="399" count="1" type="stmt"/>
        <line num="400" count="1" type="stmt"/>
        <line num="401" count="28" type="stmt"/>
        <line num="406" count="1" type="stmt"/>
        <line num="412" count="1" type="stmt"/>
        <line num="415" count="1" type="stmt"/>
        <line num="423" count="0" type="stmt"/>
        <line num="453" count="0" type="stmt"/>
        <line num="472" count="1" type="stmt"/>
        <line num="476" count="0" type="cond" truecount="0" falsecount="2"/>
        <line num="484" count="1" type="stmt"/>
        <line num="486" count="1" type="stmt"/>
        <line num="491" count="1" type="stmt"/>
        <line num="493" count="0" type="stmt"/>
        <line num="504" count="0" type="stmt"/>
        <line num="511" count="1" type="stmt"/>
        <line num="538" count="1" type="stmt"/>
        <line num="547" count="1" type="stmt"/>
        <line num="559" count="0" type="cond" truecount="0" falsecount="2"/>
        <line num="577" count="0" type="cond" truecount="2" falsecount="0"/>
        <line num="588" count="0" type="cond" truecount="2" falsecount="0"/>
      </file>
      <file name="UpdateTeamNameForm.vue" path="/var/www/html/resources/ts/Pages/Teams/Partials/UpdateTeamNameForm.vue">
        <metrics statements="19" coveredstatements="16" conditionals="12" coveredconditionals="11" methods="4" coveredmethods="1"/>
        <line num="6" count="11" type="stmt"/>
        <line num="20" count="11" type="stmt"/>
        <line num="24" count="11" type="stmt"/>
        <line num="27" count="1" type="stmt"/>
        <line num="31" count="0" type="stmt"/>
        <line num="32" count="0" type="stmt"/>
        <line num="39" count="11" type="stmt"/>
        <line num="51" count="1" type="stmt"/>
        <line num="53" count="1" type="stmt"/>
        <line num="54" count="1" type="stmt"/>
        <line num="55" count="1" type="stmt"/>
        <line num="57" count="1" type="stmt"/>
        <line num="62" count="1" type="stmt"/>
        <line num="68" count="1" type="stmt"/>
        <line num="69" count="1" type="stmt"/>
        <line num="72" count="1" type="stmt"/>
        <line num="80" count="1" type="stmt"/>
        <line num="88" count="0" type="cond" truecount="2" falsecount="0"/>
        <line num="109" count="1" type="stmt"/>
      </file>
    </package>
    <package name="composables">
      <metrics statements="32" coveredstatements="32" conditionals="11" coveredconditionals="10" methods="12" coveredmethods="12"/>
      <file name="useFlash.ts" path="/var/www/html/resources/ts/composables/useFlash.ts">
        <metrics statements="6" coveredstatements="6" conditionals="5" coveredconditionals="4" methods="3" coveredmethods="3"/>
        <line num="5" count="10" type="stmt"/>
        <line num="7" count="10" type="stmt"/>
        <line num="9" count="10" type="cond" truecount="1" falsecount="1"/>
        <line num="16" count="10" type="stmt"/>
        <line num="18" count="10" type="stmt"/>
        <line num="25" count="10" type="stmt"/>
      </file>
      <file name="useFormatDate.ts" path="/var/www/html/resources/ts/composables/useFormatDate.ts">
        <metrics statements="4" coveredstatements="4" conditionals="2" coveredconditionals="2" methods="2" coveredmethods="2"/>
        <line num="5" count="23" type="cond" truecount="2" falsecount="0"/>
        <line num="6" count="3" type="stmt"/>
        <line num="9" count="20" type="stmt"/>
        <line num="17" count="1" type="stmt"/>
      </file>
      <file name="useFormatMoney.ts" path="/var/www/html/resources/ts/composables/useFormatMoney.ts">
        <metrics statements="10" coveredstatements="10" conditionals="4" coveredconditionals="4" methods="2" coveredmethods="2"/>
        <line num="6" count="7" type="stmt"/>
        <line num="22" count="396" type="stmt"/>
        <line num="24" count="396" type="cond" truecount="2" falsecount="0"/>
        <line num="25" count="2" type="stmt"/>
        <line num="29" count="394" type="cond" truecount="2" falsecount="0"/>
        <line num="30" count="4" type="stmt"/>
        <line num="33" count="390" type="stmt"/>
        <line num="34" count="390" type="stmt"/>
        <line num="39" count="390" type="stmt"/>
        <line num="43" count="9" type="stmt"/>
      </file>
      <file name="useInvoiceCalculator.ts" path="/var/www/html/resources/ts/composables/useInvoiceCalculator.ts">
        <metrics statements="12" coveredstatements="12" conditionals="0" coveredconditionals="0" methods="5" coveredmethods="5"/>
        <line num="22" count="59" type="stmt"/>
        <line num="30" count="28" type="stmt"/>
        <line num="32" count="28" type="stmt"/>
        <line num="39" count="11" type="stmt"/>
        <line num="46" count="6" type="stmt"/>
        <line num="47" count="8" type="stmt"/>
        <line num="48" count="8" type="stmt"/>
        <line num="50" count="8" type="stmt"/>
        <line num="51" count="11" type="stmt"/>
        <line num="52" count="11" type="stmt"/>
        <line num="55" count="8" type="stmt"/>
        <line num="62" count="6" type="stmt"/>
      </file>
    </package>
    <package name="lib">
      <metrics statements="1" coveredstatements="1" conditionals="0" coveredconditionals="0" methods="1" coveredmethods="1"/>
      <file name="utils.ts" path="/var/www/html/resources/ts/lib/utils.ts">
        <metrics statements="1" coveredstatements="1" conditionals="0" coveredconditionals="0" methods="1" coveredmethods="1"/>
        <line num="6" count="3" type="stmt"/>
      </file>
    </package>
  </project>
</coverage>
