{"/var/www/html/resources/ts/Components/ConfirmationModal.vue": {"path":"/var/www/html/resources/ts/Components/ConfirmationModal.vue","statementMap":{"0":{"start":{"line":11,"column":13},"end":{"line":11,"column":null}},"1":{"start":{"line":21,"column":16},"end":{"line":21,"column":110}},"2":{"start":{"line":41,"column":25},"end":{"line":41,"column":71}},"3":{"start":{"line":42,"column":28},"end":{"line":42,"column":79}},"4":{"start":{"line":45,"column":29},"end":{"line":45,"column":41}},"5":{"start":{"line":46,"column":31},"end":{"line":46,"column":60}},"6":{"start":{"line":55,"column":24},"end":{"line":55,"column":88}},"7":{"start":{"line":18,"column":4},"end":{"line":74,"column":null}},"8":{"start":{"line":26,"column":28},"end":{"line":26,"column":null}},"9":{"start":{"line":65,"column":36},"end":{"line":65,"column":null}},"10":{"start":{"line":72,"column":36},"end":{"line":72,"column":null}}},"fnMap":{"0":{"name":"(anonymous_0)","decl":{"start":{"line":26,"column":26},"end":{"line":26,"column":28}},"loc":{"start":{"line":26,"column":28},"end":{"line":26,"column":null}},"line":26},"1":{"name":"(anonymous_1)","decl":{"start":{"line":65,"column":34},"end":{"line":65,"column":36}},"loc":{"start":{"line":65,"column":36},"end":{"line":65,"column":null}},"line":65},"2":{"name":"(anonymous_2)","decl":{"start":{"line":72,"column":34},"end":{"line":72,"column":36}},"loc":{"start":{"line":72,"column":36},"end":{"line":72,"column":null}},"line":72}},"branchMap":{"0":{"loc":{"start":{"line":19,"column":19},"end":{"line":74,"column":null}},"type":"cond-expr","locations":[{"start":{"line":19,"column":19},"end":{"line":74,"column":null}}],"line":19},"1":{"loc":{"start":{"line":26,"column":26},"end":{"line":26,"column":null}},"type":"binary-expr","locations":[{"start":{"line":26,"column":26},"end":{"line":26,"column":28}},{"start":{"line":26,"column":26},"end":{"line":26,"column":null}}],"line":26},"2":{"loc":{"start":{"line":29,"column":16},"end":{"line":32,"column":null}},"type":"binary-expr","locations":[{"start":{"line":29,"column":16},"end":{"line":29,"column":null}},{"start":{"line":29,"column":16},"end":{"line":32,"column":null}}],"line":29},"3":{"loc":{"start":{"line":39,"column":33},"end":{"line":39,"column":null}},"type":"binary-expr","locations":[{"start":{"line":39,"column":33},"end":{"line":39,"column":38}},{"start":{"line":39,"column":38},"end":{"line":39,"column":null}}],"line":39},"4":{"loc":{"start":{"line":43,"column":31},"end":{"line":43,"column":null}},"type":"binary-expr","locations":[{"start":{"line":43,"column":31},"end":{"line":43,"column":36}},{"start":{"line":43,"column":36},"end":{"line":43,"column":null}}],"line":43},"5":{"loc":{"start":{"line":48,"column":36},"end":{"line":48,"column":null}},"type":"binary-expr","locations":[{"start":{"line":48,"column":36},"end":{"line":48,"column":null}},{"start":{"line":48,"column":36},"end":{"line":48,"column":null}}],"line":48},"6":{"loc":{"start":{"line":60,"column":69},"end":{"line":60,"column":null}},"type":"cond-expr","locations":[{"start":{"line":60,"column":69},"end":{"line":60,"column":null}},{"start":{"line":60,"column":69},"end":{"line":60,"column":null}}],"line":60},"7":{"loc":{"start":{"line":65,"column":34},"end":{"line":65,"column":null}},"type":"binary-expr","locations":[{"start":{"line":65,"column":34},"end":{"line":65,"column":36}},{"start":{"line":65,"column":34},"end":{"line":65,"column":null}}],"line":65},"8":{"loc":{"start":{"line":67,"column":31},"end":{"line":67,"column":null}},"type":"binary-expr","locations":[{"start":{"line":67,"column":31},"end":{"line":67,"column":43}},{"start":{"line":67,"column":43},"end":{"line":67,"column":null}}],"line":67},"9":{"loc":{"start":{"line":72,"column":34},"end":{"line":72,"column":null}},"type":"binary-expr","locations":[{"start":{"line":72,"column":34},"end":{"line":72,"column":36}},{"start":{"line":72,"column":34},"end":{"line":72,"column":null}}],"line":72},"10":{"loc":{"start":{"line":74,"column":31},"end":{"line":74,"column":null}},"type":"binary-expr","locations":[{"start":{"line":74,"column":31},"end":{"line":74,"column":42}},{"start":{"line":74,"column":42},"end":{"line":74,"column":null}}],"line":74}},"s":{"0":5,"1":7,"2":7,"3":7,"4":7,"5":7,"6":7,"7":5,"8":0,"9":1,"10":1},"f":{"0":0,"1":1,"2":1},"b":{"0":[4],"1":[4,4],"2":[4,4],"3":[4,3],"4":[4,3],"5":[4,3],"6":[0,4],"7":[4,4],"8":[4,4],"9":[4,4],"10":[4,4]},"meta":{"lastBranch":11,"lastFunction":3,"lastStatement":11,"seen":{"s:11:13:11:Infinity":0,"s:21:16:21:110":1,"s:41:25:41:71":2,"s:42:28:42:79":3,"s:45:29:45:41":4,"s:46:31:46:60":5,"s:55:24:55:88":6,"s:18:4:74:Infinity":7,"b:19:19:74:Infinity":0,"b:26:26:26:28:26:26:26:Infinity":1,"f:26:26:26:28":0,"s:26:28:26:Infinity":8,"b:29:16:29:Infinity:29:16:32:Infinity":2,"b:39:33:39:38:39:38:39:Infinity":3,"b:43:31:43:36:43:36:43:Infinity":4,"b:48:36:48:Infinity:48:36:48:Infinity":5,"b:60:69:60:Infinity:60:69:60:Infinity":6,"b:65:34:65:36:65:34:65:Infinity":7,"f:65:34:65:36":1,"s:65:36:65:Infinity":9,"b:67:31:67:43:67:43:67:Infinity":8,"b:72:34:72:36:72:34:72:Infinity":9,"f:72:34:72:36":2,"s:72:36:72:Infinity":10,"b:74:31:74:42:74:42:74:Infinity":10}}}
,"/var/www/html/resources/ts/Components/CustomerForm.vue": {"path":"/var/www/html/resources/ts/Components/CustomerForm.vue","statementMap":{"0":{"start":{"line":7,"column":14},"end":{"line":7,"column":null}},"1":{"start":{"line":19,"column":13},"end":{"line":19,"column":null}},"2":{"start":{"line":24,"column":6},"end":{"line":24,"column":53}},"3":{"start":{"line":25,"column":6},"end":{"line":25,"column":25}},"4":{"start":{"line":28,"column":16},"end":{"line":28,"column":null}},"5":{"start":{"line":30,"column":4},"end":{"line":33,"column":null}},"6":{"start":{"line":31,"column":8},"end":{"line":31,"column":null}},"7":{"start":{"line":33,"column":8},"end":{"line":33,"column":null}},"8":{"start":{"line":36,"column":23},"end":{"line":36,"column":null}},"9":{"start":{"line":38,"column":4},"end":{"line":41,"column":null}},"10":{"start":{"line":39,"column":8},"end":{"line":39,"column":null}},"11":{"start":{"line":41,"column":8},"end":{"line":41,"column":null}},"12":{"start":{"line":46,"column":16},"end":{"line":46,"column":null}},"13":{"start":{"line":47,"column":20},"end":{"line":47,"column":null}},"14":{"start":{"line":49,"column":4},"end":{"line":52,"column":null}},"15":{"start":{"line":50,"column":8},"end":{"line":50,"column":null}},"16":{"start":{"line":52,"column":8},"end":{"line":52,"column":null}},"17":{"start":{"line":57,"column":4},"end":{"line":57,"column":null}},"18":{"start":{"line":61,"column":4},"end":{"line":61,"column":null}},"19":{"start":{"line":65,"column":4},"end":{"line":66,"column":null}},"20":{"start":{"line":66,"column":8},"end":{"line":66,"column":null}},"21":{"start":{"line":159,"column":21},"end":{"line":159,"column":35}},"22":{"start":{"line":179,"column":21},"end":{"line":179,"column":35}},"23":{"start":{"line":229,"column":13},"end":{"line":229,"column":43}},"24":{"start":{"line":72,"column":4},"end":{"line":243,"column":null}},"25":{"start":{"line":72,"column":27},"end":{"line":72,"column":43}},"26":{"start":{"line":82,"column":25},"end":{"line":82,"column":null}},"27":{"start":{"line":105,"column":25},"end":{"line":105,"column":null}},"28":{"start":{"line":124,"column":25},"end":{"line":124,"column":null}},"29":{"start":{"line":127,"column":16},"end":{"line":132,"column":null}},"30":{"start":{"line":154,"column":12},"end":{"line":221,"column":null}},"31":{"start":{"line":161,"column":33},"end":{"line":161,"column":null}},"32":{"start":{"line":170,"column":31},"end":{"line":170,"column":null}},"33":{"start":{"line":181,"column":33},"end":{"line":181,"column":null}},"34":{"start":{"line":190,"column":31},"end":{"line":190,"column":null}},"35":{"start":{"line":209,"column":28},"end":{"line":209,"column":null}},"36":{"start":{"line":233,"column":24},"end":{"line":233,"column":null}}},"fnMap":{"0":{"name":"validateEmail","decl":{"start":{"line":27,"column":9},"end":{"line":27,"column":23}},"loc":{"start":{"line":27,"column":53},"end":{"line":41,"column":null}},"line":27},"1":{"name":"validateName","decl":{"start":{"line":45,"column":9},"end":{"line":45,"column":22}},"loc":{"start":{"line":45,"column":37},"end":{"line":52,"column":null}},"line":45},"2":{"name":"validateCustomerName","decl":{"start":{"line":56,"column":9},"end":{"line":56,"column":32}},"loc":{"start":{"line":56,"column":32},"end":{"line":57,"column":null}},"line":56},"3":{"name":"addContact","decl":{"start":{"line":60,"column":9},"end":{"line":60,"column":22}},"loc":{"start":{"line":60,"column":22},"end":{"line":61,"column":null}},"line":60},"4":{"name":"removeContact","decl":{"start":{"line":64,"column":9},"end":{"line":64,"column":23}},"loc":{"start":{"line":64,"column":38},"end":{"line":66,"column":null}},"line":64},"5":{"name":"(anonymous_5)","decl":{"start":{"line":72,"column":17},"end":{"line":72,"column":27}},"loc":{"start":{"line":72,"column":27},"end":{"line":72,"column":43}},"line":72},"6":{"name":"(anonymous_6)","decl":{"start":{"line":82,"column":25},"end":{"line":82,"column":30}},"loc":{"start":{"line":82,"column":25},"end":{"line":82,"column":null}},"line":82},"7":{"name":"(anonymous_7)","decl":{"start":{"line":105,"column":25},"end":{"line":105,"column":30}},"loc":{"start":{"line":105,"column":25},"end":{"line":105,"column":null}},"line":105},"8":{"name":"(anonymous_8)","decl":{"start":{"line":124,"column":25},"end":{"line":124,"column":30}},"loc":{"start":{"line":124,"column":25},"end":{"line":124,"column":null}},"line":124},"9":{"name":"(anonymous_9)","decl":{"start":{"line":128,"column":45},"end":{"line":128,"column":null}},"loc":{"start":{"line":128,"column":40},"end":{"line":132,"column":null}},"line":128},"10":{"name":"(anonymous_10)","decl":{"start":{"line":155,"column":48},"end":{"line":155,"column":null}},"loc":{"start":{"line":155,"column":38},"end":{"line":221,"column":null}},"line":155},"11":{"name":"(anonymous_11)","decl":{"start":{"line":161,"column":33},"end":{"line":161,"column":41}},"loc":{"start":{"line":161,"column":33},"end":{"line":161,"column":null}},"line":161},"12":{"name":"(anonymous_12)","decl":{"start":{"line":170,"column":25},"end":{"line":170,"column":29}},"loc":{"start":{"line":170,"column":31},"end":{"line":170,"column":null}},"line":170},"13":{"name":"(anonymous_13)","decl":{"start":{"line":181,"column":33},"end":{"line":181,"column":41}},"loc":{"start":{"line":181,"column":33},"end":{"line":181,"column":null}},"line":181},"14":{"name":"(anonymous_14)","decl":{"start":{"line":190,"column":25},"end":{"line":190,"column":29}},"loc":{"start":{"line":190,"column":31},"end":{"line":190,"column":null}},"line":190},"15":{"name":"(anonymous_15)","decl":{"start":{"line":209,"column":21},"end":{"line":209,"column":26}},"loc":{"start":{"line":209,"column":28},"end":{"line":209,"column":null}},"line":209},"16":{"name":"(anonymous_16)","decl":{"start":{"line":233,"column":22},"end":{"line":233,"column":24}},"loc":{"start":{"line":233,"column":24},"end":{"line":233,"column":null}},"line":233}},"branchMap":{"0":{"loc":{"start":{"line":30,"column":4},"end":{"line":33,"column":null}},"type":"if","locations":[{"start":{"line":30,"column":4},"end":{"line":33,"column":null}},{"start":{},"end":{}}],"line":30},"1":{"loc":{"start":{"line":38,"column":4},"end":{"line":41,"column":null}},"type":"if","locations":[{"start":{"line":38,"column":4},"end":{"line":41,"column":null}},{"start":{"line":40,"column":11},"end":{"line":41,"column":null}}],"line":38},"2":{"loc":{"start":{"line":49,"column":4},"end":{"line":52,"column":null}},"type":"if","locations":[{"start":{"line":49,"column":4},"end":{"line":52,"column":null}},{"start":{"line":51,"column":11},"end":{"line":52,"column":null}}],"line":49},"3":{"loc":{"start":{"line":49,"column":8},"end":{"line":49,"column":40}},"type":"binary-expr","locations":[{"start":{"line":49,"column":8},"end":{"line":49,"column":25}},{"start":{"line":49,"column":25},"end":{"line":49,"column":40}}],"line":49},"4":{"loc":{"start":{"line":57,"column":22},"end":{"line":57,"column":null}},"type":"cond-expr","locations":[{"start":{"line":57,"column":47},"end":{"line":57,"column":52}},{"start":{"line":57,"column":52},"end":{"line":57,"column":null}}],"line":57},"5":{"loc":{"start":{"line":65,"column":4},"end":{"line":66,"column":null}},"type":"if","locations":[{"start":{"line":65,"column":4},"end":{"line":66,"column":null}},{"start":{},"end":{}}],"line":65},"6":{"loc":{"start":{"line":72,"column":17},"end":{"line":72,"column":43}},"type":"binary-expr","locations":[{"start":{"line":72,"column":17},"end":{"line":72,"column":27}},{"start":{"line":72,"column":17},"end":{"line":72,"column":43}}],"line":72},"7":{"loc":{"start":{"line":75,"column":12},"end":{"line":78,"column":null}},"type":"binary-expr","locations":[{"start":{"line":75,"column":12},"end":{"line":75,"column":null}},{"start":{"line":75,"column":12},"end":{"line":78,"column":null}}],"line":75},"8":{"loc":{"start":{"line":82,"column":25},"end":{"line":82,"column":null}},"type":"binary-expr","locations":[{"start":{"line":82,"column":25},"end":{"line":82,"column":30}},{"start":{"line":82,"column":25},"end":{"line":82,"column":null}}],"line":82},"9":{"loc":{"start":{"line":85,"column":24},"end":{"line":85,"column":null}},"type":"cond-expr","locations":[{"start":{"line":85,"column":33},"end":{"line":85,"column":null}},{"start":{"line":85,"column":33},"end":{"line":85,"column":null}}],"line":85},"10":{"loc":{"start":{"line":88,"column":21},"end":{"line":92,"column":null}},"type":"cond-expr","locations":[{"start":{"line":88,"column":21},"end":{"line":89,"column":null}},{"start":{"line":91,"column":26},"end":{"line":92,"column":null}}],"line":88},"11":{"loc":{"start":{"line":91,"column":26},"end":{"line":92,"column":null}},"type":"cond-expr","locations":[{"start":{"line":91,"column":38},"end":{"line":92,"column":null}},{"start":{"line":92,"column":35},"end":{"line":92,"column":null}}],"line":91},"12":{"loc":{"start":{"line":98,"column":12},"end":{"line":101,"column":null}},"type":"binary-expr","locations":[{"start":{"line":98,"column":12},"end":{"line":98,"column":null}},{"start":{"line":98,"column":12},"end":{"line":101,"column":null}}],"line":98},"13":{"loc":{"start":{"line":105,"column":25},"end":{"line":105,"column":null}},"type":"binary-expr","locations":[{"start":{"line":105,"column":25},"end":{"line":105,"column":30}},{"start":{"line":105,"column":25},"end":{"line":105,"column":null}}],"line":105},"14":{"loc":{"start":{"line":110,"column":21},"end":{"line":111,"column":null}},"type":"cond-expr","locations":[{"start":{"line":110,"column":33},"end":{"line":111,"column":null}},{"start":{"line":111,"column":36},"end":{"line":111,"column":null}}],"line":110},"15":{"loc":{"start":{"line":117,"column":12},"end":{"line":120,"column":null}},"type":"binary-expr","locations":[{"start":{"line":117,"column":12},"end":{"line":117,"column":null}},{"start":{"line":117,"column":12},"end":{"line":120,"column":null}}],"line":117},"16":{"loc":{"start":{"line":124,"column":25},"end":{"line":124,"column":null}},"type":"binary-expr","locations":[{"start":{"line":124,"column":25},"end":{"line":124,"column":30}},{"start":{"line":124,"column":25},"end":{"line":124,"column":null}}],"line":124},"17":{"loc":{"start":{"line":135,"column":21},"end":{"line":136,"column":null}},"type":"cond-expr","locations":[{"start":{"line":135,"column":33},"end":{"line":136,"column":null}},{"start":{"line":136,"column":39},"end":{"line":136,"column":null}}],"line":135},"18":{"loc":{"start":{"line":142,"column":58},"end":{"line":144,"column":null}},"type":"binary-expr","locations":[{"start":{"line":142,"column":58},"end":{"line":142,"column":null}},{"start":{"line":142,"column":58},"end":{"line":144,"column":null}}],"line":142},"19":{"loc":{"start":{"line":165,"column":61},"end":{"line":165,"column":null}},"type":"cond-expr","locations":[{"start":{"line":165,"column":91},"end":{"line":165,"column":null}},{"start":{"line":165,"column":91},"end":{"line":165,"column":null}}],"line":165},"20":{"loc":{"start":{"line":173,"column":30},"end":{"line":176,"column":null}},"type":"cond-expr","locations":[{"start":{"line":173,"column":60},"end":{"line":176,"column":null}},{"start":{"line":176,"column":57},"end":{"line":176,"column":null}}],"line":173},"21":{"loc":{"start":{"line":185,"column":61},"end":{"line":185,"column":null}},"type":"cond-expr","locations":[{"start":{"line":185,"column":91},"end":{"line":185,"column":null}},{"start":{"line":185,"column":91},"end":{"line":185,"column":null}}],"line":185},"22":{"loc":{"start":{"line":193,"column":30},"end":{"line":196,"column":null}},"type":"cond-expr","locations":[{"start":{"line":193,"column":60},"end":{"line":196,"column":null}},{"start":{"line":196,"column":57},"end":{"line":196,"column":null}}],"line":193},"23":{"loc":{"start":{"line":199,"column":31},"end":{"line":202,"column":null}},"type":"cond-expr","locations":[{"start":{"line":199,"column":68},"end":{"line":202,"column":null}},{"start":{"line":202,"column":65},"end":{"line":202,"column":null}}],"line":199},"24":{"loc":{"start":{"line":206,"column":26},"end":{"line":221,"column":null}},"type":"cond-expr","locations":[{"start":{"line":206,"column":46},"end":{"line":221,"column":null}}],"line":206},"25":{"loc":{"start":{"line":211,"column":20},"end":{"line":221,"column":null}},"type":"binary-expr","locations":[{"start":{"line":211,"column":20},"end":{"line":211,"column":null}},{"start":{"line":211,"column":20},"end":{"line":221,"column":null}}],"line":211},"26":{"loc":{"start":{"line":233,"column":22},"end":{"line":233,"column":null}},"type":"binary-expr","locations":[{"start":{"line":233,"column":22},"end":{"line":233,"column":24}},{"start":{"line":233,"column":22},"end":{"line":233,"column":null}}],"line":233},"27":{"loc":{"start":{"line":243,"column":20},"end":{"line":243,"column":null}},"type":"cond-expr","locations":[{"start":{"line":243,"column":25},"end":{"line":243,"column":100}},{"start":{"line":243,"column":100},"end":{"line":243,"column":null}}],"line":243},"28":{"loc":{"start":{"line":243,"column":100},"end":{"line":243,"column":null}},"type":"cond-expr","locations":[{"start":{"line":243,"column":100},"end":{"line":243,"column":null}},{"start":{"line":243,"column":100},"end":{"line":243,"column":null}}],"line":243}},"s":{"0":15,"1":15,"2":15,"3":15,"4":1,"5":1,"6":0,"7":0,"8":1,"9":1,"10":1,"11":0,"12":1,"13":1,"14":1,"15":1,"16":0,"17":1,"18":1,"19":1,"20":1,"21":3,"22":3,"23":3,"24":20,"25":1,"26":0,"27":0,"28":0,"29":60,"30":22,"31":0,"32":1,"33":0,"34":1,"35":1,"36":1},"f":{"0":1,"1":1,"2":1,"3":1,"4":1,"5":1,"6":0,"7":0,"8":0,"9":60,"10":22,"11":0,"12":1,"13":0,"14":1,"15":1,"16":1},"b":{"0":[0,1],"1":[1,0],"2":[1,0],"3":[1,1],"4":[0,1],"5":[1,0],"6":[20,15],"7":[20,15],"8":[20,15],"9":[1,19],"10":[1,19],"11":[1,18],"12":[20,15],"13":[20,15],"14":[0,20],"15":[20,15],"16":[20,15],"17":[0,20],"18":[20,15],"19":[1,21],"20":[1,21],"21":[1,21],"22":[1,21],"23":[0,22],"24":[4],"25":[4,2],"26":[20,15],"27":[2,18],"28":[1,17]},"meta":{"lastBranch":29,"lastFunction":17,"lastStatement":37,"seen":{"s:7:14:7:Infinity":0,"s:19:13:19:Infinity":1,"s:24:6:24:53":2,"s:25:6:25:25":3,"f:27:9:27:23":0,"s:28:16:28:Infinity":4,"b:30:4:33:Infinity:undefined:undefined:undefined:undefined":0,"s:30:4:33:Infinity":5,"s:31:8:31:Infinity":6,"s:33:8:33:Infinity":7,"s:36:23:36:Infinity":8,"b:38:4:41:Infinity:40:11:41:Infinity":1,"s:38:4:41:Infinity":9,"s:39:8:39:Infinity":10,"s:41:8:41:Infinity":11,"f:45:9:45:22":1,"s:46:16:46:Infinity":12,"s:47:20:47:Infinity":13,"b:49:4:52:Infinity:51:11:52:Infinity":2,"s:49:4:52:Infinity":14,"b:49:8:49:25:49:25:49:40":3,"s:50:8:50:Infinity":15,"s:52:8:52:Infinity":16,"f:56:9:56:32":2,"s:57:4:57:Infinity":17,"b:57:47:57:52:57:52:57:Infinity":4,"f:60:9:60:22":3,"s:61:4:61:Infinity":18,"f:64:9:64:23":4,"b:65:4:66:Infinity:undefined:undefined:undefined:undefined":5,"s:65:4:66:Infinity":19,"s:66:8:66:Infinity":20,"s:159:21:159:35":21,"s:179:21:179:35":22,"s:229:13:229:43":23,"s:72:4:243:Infinity":24,"b:72:17:72:27:72:17:72:43":6,"f:72:17:72:27":5,"s:72:27:72:43":25,"b:75:12:75:Infinity:75:12:78:Infinity":7,"b:82:25:82:30:82:25:82:Infinity":8,"f:82:25:82:30":6,"s:82:25:82:Infinity":26,"b:85:33:85:Infinity:85:33:85:Infinity":9,"b:88:21:89:Infinity:91:26:92:Infinity":10,"b:91:38:92:Infinity:92:35:92:Infinity":11,"b:98:12:98:Infinity:98:12:101:Infinity":12,"b:105:25:105:30:105:25:105:Infinity":13,"f:105:25:105:30":7,"s:105:25:105:Infinity":27,"b:110:33:111:Infinity:111:36:111:Infinity":14,"b:117:12:117:Infinity:117:12:120:Infinity":15,"b:124:25:124:30:124:25:124:Infinity":16,"f:124:25:124:30":8,"s:124:25:124:Infinity":28,"f:128:45:128:Infinity":9,"s:127:16:132:Infinity":29,"b:135:33:136:Infinity:136:39:136:Infinity":17,"b:142:58:142:Infinity:142:58:144:Infinity":18,"f:155:48:155:Infinity":10,"s:154:12:221:Infinity":30,"f:161:33:161:41":11,"s:161:33:161:Infinity":31,"b:165:91:165:Infinity:165:91:165:Infinity":19,"f:170:25:170:29":12,"s:170:31:170:Infinity":32,"b:173:60:176:Infinity:176:57:176:Infinity":20,"f:181:33:181:41":13,"s:181:33:181:Infinity":33,"b:185:91:185:Infinity:185:91:185:Infinity":21,"f:190:25:190:29":14,"s:190:31:190:Infinity":34,"b:193:60:196:Infinity:196:57:196:Infinity":22,"b:199:68:202:Infinity:202:65:202:Infinity":23,"b:206:46:221:Infinity":24,"f:209:21:209:26":15,"s:209:28:209:Infinity":35,"b:211:20:211:Infinity:211:20:221:Infinity":25,"b:233:22:233:24:233:22:233:Infinity":26,"f:233:22:233:24":16,"s:233:24:233:Infinity":36,"b:243:25:243:100:243:100:243:Infinity":27,"b:243:100:243:Infinity:243:100:243:Infinity":28}}}
,"/var/www/html/resources/ts/Components/FlashMessages.vue": {"path":"/var/www/html/resources/ts/Components/FlashMessages.vue","statementMap":{"0":{"start":{"line":5,"column":15},"end":{"line":5,"column":38}},"1":{"start":{"line":6,"column":6},"end":{"line":6,"column":26}},"2":{"start":{"line":8,"column":0},"end":{"line":19,"column":null}},"3":{"start":{"line":11,"column":8},"end":{"line":15,"column":null}},"4":{"start":{"line":12,"column":12},"end":{"line":12,"column":null}},"5":{"start":{"line":13,"column":12},"end":{"line":15,"column":null}},"6":{"start":{"line":14,"column":16},"end":{"line":14,"column":null}},"7":{"start":{"line":28,"column":15},"end":{"line":28,"column":57}},"8":{"start":{"line":33,"column":15},"end":{"line":33,"column":55}},"9":{"start":{"line":36,"column":15},"end":{"line":36,"column":56}},"10":{"start":{"line":24,"column":14},"end":{"line":36,"column":80}}},"fnMap":{"0":{"name":"(anonymous_0)","decl":{"start":{"line":9,"column":4},"end":{"line":9,"column":null}},"loc":{"start":{"line":10,"column":13},"end":{"line":18,"column":6}},"line":10},"1":{"name":"(anonymous_1)","decl":{"start":{"line":13,"column":12},"end":{"line":13,"column":29}},"loc":{"start":{"line":13,"column":29},"end":{"line":15,"column":20}},"line":13}},"branchMap":{"0":{"loc":{"start":{"line":11,"column":8},"end":{"line":15,"column":null}},"type":"if","locations":[{"start":{"line":11,"column":8},"end":{"line":15,"column":null}},{"start":{},"end":{}}],"line":11},"1":{"loc":{"start":{"line":24,"column":14},"end":{"line":36,"column":80}},"type":"cond-expr","locations":[{"start":{"line":24,"column":25},"end":{"line":36,"column":80}}],"line":24},"2":{"loc":{"start":{"line":24,"column":14},"end":{"line":24,"column":null}},"type":"binary-expr","locations":[{"start":{"line":24,"column":14},"end":{"line":24,"column":25}},{"start":{"line":24,"column":25},"end":{"line":24,"column":null}}],"line":24},"3":{"loc":{"start":{"line":27,"column":19},"end":{"line":29,"column":null}},"type":"cond-expr","locations":[{"start":{"line":27,"column":25},"end":{"line":29,"column":null}},{"start":{"line":29,"column":32},"end":{"line":29,"column":null}}],"line":27},"4":{"loc":{"start":{"line":32,"column":19},"end":{"line":33,"column":77}},"type":"cond-expr","locations":[{"start":{"line":32,"column":25},"end":{"line":33,"column":77}},{"start":{"line":33,"column":70},"end":{"line":33,"column":77}}],"line":32},"5":{"loc":{"start":{"line":35,"column":19},"end":{"line":36,"column":80}},"type":"cond-expr","locations":[{"start":{"line":35,"column":25},"end":{"line":36,"column":80}},{"start":{"line":36,"column":73},"end":{"line":36,"column":80}}],"line":35}},"s":{"0":5,"1":5,"2":5,"3":5,"4":4,"5":4,"6":1,"7":16,"8":16,"9":16,"10":6},"f":{"0":5,"1":1},"b":{"0":[4,1],"1":[4],"2":[6,4],"3":[2,2],"4":[1,3],"5":[1,3]},"meta":{"lastBranch":6,"lastFunction":2,"lastStatement":11,"seen":{"s:5:15:5:38":0,"s:6:6:6:26":1,"s:8:0:19:Infinity":2,"f:9:4:9:Infinity":0,"b:11:8:15:Infinity:undefined:undefined:undefined:undefined":0,"s:11:8:15:Infinity":3,"s:12:12:12:Infinity":4,"s:13:12:15:Infinity":5,"f:13:12:13:29":1,"s:14:16:14:Infinity":6,"s:28:15:28:57":7,"s:33:15:33:55":8,"s:36:15:36:56":9,"s:24:14:36:80":10,"b:24:25:36:80":1,"b:24:14:24:25:24:25:24:Infinity":2,"b:27:25:29:Infinity:29:32:29:Infinity":3,"b:32:25:33:77:33:70:33:77":4,"b:35:25:36:80:36:73:36:80":5}}}
,"/var/www/html/resources/ts/Components/LocationFields.vue": {"path":"/var/www/html/resources/ts/Components/LocationFields.vue","statementMap":{"0":{"start":{"line":14,"column":9},"end":{"line":14,"column":54}},"1":{"start":{"line":15,"column":13},"end":{"line":15,"column":34}},"2":{"start":{"line":32,"column":13},"end":{"line":32,"column":34}},"3":{"start":{"line":14,"column":4},"end":{"line":132,"column":null}},"4":{"start":{"line":23,"column":45},"end":{"line":23,"column":null}},"5":{"start":{"line":40,"column":45},"end":{"line":40,"column":null}},"6":{"start":{"line":55,"column":45},"end":{"line":55,"column":null}},"7":{"start":{"line":69,"column":45},"end":{"line":69,"column":null}},"8":{"start":{"line":85,"column":45},"end":{"line":85,"column":null}},"9":{"start":{"line":101,"column":45},"end":{"line":101,"column":null}},"10":{"start":{"line":115,"column":45},"end":{"line":115,"column":null}},"11":{"start":{"line":132,"column":45},"end":{"line":132,"column":null}}},"fnMap":{"0":{"name":"(anonymous_0)","decl":{"start":{"line":23,"column":22},"end":{"line":23,"column":45}},"loc":{"start":{"line":23,"column":45},"end":{"line":23,"column":null}},"line":23},"1":{"name":"(anonymous_1)","decl":{"start":{"line":40,"column":22},"end":{"line":40,"column":45}},"loc":{"start":{"line":40,"column":45},"end":{"line":40,"column":null}},"line":40},"2":{"name":"(anonymous_2)","decl":{"start":{"line":55,"column":22},"end":{"line":55,"column":45}},"loc":{"start":{"line":55,"column":45},"end":{"line":55,"column":null}},"line":55},"3":{"name":"(anonymous_3)","decl":{"start":{"line":69,"column":22},"end":{"line":69,"column":45}},"loc":{"start":{"line":69,"column":45},"end":{"line":69,"column":null}},"line":69},"4":{"name":"(anonymous_4)","decl":{"start":{"line":85,"column":22},"end":{"line":85,"column":45}},"loc":{"start":{"line":85,"column":45},"end":{"line":85,"column":null}},"line":85},"5":{"name":"(anonymous_5)","decl":{"start":{"line":101,"column":22},"end":{"line":101,"column":45}},"loc":{"start":{"line":101,"column":45},"end":{"line":101,"column":null}},"line":101},"6":{"name":"(anonymous_6)","decl":{"start":{"line":115,"column":22},"end":{"line":115,"column":45}},"loc":{"start":{"line":115,"column":45},"end":{"line":115,"column":null}},"line":115},"7":{"name":"(anonymous_7)","decl":{"start":{"line":132,"column":22},"end":{"line":132,"column":45}},"loc":{"start":{"line":132,"column":45},"end":{"line":132,"column":null}},"line":132}},"branchMap":{"0":{"loc":{"start":{"line":31,"column":14},"end":{"line":17,"column":null}},"type":"binary-expr","locations":[{"start":{"line":31,"column":14},"end":{"line":31,"column":null}},{"start":{"line":31,"column":14},"end":{"line":17,"column":null}}],"line":31},"1":{"loc":{"start":{"line":23,"column":22},"end":{"line":23,"column":null}},"type":"binary-expr","locations":[{"start":{"line":23,"column":22},"end":{"line":23,"column":45}},{"start":{"line":23,"column":22},"end":{"line":23,"column":null}}],"line":23},"2":{"loc":{"start":{"line":48,"column":14},"end":{"line":34,"column":null}},"type":"binary-expr","locations":[{"start":{"line":48,"column":14},"end":{"line":48,"column":null}},{"start":{"line":48,"column":14},"end":{"line":34,"column":null}}],"line":48},"3":{"loc":{"start":{"line":40,"column":22},"end":{"line":40,"column":null}},"type":"binary-expr","locations":[{"start":{"line":40,"column":22},"end":{"line":40,"column":45}},{"start":{"line":40,"column":22},"end":{"line":40,"column":null}}],"line":40},"4":{"loc":{"start":{"line":62,"column":14},"end":{"line":50,"column":79}},"type":"binary-expr","locations":[{"start":{"line":62,"column":14},"end":{"line":62,"column":null}},{"start":{"line":62,"column":14},"end":{"line":50,"column":79}}],"line":62},"5":{"loc":{"start":{"line":55,"column":22},"end":{"line":55,"column":null}},"type":"binary-expr","locations":[{"start":{"line":55,"column":22},"end":{"line":55,"column":45}},{"start":{"line":55,"column":22},"end":{"line":55,"column":null}}],"line":55},"6":{"loc":{"start":{"line":76,"column":14},"end":{"line":64,"column":80}},"type":"binary-expr","locations":[{"start":{"line":76,"column":14},"end":{"line":76,"column":null}},{"start":{"line":76,"column":14},"end":{"line":64,"column":80}}],"line":76},"7":{"loc":{"start":{"line":69,"column":22},"end":{"line":69,"column":null}},"type":"binary-expr","locations":[{"start":{"line":69,"column":22},"end":{"line":69,"column":45}},{"start":{"line":69,"column":22},"end":{"line":69,"column":null}}],"line":69},"8":{"loc":{"start":{"line":92,"column":14},"end":{"line":79,"column":null}},"type":"binary-expr","locations":[{"start":{"line":92,"column":14},"end":{"line":92,"column":null}},{"start":{"line":92,"column":14},"end":{"line":79,"column":null}}],"line":92},"9":{"loc":{"start":{"line":85,"column":22},"end":{"line":85,"column":null}},"type":"binary-expr","locations":[{"start":{"line":85,"column":22},"end":{"line":85,"column":45}},{"start":{"line":85,"column":22},"end":{"line":85,"column":null}}],"line":85},"10":{"loc":{"start":{"line":108,"column":14},"end":{"line":95,"column":null}},"type":"binary-expr","locations":[{"start":{"line":108,"column":14},"end":{"line":108,"column":null}},{"start":{"line":108,"column":14},"end":{"line":95,"column":null}}],"line":108},"11":{"loc":{"start":{"line":101,"column":22},"end":{"line":101,"column":null}},"type":"binary-expr","locations":[{"start":{"line":101,"column":22},"end":{"line":101,"column":45}},{"start":{"line":101,"column":22},"end":{"line":101,"column":null}}],"line":101},"12":{"loc":{"start":{"line":122,"column":14},"end":{"line":110,"column":80}},"type":"binary-expr","locations":[{"start":{"line":122,"column":14},"end":{"line":122,"column":null}},{"start":{"line":122,"column":14},"end":{"line":110,"column":80}}],"line":122},"13":{"loc":{"start":{"line":115,"column":22},"end":{"line":115,"column":null}},"type":"binary-expr","locations":[{"start":{"line":115,"column":22},"end":{"line":115,"column":45}},{"start":{"line":115,"column":22},"end":{"line":115,"column":null}}],"line":115},"14":{"loc":{"start":{"line":139,"column":14},"end":{"line":125,"column":null}},"type":"binary-expr","locations":[{"start":{"line":139,"column":14},"end":{"line":139,"column":null}},{"start":{"line":139,"column":14},"end":{"line":125,"column":null}}],"line":139},"15":{"loc":{"start":{"line":132,"column":22},"end":{"line":132,"column":null}},"type":"binary-expr","locations":[{"start":{"line":132,"column":22},"end":{"line":132,"column":45}},{"start":{"line":132,"column":22},"end":{"line":132,"column":null}}],"line":132}},"s":{"0":1,"1":1,"2":1,"3":9,"4":1,"5":0,"6":1,"7":1,"8":0,"9":0,"10":1,"11":0},"f":{"0":1,"1":0,"2":1,"3":1,"4":0,"5":0,"6":1,"7":0},"b":{"0":[9,9],"1":[9,9],"2":[9,9],"3":[9,9],"4":[9,9],"5":[9,9],"6":[9,9],"7":[9,9],"8":[9,9],"9":[9,9],"10":[9,9],"11":[9,9],"12":[9,9],"13":[9,9],"14":[9,9],"15":[9,9]},"meta":{"lastBranch":16,"lastFunction":8,"lastStatement":12,"seen":{"s:14:9:14:54":0,"s:15:13:15:34":1,"s:32:13:32:34":2,"s:14:4:132:Infinity":3,"b:31:14:31:Infinity:31:14:17:Infinity":0,"b:23:22:23:45:23:22:23:Infinity":1,"f:23:22:23:45":0,"s:23:45:23:Infinity":4,"b:48:14:48:Infinity:48:14:34:Infinity":2,"b:40:22:40:45:40:22:40:Infinity":3,"f:40:22:40:45":1,"s:40:45:40:Infinity":5,"b:62:14:62:Infinity:62:14:50:79":4,"b:55:22:55:45:55:22:55:Infinity":5,"f:55:22:55:45":2,"s:55:45:55:Infinity":6,"b:76:14:76:Infinity:76:14:64:80":6,"b:69:22:69:45:69:22:69:Infinity":7,"f:69:22:69:45":3,"s:69:45:69:Infinity":7,"b:92:14:92:Infinity:92:14:79:Infinity":8,"b:85:22:85:45:85:22:85:Infinity":9,"f:85:22:85:45":4,"s:85:45:85:Infinity":8,"b:108:14:108:Infinity:108:14:95:Infinity":10,"b:101:22:101:45:101:22:101:Infinity":11,"f:101:22:101:45":5,"s:101:45:101:Infinity":9,"b:122:14:122:Infinity:122:14:110:80":12,"b:115:22:115:45:115:22:115:Infinity":13,"f:115:22:115:45":6,"s:115:45:115:Infinity":10,"b:139:14:139:Infinity:139:14:125:Infinity":14,"b:132:22:132:45:132:22:132:Infinity":15,"f:132:22:132:45":7,"s:132:45:132:Infinity":11}}}
,"/var/www/html/resources/ts/Components/LocationModal.vue": {"path":"/var/www/html/resources/ts/Components/LocationModal.vue","statementMap":{"0":{"start":{"line":6,"column":14},"end":{"line":6,"column":null}},"1":{"start":{"line":13,"column":13},"end":{"line":13,"column":null}},"2":{"start":{"line":17,"column":6},"end":{"line":26,"column":2}},"3":{"start":{"line":28,"column":6},"end":{"line":28,"column":51}},"4":{"start":{"line":31,"column":16},"end":{"line":31,"column":33}},"5":{"start":{"line":33,"column":4},"end":{"line":36,"column":null}},"6":{"start":{"line":34,"column":8},"end":{"line":34,"column":null}},"7":{"start":{"line":36,"column":8},"end":{"line":36,"column":null}},"8":{"start":{"line":40,"column":8},"end":{"line":40,"column":null}},"9":{"start":{"line":42,"column":4},"end":{"line":46,"column":null}},"10":{"start":{"line":43,"column":8},"end":{"line":44,"column":null}},"11":{"start":{"line":46,"column":8},"end":{"line":46,"column":null}},"12":{"start":{"line":51,"column":17},"end":{"line":51,"column":null}},"13":{"start":{"line":53,"column":4},"end":{"line":56,"column":null}},"14":{"start":{"line":54,"column":8},"end":{"line":54,"column":null}},"15":{"start":{"line":56,"column":8},"end":{"line":56,"column":null}},"16":{"start":{"line":60,"column":0},"end":{"line":76,"column":null}},"17":{"start":{"line":61,"column":10},"end":{"line":61,"column":null}},"18":{"start":{"line":63,"column":8},"end":{"line":73,"column":null}},"19":{"start":{"line":64,"column":12},"end":{"line":64,"column":null}},"20":{"start":{"line":65,"column":12},"end":{"line":65,"column":null}},"21":{"start":{"line":66,"column":12},"end":{"line":66,"column":null}},"22":{"start":{"line":67,"column":12},"end":{"line":67,"column":null}},"23":{"start":{"line":68,"column":12},"end":{"line":68,"column":null}},"24":{"start":{"line":69,"column":12},"end":{"line":69,"column":null}},"25":{"start":{"line":70,"column":12},"end":{"line":70,"column":null}},"26":{"start":{"line":71,"column":12},"end":{"line":71,"column":null}},"27":{"start":{"line":72,"column":19},"end":{"line":73,"column":null}},"28":{"start":{"line":73,"column":12},"end":{"line":73,"column":null}},"29":{"start":{"line":79,"column":4},"end":{"line":91,"column":null}},"30":{"start":{"line":80,"column":8},"end":{"line":86,"column":null}},"31":{"start":{"line":84,"column":33},"end":{"line":84,"column":null}},"32":{"start":{"line":88,"column":8},"end":{"line":91,"column":null}},"33":{"start":{"line":90,"column":29},"end":{"line":90,"column":null}},"34":{"start":{"line":100,"column":16},"end":{"line":100,"column":110}},"35":{"start":{"line":120,"column":29},"end":{"line":120,"column":67}},"36":{"start":{"line":122,"column":32},"end":{"line":122,"column":88}},"37":{"start":{"line":130,"column":33},"end":{"line":130,"column":50}},"38":{"start":{"line":254,"column":37},"end":{"line":254,"column":67}},"39":{"start":{"line":321,"column":37},"end":{"line":321,"column":67}},"40":{"start":{"line":383,"column":28},"end":{"line":383,"column":92}},"41":{"start":{"line":97,"column":4},"end":{"line":403,"column":37}},"42":{"start":{"line":104,"column":28},"end":{"line":104,"column":null}},"43":{"start":{"line":137,"column":49},"end":{"line":137,"column":null}},"44":{"start":{"line":146,"column":92},"end":{"line":146,"column":null}},"45":{"start":{"line":172,"column":49},"end":{"line":172,"column":null}},"46":{"start":{"line":183,"column":93},"end":{"line":183,"column":253}},"47":{"start":{"line":215,"column":49},"end":{"line":215,"column":null}},"48":{"start":{"line":223,"column":92},"end":{"line":223,"column":null}},"49":{"start":{"line":249,"column":49},"end":{"line":249,"column":null}},"50":{"start":{"line":261,"column":53},"end":{"line":261,"column":null}},"51":{"start":{"line":269,"column":100},"end":{"line":269,"column":null}},"52":{"start":{"line":292,"column":53},"end":{"line":292,"column":null}},"53":{"start":{"line":300,"column":100},"end":{"line":300,"column":null}},"54":{"start":{"line":328,"column":53},"end":{"line":328,"column":null}},"55":{"start":{"line":335,"column":102},"end":{"line":335,"column":null}},"56":{"start":{"line":345,"column":44},"end":{"line":352,"column":null}},"57":{"start":{"line":374,"column":53},"end":{"line":374,"column":null}},"58":{"start":{"line":400,"column":40},"end":{"line":400,"column":null}}},"fnMap":{"0":{"name":"validateGstin","decl":{"start":{"line":30,"column":9},"end":{"line":30,"column":25}},"loc":{"start":{"line":30,"column":25},"end":{"line":46,"column":null}},"line":30},"1":{"name":"validateRequired","decl":{"start":{"line":50,"column":9},"end":{"line":50,"column":26}},"loc":{"start":{"line":50,"column":56},"end":{"line":56,"column":null}},"line":50},"2":{"name":"(anonymous_2)","decl":{"start":{"line":60,"column":0},"end":{"line":60,"column":null}},"loc":{"start":{"line":61,"column":10},"end":{"line":61,"column":null}},"line":61},"3":{"name":"(anonymous_3)","decl":{"start":{"line":61,"column":16},"end":{"line":61,"column":null}},"loc":{"start":{"line":62,"column":13},"end":{"line":76,"column":null}},"line":62},"4":{"name":"submit","decl":{"start":{"line":78,"column":9},"end":{"line":78,"column":18}},"loc":{"start":{"line":78,"column":18},"end":{"line":91,"column":null}},"line":78},"5":{"name":"(anonymous_5)","decl":{"start":{"line":84,"column":16},"end":{"line":84,"column":33}},"loc":{"start":{"line":84,"column":33},"end":{"line":84,"column":null}},"line":84},"6":{"name":"(anonymous_6)","decl":{"start":{"line":90,"column":12},"end":{"line":90,"column":29}},"loc":{"start":{"line":90,"column":29},"end":{"line":90,"column":null}},"line":90},"7":{"name":"(anonymous_7)","decl":{"start":{"line":104,"column":26},"end":{"line":104,"column":28}},"loc":{"start":{"line":104,"column":28},"end":{"line":104,"column":null}},"line":104},"8":{"name":"(anonymous_8)","decl":{"start":{"line":137,"column":49},"end":{"line":137,"column":54}},"loc":{"start":{"line":137,"column":49},"end":{"line":137,"column":null}},"line":137},"9":{"name":"(anonymous_9)","decl":{"start":{"line":146,"column":45},"end":{"line":146,"column":92}},"loc":{"start":{"line":146,"column":92},"end":{"line":146,"column":null}},"line":146},"10":{"name":"(anonymous_10)","decl":{"start":{"line":172,"column":49},"end":{"line":172,"column":54}},"loc":{"start":{"line":172,"column":49},"end":{"line":172,"column":null}},"line":172},"11":{"name":"(anonymous_11)","decl":{"start":{"line":183,"column":46},"end":{"line":183,"column":93}},"loc":{"start":{"line":183,"column":93},"end":{"line":183,"column":253}},"line":183},"12":{"name":"(anonymous_12)","decl":{"start":{"line":215,"column":49},"end":{"line":215,"column":54}},"loc":{"start":{"line":215,"column":49},"end":{"line":215,"column":null}},"line":215},"13":{"name":"(anonymous_13)","decl":{"start":{"line":223,"column":45},"end":{"line":223,"column":92}},"loc":{"start":{"line":223,"column":92},"end":{"line":223,"column":null}},"line":223},"14":{"name":"(anonymous_14)","decl":{"start":{"line":249,"column":49},"end":{"line":249,"column":54}},"loc":{"start":{"line":249,"column":49},"end":{"line":249,"column":null}},"line":249},"15":{"name":"(anonymous_15)","decl":{"start":{"line":261,"column":53},"end":{"line":261,"column":58}},"loc":{"start":{"line":261,"column":53},"end":{"line":261,"column":null}},"line":261},"16":{"name":"(anonymous_16)","decl":{"start":{"line":269,"column":49},"end":{"line":269,"column":100}},"loc":{"start":{"line":269,"column":100},"end":{"line":269,"column":null}},"line":269},"17":{"name":"(anonymous_17)","decl":{"start":{"line":292,"column":53},"end":{"line":292,"column":58}},"loc":{"start":{"line":292,"column":53},"end":{"line":292,"column":null}},"line":292},"18":{"name":"(anonymous_18)","decl":{"start":{"line":300,"column":49},"end":{"line":300,"column":100}},"loc":{"start":{"line":300,"column":100},"end":{"line":300,"column":null}},"line":300},"19":{"name":"(anonymous_19)","decl":{"start":{"line":328,"column":53},"end":{"line":328,"column":58}},"loc":{"start":{"line":328,"column":53},"end":{"line":328,"column":null}},"line":328},"20":{"name":"(anonymous_20)","decl":{"start":{"line":335,"column":51},"end":{"line":335,"column":102}},"loc":{"start":{"line":335,"column":102},"end":{"line":335,"column":null}},"line":335},"21":{"name":"(anonymous_21)","decl":{"start":{"line":348,"column":53},"end":{"line":348,"column":null}},"loc":{"start":{"line":347,"column":64},"end":{"line":352,"column":null}},"line":347},"22":{"name":"(anonymous_22)","decl":{"start":{"line":374,"column":53},"end":{"line":374,"column":58}},"loc":{"start":{"line":374,"column":53},"end":{"line":374,"column":null}},"line":374},"23":{"name":"(anonymous_23)","decl":{"start":{"line":400,"column":38},"end":{"line":400,"column":40}},"loc":{"start":{"line":400,"column":40},"end":{"line":400,"column":null}},"line":400}},"branchMap":{"0":{"loc":{"start":{"line":33,"column":4},"end":{"line":36,"column":null}},"type":"if","locations":[{"start":{"line":33,"column":4},"end":{"line":36,"column":null}},{"start":{},"end":{}}],"line":33},"1":{"loc":{"start":{"line":42,"column":4},"end":{"line":46,"column":null}},"type":"if","locations":[{"start":{"line":42,"column":4},"end":{"line":46,"column":null}},{"start":{"line":45,"column":11},"end":{"line":46,"column":null}}],"line":42},"2":{"loc":{"start":{"line":51,"column":17},"end":{"line":51,"column":null}},"type":"binary-expr","locations":[{"start":{"line":51,"column":17},"end":{"line":51,"column":46}},{"start":{"line":51,"column":50},"end":{"line":51,"column":null}}],"line":51},"3":{"loc":{"start":{"line":53,"column":4},"end":{"line":56,"column":null}},"type":"if","locations":[{"start":{"line":53,"column":4},"end":{"line":56,"column":null}},{"start":{"line":55,"column":11},"end":{"line":56,"column":null}}],"line":53},"4":{"loc":{"start":{"line":63,"column":8},"end":{"line":73,"column":null}},"type":"if","locations":[{"start":{"line":63,"column":8},"end":{"line":73,"column":null}},{"start":{"line":72,"column":19},"end":{"line":73,"column":null}}],"line":63},"5":{"loc":{"start":{"line":63,"column":12},"end":{"line":63,"column":35}},"type":"binary-expr","locations":[{"start":{"line":63,"column":12},"end":{"line":63,"column":19}},{"start":{"line":63,"column":19},"end":{"line":63,"column":35}}],"line":63},"6":{"loc":{"start":{"line":64,"column":24},"end":{"line":64,"column":null}},"type":"binary-expr","locations":[{"start":{"line":64,"column":24},"end":{"line":64,"column":47}},{"start":{"line":64,"column":47},"end":{"line":64,"column":null}}],"line":64},"7":{"loc":{"start":{"line":65,"column":25},"end":{"line":65,"column":null}},"type":"binary-expr","locations":[{"start":{"line":65,"column":25},"end":{"line":65,"column":49}},{"start":{"line":65,"column":49},"end":{"line":65,"column":null}}],"line":65},"8":{"loc":{"start":{"line":67,"column":34},"end":{"line":67,"column":null}},"type":"binary-expr","locations":[{"start":{"line":67,"column":34},"end":{"line":67,"column":67}},{"start":{"line":67,"column":67},"end":{"line":67,"column":null}}],"line":67},"9":{"loc":{"start":{"line":71,"column":31},"end":{"line":71,"column":null}},"type":"binary-expr","locations":[{"start":{"line":71,"column":31},"end":{"line":71,"column":61}},{"start":{"line":71,"column":61},"end":{"line":71,"column":null}}],"line":71},"10":{"loc":{"start":{"line":72,"column":19},"end":{"line":73,"column":null}},"type":"if","locations":[{"start":{"line":72,"column":19},"end":{"line":73,"column":null}},{"start":{},"end":{}}],"line":72},"11":{"loc":{"start":{"line":79,"column":4},"end":{"line":91,"column":null}},"type":"if","locations":[{"start":{"line":79,"column":4},"end":{"line":91,"column":null}},{"start":{"line":87,"column":11},"end":{"line":91,"column":null}}],"line":79},"12":{"loc":{"start":{"line":98,"column":19},"end":{"line":403,"column":37}},"type":"cond-expr","locations":[{"start":{"line":98,"column":19},"end":{"line":403,"column":37}}],"line":98},"13":{"loc":{"start":{"line":104,"column":26},"end":{"line":104,"column":null}},"type":"binary-expr","locations":[{"start":{"line":104,"column":26},"end":{"line":104,"column":28}},{"start":{"line":104,"column":26},"end":{"line":104,"column":null}}],"line":104},"14":{"loc":{"start":{"line":106,"column":16},"end":{"line":109,"column":null}},"type":"binary-expr","locations":[{"start":{"line":106,"column":16},"end":{"line":106,"column":null}},{"start":{"line":106,"column":16},"end":{"line":109,"column":null}}],"line":106},"15":{"loc":{"start":{"line":115,"column":58},"end":{"line":115,"column":null}},"type":"cond-expr","locations":[{"start":{"line":115,"column":70},"end":{"line":115,"column":null}},{"start":{"line":115,"column":70},"end":{"line":115,"column":null}}],"line":115},"16":{"loc":{"start":{"line":125,"column":36},"end":{"line":125,"column":null}},"type":"cond-expr","locations":[{"start":{"line":125,"column":46},"end":{"line":125,"column":null}},{"start":{"line":125,"column":46},"end":{"line":125,"column":null}}],"line":125},"17":{"loc":{"start":{"line":132,"column":36},"end":{"line":134,"column":null}},"type":"binary-expr","locations":[{"start":{"line":132,"column":36},"end":{"line":132,"column":null}},{"start":{"line":132,"column":36},"end":{"line":134,"column":null}}],"line":132},"18":{"loc":{"start":{"line":137,"column":49},"end":{"line":137,"column":null}},"type":"binary-expr","locations":[{"start":{"line":137,"column":49},"end":{"line":137,"column":54}},{"start":{"line":137,"column":49},"end":{"line":137,"column":null}}],"line":137},"19":{"loc":{"start":{"line":140,"column":93},"end":{"line":140,"column":null}},"type":"cond-expr","locations":[{"start":{"line":140,"column":105},"end":{"line":140,"column":null}},{"start":{"line":140,"column":105},"end":{"line":140,"column":null}}],"line":140},"20":{"loc":{"start":{"line":146,"column":45},"end":{"line":146,"column":null}},"type":"binary-expr","locations":[{"start":{"line":146,"column":45},"end":{"line":146,"column":92}},{"start":{"line":146,"column":45},"end":{"line":146,"column":null}}],"line":146},"21":{"loc":{"start":{"line":154,"column":46},"end":{"line":163,"column":null}},"type":"cond-expr","locations":[{"start":{"line":154,"column":58},"end":{"line":157,"column":null}},{"start":{"line":160,"column":51},"end":{"line":163,"column":null}}],"line":154},"22":{"loc":{"start":{"line":160,"column":51},"end":{"line":163,"column":null}},"type":"cond-expr","locations":[{"start":{"line":160,"column":63},"end":{"line":163,"column":null}},{"start":{"line":163,"column":59},"end":{"line":163,"column":null}}],"line":160},"23":{"loc":{"start":{"line":167,"column":36},"end":{"line":169,"column":null}},"type":"binary-expr","locations":[{"start":{"line":167,"column":36},"end":{"line":167,"column":null}},{"start":{"line":167,"column":36},"end":{"line":169,"column":null}}],"line":167},"24":{"loc":{"start":{"line":172,"column":49},"end":{"line":172,"column":null}},"type":"binary-expr","locations":[{"start":{"line":172,"column":49},"end":{"line":172,"column":54}},{"start":{"line":172,"column":49},"end":{"line":172,"column":null}}],"line":172},"25":{"loc":{"start":{"line":175,"column":93},"end":{"line":175,"column":null}},"type":"cond-expr","locations":[{"start":{"line":175,"column":105},"end":{"line":175,"column":null}},{"start":{"line":175,"column":105},"end":{"line":175,"column":null}}],"line":175},"26":{"loc":{"start":{"line":183,"column":46},"end":{"line":183,"column":null}},"type":"binary-expr","locations":[{"start":{"line":183,"column":46},"end":{"line":183,"column":93}},{"start":{"line":183,"column":46},"end":{"line":183,"column":253}}],"line":183},"27":{"loc":{"start":{"line":190,"column":46},"end":{"line":207,"column":40}},"type":"cond-expr","locations":[{"start":{"line":190,"column":58},"end":{"line":193,"column":null}},{"start":{"line":196,"column":51},"end":{"line":207,"column":40}}],"line":190},"28":{"loc":{"start":{"line":196,"column":51},"end":{"line":207,"column":40}},"type":"cond-expr","locations":[{"start":{"line":196,"column":63},"end":{"line":199,"column":null}},{"start":{"line":199,"column":60},"end":{"line":204,"column":null}}],"line":196},"29":{"loc":{"start":{"line":210,"column":36},"end":{"line":212,"column":null}},"type":"binary-expr","locations":[{"start":{"line":210,"column":36},"end":{"line":210,"column":null}},{"start":{"line":210,"column":36},"end":{"line":212,"column":null}}],"line":210},"30":{"loc":{"start":{"line":215,"column":49},"end":{"line":215,"column":null}},"type":"binary-expr","locations":[{"start":{"line":215,"column":49},"end":{"line":215,"column":54}},{"start":{"line":215,"column":49},"end":{"line":215,"column":null}}],"line":215},"31":{"loc":{"start":{"line":218,"column":93},"end":{"line":218,"column":null}},"type":"cond-expr","locations":[{"start":{"line":218,"column":105},"end":{"line":218,"column":null}},{"start":{"line":218,"column":105},"end":{"line":218,"column":null}}],"line":218},"32":{"loc":{"start":{"line":223,"column":45},"end":{"line":223,"column":null}},"type":"binary-expr","locations":[{"start":{"line":223,"column":45},"end":{"line":223,"column":92}},{"start":{"line":223,"column":45},"end":{"line":223,"column":null}}],"line":223},"33":{"loc":{"start":{"line":231,"column":46},"end":{"line":240,"column":null}},"type":"cond-expr","locations":[{"start":{"line":231,"column":58},"end":{"line":234,"column":null}},{"start":{"line":237,"column":51},"end":{"line":240,"column":null}}],"line":231},"34":{"loc":{"start":{"line":237,"column":51},"end":{"line":240,"column":null}},"type":"cond-expr","locations":[{"start":{"line":237,"column":63},"end":{"line":240,"column":null}},{"start":{"line":240,"column":69},"end":{"line":240,"column":null}}],"line":237},"35":{"loc":{"start":{"line":253,"column":38},"end":{"line":246,"column":null}},"type":"binary-expr","locations":[{"start":{"line":253,"column":38},"end":{"line":253,"column":null}},{"start":{"line":253,"column":38},"end":{"line":246,"column":null}}],"line":253},"36":{"loc":{"start":{"line":249,"column":49},"end":{"line":249,"column":null}},"type":"binary-expr","locations":[{"start":{"line":249,"column":49},"end":{"line":249,"column":54}},{"start":{"line":249,"column":49},"end":{"line":249,"column":null}}],"line":249},"37":{"loc":{"start":{"line":256,"column":40},"end":{"line":258,"column":null}},"type":"binary-expr","locations":[{"start":{"line":256,"column":40},"end":{"line":256,"column":null}},{"start":{"line":256,"column":40},"end":{"line":258,"column":null}}],"line":256},"38":{"loc":{"start":{"line":261,"column":53},"end":{"line":261,"column":null}},"type":"binary-expr","locations":[{"start":{"line":261,"column":53},"end":{"line":261,"column":58}},{"start":{"line":261,"column":53},"end":{"line":261,"column":null}}],"line":261},"39":{"loc":{"start":{"line":264,"column":101},"end":{"line":264,"column":null}},"type":"cond-expr","locations":[{"start":{"line":264,"column":113},"end":{"line":264,"column":null}},{"start":{"line":264,"column":113},"end":{"line":264,"column":null}}],"line":264},"40":{"loc":{"start":{"line":269,"column":49},"end":{"line":269,"column":null}},"type":"binary-expr","locations":[{"start":{"line":269,"column":49},"end":{"line":269,"column":100}},{"start":{"line":269,"column":49},"end":{"line":269,"column":null}}],"line":269},"41":{"loc":{"start":{"line":274,"column":50},"end":{"line":283,"column":null}},"type":"cond-expr","locations":[{"start":{"line":274,"column":62},"end":{"line":277,"column":null}},{"start":{"line":280,"column":55},"end":{"line":283,"column":null}}],"line":274},"42":{"loc":{"start":{"line":280,"column":55},"end":{"line":283,"column":null}},"type":"cond-expr","locations":[{"start":{"line":280,"column":67},"end":{"line":283,"column":null}},{"start":{"line":283,"column":63},"end":{"line":283,"column":null}}],"line":280},"43":{"loc":{"start":{"line":287,"column":40},"end":{"line":289,"column":null}},"type":"binary-expr","locations":[{"start":{"line":287,"column":40},"end":{"line":287,"column":null}},{"start":{"line":287,"column":40},"end":{"line":289,"column":null}}],"line":287},"44":{"loc":{"start":{"line":292,"column":53},"end":{"line":292,"column":null}},"type":"binary-expr","locations":[{"start":{"line":292,"column":53},"end":{"line":292,"column":58}},{"start":{"line":292,"column":53},"end":{"line":292,"column":null}}],"line":292},"45":{"loc":{"start":{"line":295,"column":101},"end":{"line":295,"column":null}},"type":"cond-expr","locations":[{"start":{"line":295,"column":113},"end":{"line":295,"column":null}},{"start":{"line":295,"column":113},"end":{"line":295,"column":null}}],"line":295},"46":{"loc":{"start":{"line":300,"column":49},"end":{"line":300,"column":null}},"type":"binary-expr","locations":[{"start":{"line":300,"column":49},"end":{"line":300,"column":100}},{"start":{"line":300,"column":49},"end":{"line":300,"column":null}}],"line":300},"47":{"loc":{"start":{"line":308,"column":50},"end":{"line":317,"column":null}},"type":"cond-expr","locations":[{"start":{"line":308,"column":62},"end":{"line":311,"column":null}},{"start":{"line":314,"column":55},"end":{"line":317,"column":null}}],"line":308},"48":{"loc":{"start":{"line":314,"column":55},"end":{"line":317,"column":null}},"type":"cond-expr","locations":[{"start":{"line":314,"column":67},"end":{"line":317,"column":null}},{"start":{"line":317,"column":64},"end":{"line":317,"column":null}}],"line":314},"49":{"loc":{"start":{"line":323,"column":40},"end":{"line":325,"column":null}},"type":"binary-expr","locations":[{"start":{"line":323,"column":40},"end":{"line":323,"column":null}},{"start":{"line":323,"column":40},"end":{"line":325,"column":null}}],"line":323},"50":{"loc":{"start":{"line":328,"column":53},"end":{"line":328,"column":null}},"type":"binary-expr","locations":[{"start":{"line":328,"column":53},"end":{"line":328,"column":58}},{"start":{"line":328,"column":53},"end":{"line":328,"column":null}}],"line":328},"51":{"loc":{"start":{"line":330,"column":101},"end":{"line":330,"column":null}},"type":"cond-expr","locations":[{"start":{"line":330,"column":113},"end":{"line":330,"column":null}},{"start":{"line":330,"column":113},"end":{"line":330,"column":null}}],"line":330},"52":{"loc":{"start":{"line":335,"column":51},"end":{"line":335,"column":null}},"type":"binary-expr","locations":[{"start":{"line":335,"column":51},"end":{"line":335,"column":102}},{"start":{"line":335,"column":51},"end":{"line":335,"column":null}}],"line":335},"53":{"loc":{"start":{"line":342,"column":44},"end":{"line":344,"column":53}},"type":"binary-expr","locations":[{"start":{"line":342,"column":44},"end":{"line":342,"column":52}},{"start":{"line":342,"column":44},"end":{"line":344,"column":53}}],"line":342},"54":{"loc":{"start":{"line":356,"column":50},"end":{"line":365,"column":null}},"type":"cond-expr","locations":[{"start":{"line":356,"column":62},"end":{"line":359,"column":null}},{"start":{"line":362,"column":55},"end":{"line":365,"column":null}}],"line":356},"55":{"loc":{"start":{"line":362,"column":55},"end":{"line":365,"column":null}},"type":"cond-expr","locations":[{"start":{"line":362,"column":67},"end":{"line":365,"column":null}},{"start":{"line":365,"column":66},"end":{"line":365,"column":null}}],"line":362},"56":{"loc":{"start":{"line":378,"column":42},"end":{"line":371,"column":null}},"type":"binary-expr","locations":[{"start":{"line":378,"column":42},"end":{"line":378,"column":null}},{"start":{"line":378,"column":42},"end":{"line":371,"column":null}}],"line":378},"57":{"loc":{"start":{"line":374,"column":53},"end":{"line":374,"column":null}},"type":"binary-expr","locations":[{"start":{"line":374,"column":53},"end":{"line":374,"column":58}},{"start":{"line":374,"column":53},"end":{"line":374,"column":null}}],"line":374},"58":{"loc":{"start":{"line":391,"column":36},"end":{"line":391,"column":null}},"type":"cond-expr","locations":[{"start":{"line":391,"column":41},"end":{"line":391,"column":149}},{"start":{"line":391,"column":41},"end":{"line":391,"column":null}}],"line":391},"59":{"loc":{"start":{"line":391,"column":149},"end":{"line":391,"column":null}},"type":"cond-expr","locations":[{"start":{"line":391,"column":161},"end":{"line":391,"column":null}},{"start":{"line":391,"column":161},"end":{"line":391,"column":null}}],"line":391},"60":{"loc":{"start":{"line":400,"column":38},"end":{"line":400,"column":null}},"type":"binary-expr","locations":[{"start":{"line":400,"column":38},"end":{"line":400,"column":40}},{"start":{"line":400,"column":38},"end":{"line":400,"column":null}}],"line":400}},"s":{"0":12,"1":12,"2":12,"3":12,"4":0,"5":0,"6":0,"7":0,"8":0,"9":0,"10":0,"11":0,"12":0,"13":0,"14":0,"15":0,"16":12,"17":12,"18":0,"19":0,"20":0,"21":0,"22":0,"23":0,"24":0,"25":0,"26":0,"27":0,"28":0,"29":2,"30":1,"31":0,"32":1,"33":0,"34":3,"35":3,"36":3,"37":3,"38":3,"39":3,"40":3,"41":12,"42":1,"43":0,"44":0,"45":0,"46":0,"47":0,"48":0,"49":0,"50":0,"51":0,"52":0,"53":0,"54":0,"55":0,"56":33,"57":0,"58":1},"f":{"0":0,"1":0,"2":12,"3":0,"4":2,"5":0,"6":0,"7":1,"8":0,"9":0,"10":0,"11":0,"12":0,"13":0,"14":0,"15":0,"16":0,"17":0,"18":0,"19":0,"20":0,"21":33,"22":0,"23":1},"b":{"0":[0,0],"1":[0,0],"2":[0,0],"3":[0,0],"4":[0,0],"5":[0,0],"6":[0,0],"7":[0,0],"8":[0,0],"9":[0,0],"10":[0,0],"11":[1,1],"12":[11],"13":[11,11],"14":[11,11],"15":[3,8],"16":[3,8],"17":[11,11],"18":[11,11],"19":[0,11],"20":[11,11],"21":[0,11],"22":[0,11],"23":[11,11],"24":[11,11],"25":[0,11],"26":[11,11],"27":[0,11],"28":[0,11],"29":[11,11],"30":[11,11],"31":[0,11],"32":[11,11],"33":[0,11],"34":[0,11],"35":[11,11],"36":[11,11],"37":[11,11],"38":[11,11],"39":[0,11],"40":[11,11],"41":[0,11],"42":[0,11],"43":[11,11],"44":[11,11],"45":[0,11],"46":[11,11],"47":[0,11],"48":[0,11],"49":[11,11],"50":[11,11],"51":[0,11],"52":[11,11],"53":[11,11],"54":[0,11],"55":[0,11],"56":[11,11],"57":[11,11],"58":[0,11],"59":[3,8],"60":[11,11]},"meta":{"lastBranch":61,"lastFunction":24,"lastStatement":59,"seen":{"s:6:14:6:Infinity":0,"s:13:13:13:Infinity":1,"s:17:6:26:2":2,"s:28:6:28:51":3,"f:30:9:30:25":0,"s:31:16:31:33":4,"b:33:4:36:Infinity:undefined:undefined:undefined:undefined":0,"s:33:4:36:Infinity":5,"s:34:8:34:Infinity":6,"s:36:8:36:Infinity":7,"s:40:8:40:Infinity":8,"b:42:4:46:Infinity:45:11:46:Infinity":1,"s:42:4:46:Infinity":9,"s:43:8:44:Infinity":10,"s:46:8:46:Infinity":11,"f:50:9:50:26":1,"s:51:17:51:Infinity":12,"b:51:17:51:46:51:50:51:Infinity":2,"b:53:4:56:Infinity:55:11:56:Infinity":3,"s:53:4:56:Infinity":13,"s:54:8:54:Infinity":14,"s:56:8:56:Infinity":15,"s:60:0:76:Infinity":16,"f:60:0:60:Infinity":2,"s:61:10:61:Infinity":17,"f:61:16:61:Infinity":3,"b:63:8:73:Infinity:72:19:73:Infinity":4,"s:63:8:73:Infinity":18,"b:63:12:63:19:63:19:63:35":5,"s:64:12:64:Infinity":19,"b:64:24:64:47:64:47:64:Infinity":6,"s:65:12:65:Infinity":20,"b:65:25:65:49:65:49:65:Infinity":7,"s:66:12:66:Infinity":21,"s:67:12:67:Infinity":22,"b:67:34:67:67:67:67:67:Infinity":8,"s:68:12:68:Infinity":23,"s:69:12:69:Infinity":24,"s:70:12:70:Infinity":25,"s:71:12:71:Infinity":26,"b:71:31:71:61:71:61:71:Infinity":9,"b:72:19:73:Infinity:undefined:undefined:undefined:undefined":10,"s:72:19:73:Infinity":27,"s:73:12:73:Infinity":28,"f:78:9:78:18":4,"b:79:4:91:Infinity:87:11:91:Infinity":11,"s:79:4:91:Infinity":29,"s:80:8:86:Infinity":30,"f:84:16:84:33":5,"s:84:33:84:Infinity":31,"s:88:8:91:Infinity":32,"f:90:12:90:29":6,"s:90:29:90:Infinity":33,"s:100:16:100:110":34,"s:120:29:120:67":35,"s:122:32:122:88":36,"s:130:33:130:50":37,"s:254:37:254:67":38,"s:321:37:321:67":39,"s:383:28:383:92":40,"s:97:4:403:37":41,"b:98:19:403:37":12,"b:104:26:104:28:104:26:104:Infinity":13,"f:104:26:104:28":7,"s:104:28:104:Infinity":42,"b:106:16:106:Infinity:106:16:109:Infinity":14,"b:115:70:115:Infinity:115:70:115:Infinity":15,"b:125:46:125:Infinity:125:46:125:Infinity":16,"b:132:36:132:Infinity:132:36:134:Infinity":17,"b:137:49:137:54:137:49:137:Infinity":18,"f:137:49:137:54":8,"s:137:49:137:Infinity":43,"b:140:105:140:Infinity:140:105:140:Infinity":19,"b:146:45:146:92:146:45:146:Infinity":20,"f:146:45:146:92":9,"s:146:92:146:Infinity":44,"b:154:58:157:Infinity:160:51:163:Infinity":21,"b:160:63:163:Infinity:163:59:163:Infinity":22,"b:167:36:167:Infinity:167:36:169:Infinity":23,"b:172:49:172:54:172:49:172:Infinity":24,"f:172:49:172:54":10,"s:172:49:172:Infinity":45,"b:175:105:175:Infinity:175:105:175:Infinity":25,"b:183:46:183:93:183:46:183:253":26,"f:183:46:183:93":11,"s:183:93:183:253":46,"b:190:58:193:Infinity:196:51:207:40":27,"b:196:63:199:Infinity:199:60:204:Infinity":28,"b:210:36:210:Infinity:210:36:212:Infinity":29,"b:215:49:215:54:215:49:215:Infinity":30,"f:215:49:215:54":12,"s:215:49:215:Infinity":47,"b:218:105:218:Infinity:218:105:218:Infinity":31,"b:223:45:223:92:223:45:223:Infinity":32,"f:223:45:223:92":13,"s:223:92:223:Infinity":48,"b:231:58:234:Infinity:237:51:240:Infinity":33,"b:237:63:240:Infinity:240:69:240:Infinity":34,"b:253:38:253:Infinity:253:38:246:Infinity":35,"b:249:49:249:54:249:49:249:Infinity":36,"f:249:49:249:54":14,"s:249:49:249:Infinity":49,"b:256:40:256:Infinity:256:40:258:Infinity":37,"b:261:53:261:58:261:53:261:Infinity":38,"f:261:53:261:58":15,"s:261:53:261:Infinity":50,"b:264:113:264:Infinity:264:113:264:Infinity":39,"b:269:49:269:100:269:49:269:Infinity":40,"f:269:49:269:100":16,"s:269:100:269:Infinity":51,"b:274:62:277:Infinity:280:55:283:Infinity":41,"b:280:67:283:Infinity:283:63:283:Infinity":42,"b:287:40:287:Infinity:287:40:289:Infinity":43,"b:292:53:292:58:292:53:292:Infinity":44,"f:292:53:292:58":17,"s:292:53:292:Infinity":52,"b:295:113:295:Infinity:295:113:295:Infinity":45,"b:300:49:300:100:300:49:300:Infinity":46,"f:300:49:300:100":18,"s:300:100:300:Infinity":53,"b:308:62:311:Infinity:314:55:317:Infinity":47,"b:314:67:317:Infinity:317:64:317:Infinity":48,"b:323:40:323:Infinity:323:40:325:Infinity":49,"b:328:53:328:58:328:53:328:Infinity":50,"f:328:53:328:58":19,"s:328:53:328:Infinity":54,"b:330:113:330:Infinity:330:113:330:Infinity":51,"b:335:51:335:102:335:51:335:Infinity":52,"f:335:51:335:102":20,"s:335:102:335:Infinity":55,"b:342:44:342:52:342:44:344:53":53,"f:348:53:348:Infinity":21,"s:345:44:352:Infinity":56,"b:356:62:359:Infinity:362:55:365:Infinity":54,"b:362:67:365:Infinity:365:66:365:Infinity":55,"b:378:42:378:Infinity:378:42:371:Infinity":56,"b:374:53:374:58:374:53:374:Infinity":57,"f:374:53:374:58":22,"s:374:53:374:Infinity":57,"b:391:41:391:149:391:41:391:Infinity":58,"b:391:161:391:Infinity:391:161:391:Infinity":59,"b:400:38:400:40:400:38:400:Infinity":60,"f:400:38:400:40":23,"s:400:40:400:Infinity":58}}}
,"/var/www/html/resources/ts/Components/MoneyDisplay.vue": {"path":"/var/www/html/resources/ts/Components/MoneyDisplay.vue","statementMap":{"0":{"start":{"line":6,"column":14},"end":{"line":6,"column":null}},"1":{"start":{"line":11,"column":6},"end":{"line":11,"column":75}},"2":{"start":{"line":11,"column":18},"end":{"line":11,"column":74}},"3":{"start":{"line":15,"column":4},"end":{"line":15,"column":32}}},"fnMap":{"0":{"name":"(anonymous_0)","decl":{"start":{"line":11,"column":18},"end":{"line":11,"column":33}},"loc":{"start":{"line":11,"column":18},"end":{"line":11,"column":74}},"line":11}},"branchMap":{},"s":{"0":3,"1":3,"2":3,"3":3},"f":{"0":3},"b":{},"meta":{"lastBranch":0,"lastFunction":1,"lastStatement":4,"seen":{"s:6:14:6:Infinity":0,"s:11:6:11:75":1,"f:11:18:11:33":0,"s:11:18:11:74":2,"s:15:4:15:32":3}}}
,"/var/www/html/resources/ts/Components/StatusBadge.vue": {"path":"/var/www/html/resources/ts/Components/StatusBadge.vue","statementMap":{"0":{"start":{"line":5,"column":14},"end":{"line":5,"column":null}},"1":{"start":{"line":9,"column":6},"end":{"line":26,"column":null}},"2":{"start":{"line":10,"column":75},"end":{"line":23,"column":null}},"3":{"start":{"line":25,"column":4},"end":{"line":25,"column":null}},"4":{"start":{"line":30,"column":4},"end":{"line":34,"column":null}}},"fnMap":{"0":{"name":"(anonymous_0)","decl":{"start":{"line":9,"column":15},"end":{"line":9,"column":30}},"loc":{"start":{"line":9,"column":30},"end":{"line":26,"column":null}},"line":9}},"branchMap":{},"s":{"0":7,"1":7,"2":7,"3":7,"4":7},"f":{"0":7},"b":{},"meta":{"lastBranch":0,"lastFunction":1,"lastStatement":5,"seen":{"s:5:14:5:Infinity":0,"s:9:6:26:Infinity":1,"f:9:15:9:30":0,"s:10:75:23:Infinity":2,"s:25:4:25:Infinity":3,"s:30:4:34:Infinity":4}}}
,"/var/www/html/resources/ts/Components/TipTapEditor.vue": {"path":"/var/www/html/resources/ts/Components/TipTapEditor.vue","statementMap":{"0":{"start":{"line":9,"column":14},"end":{"line":9,"column":null}},"1":{"start":{"line":14,"column":13},"end":{"line":14,"column":null}},"2":{"start":{"line":18,"column":6},"end":{"line":41,"column":2}},"3":{"start":{"line":39,"column":8},"end":{"line":39,"column":null}},"4":{"start":{"line":43,"column":0},"end":{"line":50,"column":null}},"5":{"start":{"line":44,"column":10},"end":{"line":44,"column":null}},"6":{"start":{"line":46,"column":8},"end":{"line":47,"column":null}},"7":{"start":{"line":47,"column":12},"end":{"line":47,"column":null}},"8":{"start":{"line":53,"column":4},"end":{"line":53,"column":null}},"9":{"start":{"line":56,"column":0},"end":{"line":56,"column":null}},"10":{"start":{"line":60,"column":9},"end":{"line":60,"column":59}},"11":{"start":{"line":60,"column":4},"end":{"line":252,"column":42}},"12":{"start":{"line":71,"column":24},"end":{"line":71,"column":63}},"13":{"start":{"line":98,"column":24},"end":{"line":98,"column":65}},"14":{"start":{"line":119,"column":24},"end":{"line":119,"column":68}},"15":{"start":{"line":145,"column":45},"end":{"line":145,"column":99}},"16":{"start":{"line":158,"column":45},"end":{"line":158,"column":99}},"17":{"start":{"line":172,"column":24},"end":{"line":172,"column":69}},"18":{"start":{"line":193,"column":24},"end":{"line":193,"column":70}},"19":{"start":{"line":214,"column":24},"end":{"line":214,"column":69}},"20":{"start":{"line":237,"column":89},"end":{"line":237,"column":134}},"21":{"start":{"line":237,"column":134},"end":{"line":237,"column":null}},"22":{"start":{"line":237,"column":169},"end":{"line":237,"column":null}}},"fnMap":{"0":{"name":"(anonymous_0)","decl":{"start":{"line":38,"column":4},"end":{"line":38,"column":15}},"loc":{"start":{"line":38,"column":33},"end":{"line":39,"column":null}},"line":38},"1":{"name":"(anonymous_1)","decl":{"start":{"line":43,"column":0},"end":{"line":43,"column":null}},"loc":{"start":{"line":44,"column":10},"end":{"line":44,"column":null}},"line":44},"2":{"name":"(anonymous_2)","decl":{"start":{"line":44,"column":16},"end":{"line":44,"column":null}},"loc":{"start":{"line":45,"column":13},"end":{"line":50,"column":null}},"line":45},"3":{"name":"insertText","decl":{"start":{"line":52,"column":9},"end":{"line":52,"column":20}},"loc":{"start":{"line":52,"column":34},"end":{"line":53,"column":null}},"line":52},"4":{"name":"(anonymous_4)","decl":{"start":{"line":71,"column":22},"end":{"line":71,"column":24}},"loc":{"start":{"line":71,"column":24},"end":{"line":71,"column":63}},"line":71},"5":{"name":"(anonymous_5)","decl":{"start":{"line":98,"column":22},"end":{"line":98,"column":24}},"loc":{"start":{"line":98,"column":24},"end":{"line":98,"column":65}},"line":98},"6":{"name":"(anonymous_6)","decl":{"start":{"line":119,"column":22},"end":{"line":119,"column":24}},"loc":{"start":{"line":119,"column":24},"end":{"line":119,"column":68}},"line":119},"7":{"name":"(anonymous_7)","decl":{"start":{"line":145,"column":22},"end":{"line":145,"column":45}},"loc":{"start":{"line":145,"column":45},"end":{"line":145,"column":99}},"line":145},"8":{"name":"(anonymous_8)","decl":{"start":{"line":158,"column":22},"end":{"line":158,"column":45}},"loc":{"start":{"line":158,"column":45},"end":{"line":158,"column":99}},"line":158},"9":{"name":"(anonymous_9)","decl":{"start":{"line":172,"column":22},"end":{"line":172,"column":24}},"loc":{"start":{"line":172,"column":24},"end":{"line":172,"column":69}},"line":172},"10":{"name":"(anonymous_10)","decl":{"start":{"line":193,"column":22},"end":{"line":193,"column":24}},"loc":{"start":{"line":193,"column":24},"end":{"line":193,"column":70}},"line":193},"11":{"name":"(anonymous_11)","decl":{"start":{"line":214,"column":22},"end":{"line":214,"column":24}},"loc":{"start":{"line":214,"column":24},"end":{"line":214,"column":69}},"line":214},"12":{"name":"(anonymous_12)","decl":{"start":{"line":237,"column":22},"end":{"line":237,"column":83}},"loc":{"start":{"line":237,"column":22},"end":{"line":237,"column":null}},"line":237}},"branchMap":{"0":{"loc":{"start":{"line":30,"column":25},"end":{"line":30,"column":null}},"type":"binary-expr","locations":[{"start":{"line":30,"column":25},"end":{"line":30,"column":46}},{"start":{"line":30,"column":46},"end":{"line":30,"column":null}}],"line":30},"1":{"loc":{"start":{"line":46,"column":8},"end":{"line":47,"column":null}},"type":"if","locations":[{"start":{"line":46,"column":8},"end":{"line":47,"column":null}},{"start":{},"end":{}}],"line":46},"2":{"loc":{"start":{"line":46,"column":12},"end":{"line":46,"column":60}},"type":"binary-expr","locations":[{"start":{"line":46,"column":12},"end":{"line":46,"column":28}},{"start":{"line":46,"column":28},"end":{"line":46,"column":60}}],"line":46},"3":{"loc":{"start":{"line":63,"column":18},"end":{"line":246,"column":null}},"type":"cond-expr","locations":[{"start":{"line":63,"column":18},"end":{"line":246,"column":null}}],"line":63},"4":{"loc":{"start":{"line":71,"column":22},"end":{"line":71,"column":null}},"type":"binary-expr","locations":[{"start":{"line":71,"column":22},"end":{"line":71,"column":24}},{"start":{"line":71,"column":22},"end":{"line":71,"column":63}}],"line":71},"5":{"loc":{"start":{"line":73,"column":16},"end":{"line":89,"column":null}},"type":"binary-expr","locations":[{"start":{"line":73,"column":16},"end":{"line":73,"column":null}},{"start":{"line":73,"column":16},"end":{"line":89,"column":null}}],"line":73},"6":{"loc":{"start":{"line":98,"column":22},"end":{"line":98,"column":null}},"type":"binary-expr","locations":[{"start":{"line":98,"column":22},"end":{"line":98,"column":24}},{"start":{"line":98,"column":22},"end":{"line":98,"column":65}}],"line":98},"7":{"loc":{"start":{"line":100,"column":16},"end":{"line":110,"column":null}},"type":"binary-expr","locations":[{"start":{"line":100,"column":16},"end":{"line":100,"column":null}},{"start":{"line":100,"column":16},"end":{"line":110,"column":null}}],"line":100},"8":{"loc":{"start":{"line":119,"column":22},"end":{"line":119,"column":null}},"type":"binary-expr","locations":[{"start":{"line":119,"column":22},"end":{"line":119,"column":24}},{"start":{"line":119,"column":22},"end":{"line":119,"column":68}}],"line":119},"9":{"loc":{"start":{"line":121,"column":16},"end":{"line":131,"column":null}},"type":"binary-expr","locations":[{"start":{"line":121,"column":16},"end":{"line":121,"column":null}},{"start":{"line":121,"column":16},"end":{"line":131,"column":null}}],"line":121},"10":{"loc":{"start":{"line":136,"column":12},"end":{"line":136,"column":53}},"type":"binary-expr","locations":[{"start":{"line":136,"column":12},"end":{"line":136,"column":17}},{"start":{"line":136,"column":12},"end":{"line":136,"column":53}}],"line":136},"11":{"loc":{"start":{"line":145,"column":22},"end":{"line":145,"column":null}},"type":"binary-expr","locations":[{"start":{"line":145,"column":22},"end":{"line":145,"column":45}},{"start":{"line":145,"column":22},"end":{"line":145,"column":99}}],"line":145},"12":{"loc":{"start":{"line":149,"column":16},"end":{"line":149,"column":57}},"type":"binary-expr","locations":[{"start":{"line":149,"column":16},"end":{"line":149,"column":22}},{"start":{"line":149,"column":16},"end":{"line":149,"column":57}}],"line":149},"13":{"loc":{"start":{"line":158,"column":22},"end":{"line":158,"column":null}},"type":"binary-expr","locations":[{"start":{"line":158,"column":22},"end":{"line":158,"column":45}},{"start":{"line":158,"column":22},"end":{"line":158,"column":99}}],"line":158},"14":{"loc":{"start":{"line":162,"column":16},"end":{"line":162,"column":57}},"type":"binary-expr","locations":[{"start":{"line":162,"column":16},"end":{"line":162,"column":22}},{"start":{"line":162,"column":16},"end":{"line":162,"column":57}}],"line":162},"15":{"loc":{"start":{"line":165,"column":12},"end":{"line":165,"column":53}},"type":"binary-expr","locations":[{"start":{"line":165,"column":12},"end":{"line":165,"column":17}},{"start":{"line":165,"column":12},"end":{"line":165,"column":53}}],"line":165},"16":{"loc":{"start":{"line":172,"column":22},"end":{"line":172,"column":null}},"type":"binary-expr","locations":[{"start":{"line":172,"column":22},"end":{"line":172,"column":24}},{"start":{"line":172,"column":22},"end":{"line":172,"column":69}}],"line":172},"17":{"loc":{"start":{"line":174,"column":16},"end":{"line":184,"column":null}},"type":"binary-expr","locations":[{"start":{"line":174,"column":16},"end":{"line":174,"column":null}},{"start":{"line":174,"column":16},"end":{"line":184,"column":null}}],"line":174},"18":{"loc":{"start":{"line":193,"column":22},"end":{"line":193,"column":null}},"type":"binary-expr","locations":[{"start":{"line":193,"column":22},"end":{"line":193,"column":24}},{"start":{"line":193,"column":22},"end":{"line":193,"column":70}}],"line":193},"19":{"loc":{"start":{"line":195,"column":16},"end":{"line":205,"column":null}},"type":"binary-expr","locations":[{"start":{"line":195,"column":16},"end":{"line":195,"column":null}},{"start":{"line":195,"column":16},"end":{"line":205,"column":null}}],"line":195},"20":{"loc":{"start":{"line":214,"column":22},"end":{"line":214,"column":null}},"type":"binary-expr","locations":[{"start":{"line":214,"column":22},"end":{"line":214,"column":24}},{"start":{"line":214,"column":22},"end":{"line":214,"column":69}}],"line":214},"21":{"loc":{"start":{"line":216,"column":16},"end":{"line":226,"column":null}},"type":"binary-expr","locations":[{"start":{"line":216,"column":16},"end":{"line":216,"column":null}},{"start":{"line":216,"column":16},"end":{"line":226,"column":null}}],"line":216},"22":{"loc":{"start":{"line":231,"column":12},"end":{"line":231,"column":53}},"type":"binary-expr","locations":[{"start":{"line":231,"column":12},"end":{"line":231,"column":17}},{"start":{"line":231,"column":12},"end":{"line":231,"column":53}}],"line":231},"23":{"loc":{"start":{"line":237,"column":22},"end":{"line":237,"column":null}},"type":"binary-expr","locations":[{"start":{"line":237,"column":22},"end":{"line":237,"column":83}},{"start":{"line":237,"column":22},"end":{"line":237,"column":null}}],"line":237},"24":{"loc":{"start":{"line":237,"column":134},"end":{"line":237,"column":null}},"type":"if","locations":[{"start":{"line":237,"column":134},"end":{"line":237,"column":null}},{"start":{},"end":{}}],"line":237}},"s":{"0":14,"1":14,"2":14,"3":0,"4":14,"5":14,"6":0,"7":0,"8":0,"9":14,"10":9,"11":14,"12":0,"13":0,"14":0,"15":0,"16":0,"17":0,"18":0,"19":0,"20":0,"21":0,"22":0},"f":{"0":0,"1":14,"2":0,"3":0,"4":0,"5":0,"6":0,"7":0,"8":0,"9":0,"10":0,"11":0,"12":0},"b":{"0":[14,13],"1":[0,0],"2":[0,0],"3":[14],"4":[14,14],"5":[14,14],"6":[14,14],"7":[14,14],"8":[14,14],"9":[14,14],"10":[14,14],"11":[14,14],"12":[14,14],"13":[14,14],"14":[14,14],"15":[14,14],"16":[14,14],"17":[14,14],"18":[14,14],"19":[14,14],"20":[14,14],"21":[14,14],"22":[14,14],"23":[14,14],"24":[0,0]},"meta":{"lastBranch":0,"lastFunction":0,"lastStatement":0,"seen":{}}}
,"/var/www/html/resources/ts/Components/Invoice/EmailModal.vue": {"path":"/var/www/html/resources/ts/Components/Invoice/EmailModal.vue","statementMap":{"0":{"start":{"line":7,"column":14},"end":{"line":7,"column":null}},"1":{"start":{"line":13,"column":13},"end":{"line":13,"column":null}},"2":{"start":{"line":17,"column":6},"end":{"line":17,"column":22}},"3":{"start":{"line":18,"column":6},"end":{"line":18,"column":53}},"4":{"start":{"line":18,"column":29},"end":{"line":18,"column":53}},"5":{"start":{"line":20,"column":6},"end":{"line":22,"column":null}},"6":{"start":{"line":22,"column":8},"end":{"line":22,"column":null}},"7":{"start":{"line":22,"column":36},"end":{"line":22,"column":71}},"8":{"start":{"line":25,"column":6},"end":{"line":26,"column":null}},"9":{"start":{"line":26,"column":10},"end":{"line":26,"column":59}},"10":{"start":{"line":26,"column":45},"end":{"line":26,"column":53}},"11":{"start":{"line":29,"column":6},"end":{"line":30,"column":null}},"12":{"start":{"line":30,"column":10},"end":{"line":30,"column":73}},"13":{"start":{"line":30,"column":59},"end":{"line":30,"column":67}},"14":{"start":{"line":33,"column":6},"end":{"line":44,"column":null}},"15":{"start":{"line":34,"column":20},"end":{"line":34,"column":null}},"16":{"start":{"line":36,"column":4},"end":{"line":43,"column":null}},"17":{"start":{"line":46,"column":6},"end":{"line":46,"column":36}},"18":{"start":{"line":47,"column":6},"end":{"line":47,"column":34}},"19":{"start":{"line":49,"column":6},"end":{"line":55,"column":2}},"20":{"start":{"line":57,"column":6},"end":{"line":57,"column":26}},"21":{"start":{"line":58,"column":6},"end":{"line":58,"column":26}},"22":{"start":{"line":61,"column":4},"end":{"line":61,"column":null}},"23":{"start":{"line":63,"column":4},"end":{"line":81,"column":null}},"24":{"start":{"line":64,"column":25},"end":{"line":72,"column":null}},"25":{"start":{"line":75,"column":8},"end":{"line":78,"column":null}},"26":{"start":{"line":76,"column":25},"end":{"line":76,"column":46}},"27":{"start":{"line":77,"column":12},"end":{"line":77,"column":null}},"28":{"start":{"line":78,"column":12},"end":{"line":78,"column":null}},"29":{"start":{"line":81,"column":8},"end":{"line":81,"column":null}},"30":{"start":{"line":86,"column":0},"end":{"line":104,"column":null}},"31":{"start":{"line":87,"column":10},"end":{"line":87,"column":null}},"32":{"start":{"line":89,"column":8},"end":{"line":101,"column":null}},"33":{"start":{"line":91,"column":16},"end":{"line":91,"column":null}},"34":{"start":{"line":92,"column":12},"end":{"line":92,"column":null}},"35":{"start":{"line":94,"column":12},"end":{"line":94,"column":null}},"36":{"start":{"line":95,"column":12},"end":{"line":95,"column":null}},"37":{"start":{"line":96,"column":12},"end":{"line":96,"column":null}},"38":{"start":{"line":97,"column":12},"end":{"line":97,"column":null}},"39":{"start":{"line":98,"column":12},"end":{"line":98,"column":null}},"40":{"start":{"line":99,"column":12},"end":{"line":99,"column":null}},"41":{"start":{"line":101,"column":12},"end":{"line":101,"column":null}},"42":{"start":{"line":107,"column":0},"end":{"line":111,"column":null}},"43":{"start":{"line":108,"column":4},"end":{"line":109,"column":null}},"44":{"start":{"line":109,"column":8},"end":{"line":109,"column":null}},"45":{"start":{"line":114,"column":18},"end":{"line":114,"column":41}},"46":{"start":{"line":116,"column":4},"end":{"line":117,"column":null}},"47":{"start":{"line":117,"column":8},"end":{"line":117,"column":null}},"48":{"start":{"line":120,"column":4},"end":{"line":120,"column":null}},"49":{"start":{"line":124,"column":4},"end":{"line":124,"column":n
[...]
start":{"line":535,"column":46},"end":{"line":537,"column":null}},"type":"binary-expr","locations":[{"start":{"line":535,"column":46},"end":{"line":535,"column":null}},{"start":{"line":535,"column":46},"end":{"line":537,"column":null}}],"line":535},"37":{"loc":{"start":{"line":559,"column":34},"end":{"line":559,"column":null}},"type":"binary-expr","locations":[{"start":{"line":559,"column":34},"end":{"line":559,"column":36}},{"start":{"line":559,"column":34},"end":{"line":559,"column":null}}],"line":559},"38":{"loc":{"start":{"line":577,"column":15},"end":{"line":577,"column":null}},"type":"binary-expr","locations":[{"start":{"line":577,"column":15},"end":{"line":577,"column":17}},{"start":{"line":577,"column":15},"end":{"line":577,"column":null}}],"line":577},"39":{"loc":{"start":{"line":588,"column":15},"end":{"line":588,"column":null}},"type":"binary-expr","locations":[{"start":{"line":588,"column":15},"end":{"line":588,"column":30}},{"start":{"line":588,"column":15},"end":{"line":588,"column":null}}],"line":588}},"s":{"0":14,"1":14,"2":14,"3":14,"4":14,"5":14,"6":14,"7":14,"8":14,"9":14,"10":1,"11":0,"12":0,"13":0,"14":0,"15":1,"16":0,"17":0,"18":0,"19":0,"20":0,"21":0,"22":0,"23":0,"24":0,"25":0,"26":0,"27":0,"28":0,"29":0,"30":0,"31":28,"32":42,"33":1,"34":1,"35":1,"36":1,"37":1,"38":1,"39":1,"40":1,"41":1,"42":1,"43":1,"44":1,"45":1,"46":1,"47":1,"48":1,"49":1,"50":1,"51":1,"52":1,"53":1,"54":1,"55":1,"56":1,"57":1,"58":1,"59":1,"60":1,"61":1,"62":1,"63":1,"64":1,"65":1,"66":0,"67":26,"68":0,"69":2,"70":1,"71":28,"72":0,"73":0,"74":0,"75":0,"76":0,"77":0,"78":0,"79":0,"80":0},"f":{"0":1,"1":0,"2":0,"3":1,"4":0,"5":0,"6":0,"7":0,"8":0,"9":0,"10":0,"11":0,"12":28,"13":42,"14":0,"15":26,"16":0,"17":2,"18":1,"19":28,"20":0,"21":0,"22":0,"23":0,"24":0,"25":0,"26":0,"27":0},"b":{"0":[14,0],"1":[14,0],"2":[0,0],"3":[0,0],"4":[28,0],"5":[13],"6":[13,13],"7":[13,13],"8":[13,13],"9":[13,13],"10":[13,13],"11":[0,13],"12":[13],"13":[13,13],"14":[0,13],"15":[26,26],"16":[13,13],"17":[13,13],"18":[2],"19":[14,2],"20":[2,2],"21":[2,2],"22":[2,0],"23":[14],"24":[14,14],"25":[14,14],"26":[28,0],"27":[28,28],"28":[0,0],"29":[14,14],"30":[14],"31":[0],"32":[0,0],"33":[0,0],"34":[0,0],"35":[0,0],"36":[0,0],"37":[0,0],"38":[14,14],"39":[14,14]},"meta":{"lastBranch":40,"lastFunction":28,"lastStatement":81,"seen":{"s:49:14:49:Infinity":0,"s:57:6:57:22":1,"s:58:6:58:Infinity":2,"b:58:23:58:48:58:48:58:66":0,"s:60:6:63:2":3,"b:62:44:62:74:62:74:62:Infinity":1,"s:65:6:65:32":4,"s:68:6:68:52":5,"s:69:6:69:27":6,"s:72:6:72:40":7,"s:75:6:75:36":8,"s:76:6:76:51":9,"f:78:9:78:31":0,"s:79:4:87:Infinity":10,"f:82:8:82:25":1,"s:83:12:83:Infinity":11,"s:84:12:84:Infinity":12,"s:85:12:85:Infinity":13,"f:85:12:85:30":2,"s:85:30:85:60":14,"f:90:9:90:26":3,"s:91:4:93:Infinity":15,"f:96:9:96:20":4,"s:97:4:97:Infinity":16,"s:98:4:98:Infinity":17,"f:101:9:101:28":5,"b:102:4:103:Infinity:undefined:undefined:undefined:undefined":2,"s:102:4:103:Infinity":18,"s:103:8:103:Infinity":19,"s:106:4:117:Infinity":20,"f:113:12:113:29":6,"s:114:16:114:Infinity":21,"f:120:9:120:36":7,"s:121:4:121:Infinity":22,"f:124:9:124:27":8,"s:125:4:127:Infinity":23,"f:130:9:130:34":9,"s:131:4:131:Infinity":24,"s:132:4:132:Infinity":25,"f:135:9:135:34":10,"b:136:4:137:Infinity:undefined:undefined:undefined:undefined":3,"s:136:4:137:Infinity":26,"s:137:8:137:Infinity":27,"s:140:4:149:Infinity":28,"f:144:12:144:29":11,"s:145:16:145:Infinity":29,"s:146:16:146:Infinity":30,"f:152:9:152:22":12,"s:153:4:153:Infinity":31,"b:153:11:153:72:153:72:153:Infinity":4,"f:153:32:153:38":13,"s:153:44:153:62":32,"s:166:13:166:52":33,"s:179:17:179:51":34,"s:181:25:181:78":35,"s:182:29:182:53":36,"s:183:33:183:63":37,"s:193:37:193:69":38,"s:230:40:230:114":39,"s:258:53:258:78":40,"s:289:52:289:97":41,"s:301:28:301:103":42,"s:305:32:305:66":43,"s:334:13:334:52":44,"s:348:17:348:51":45,"s:349:21:349:74":46,"s:350:25:350:49":47,"s:351:29:351:46":48,"s:357:37:357:58":49,"s:360:37:360:62":50,"s:385:13:385:52":51,"s:397:17:397:51":52,"s:398:21:398:74":53,"s:399:25:399:49":54,"s:400:29:400:46":55,"s:406:37:406:62":56,"s:412:41:412:53":57,"s:415:37:415:62":58,"s:472:16:472:110":59,"s:484:20:484:189":60,"s:486:25:486:71":61,"s:491:28:491:102":62,"s:511:41:511:66":63,"s:538:40:538:85":64,"s:547:24:547:88":65,"b:159:27:316:37":5,"b:322:10:322:Infinity:322:10:166:13":6,"b:321:14:321:Infinity:321:14:179:17":7,"b:184:32:184:37:184:32:189:42":8,"b:194:36:194:Infinity:194:36:197:Infinity":9,"b:201:49:201:63:201:49:201:Infinity":10,"f:201:49:201:63":14,"s:201:49:201:Infinity":66,"b:206:67:209:Infinity:209:69:209:Infinity":11,"b:215:63:291:Infinity":12,"b:218:36:218:Infinity:218:36:220:Infinity":13,"b:223:67:226:Infinity:226:68:226:Infinity":14,"f:235:49:235:Infinity":15,"s:232:40:291:Infinity":67,"f:246:45:246:50":16,"s:246:101:246:Infinity":68,"b:251:180:251:258:251:258:251:Infinity":15,"b:270:211:288:Infinity:288:48:288:Infinity":16,"b:286:58:286:Infinity:286:58:288:Infinity":17,"b:326:62:367:45":18,"b:326:14:326:50:326:50:326:Infinity":19,"b:375:10:375:Infinity:375:10:334:13":20,"b:374:14:374:Infinity:374:14:348:17":21,"f:353:58:353:Infinity":17,"s:352:28:367:45":69,"b:362:58:367:45:367:36:367:45":22,"f:364:41:364:46":18,"s:364:48:364:Infinity":70,"b:378:32:458:45":23,"b:466:10:466:Infinity:466:10:385:13":24,"b:465:14:465:Infinity:465:14:397:17":25,"f:402:54:402:Infinity":19,"s:401:28:458:45":71,"b:418:171:426:Infinity:430:51:434:Infinity":26,"b:418:91:418:171:418:171:418:Infinity":27,"f:423:41:423:46":20,"s:423:48:423:Infinity":72,"b:430:51:434:Infinity:434:79:434:Infinity":28,"b:440:71:443:Infinity:449:96:458:45":29,"b:449:108:458:45":30,"f:453:41:453:46":21,"s:453:93:453:Infinity":73,"b:470:19:562:33":31,"b:476:26:476:28:476:26:476:Infinity":32,"f:476:26:476:28":22,"s:476:28:476:Infinity":74,"b:478:16:478:Infinity:478:16:481:Infinity":33,"b:545:26:545:Infinity:545:26:489:29":34,"f:494:56:494:Infinity":23,"s:493:28:540:Infinity":75,"f:504:33:504:38":24,"s:504:40:504:Infinity":76,"b:522:71:537:Infinity:537:36:537:Infinity":35,"b:535:46:535:Infinity:535:46:537:Infinity":36,"b:559:34:559:36:559:34:559:Infinity":37,"f:559:34:559:36":25,"s:559:36:559:Infinity":77,"b:577:15:577:17:577:15:577:Infinity":38,"f:577:15:577:17":26,"s:577:17:577:Infinity":78,"b:588:15:588:30:588:15:588:Infinity":39,"f:588:15:588:30":27,"s:588:30:588:69":79,"s:588:69:588:Infinity":80}}}
,"/var/www/html/resources/ts/Pages/Teams/Partials/UpdateTeamNameForm.vue": {"path":"/var/www/html/resources/ts/Pages/Teams/Partials/UpdateTeamNameForm.vue","statementMap":{"0":{"start":{"line":6,"column":14},"end":{"line":6,"column":null}},"1":{"start":{"line":20,"column":6},"end":{"line":22,"column":2}},"2":{"start":{"line":24,"column":6},"end":{"line":24,"column":37}},"3":{"start":{"line":27,"column":4},"end":{"line":34,"column":null}},"4":{"start":{"line":31,"column":12},"end":{"line":31,"column":null}},"5":{"start":{"line":32,"column":12},"end":{"line":32,"column":null}},"6":{"start":{"line":32,"column":30},"end":{"line":32,"column":65}},"7":{"start":{"line":39,"column":9},"end":{"line":39,"column":48}},"8":{"start":{"line":51,"column":13},"end":{"line":51,"column":47}},"9":{"start":{"line":53,"column":21},"end":{"line":53,"column":74}},"10":{"start":{"line":54,"column":25},"end":{"line":54,"column":49}},"11":{"start":{"line":55,"column":29},"end":{"line":55,"column":59}},"12":{"start":{"line":57,"column":33},"end":{"line":57,"column":51}},"13":{"start":{"line":62,"column":37},"end":{"line":62,"column":67}},"14":{"start":{"line":68,"column":41},"end":{"line":68,"column":67}},"15":{"start":{"line":69,"column":45},"end":{"line":69,"column":66}},"16":{"start":{"line":72,"column":45},"end":{"line":72,"column":74}},"17":{"start":{"line":80,"column":33},"end":{"line":80,"column":65}},"18":{"start":{"line":109,"column":28},"end":{"line":109,"column":62}},"19":{"start":{"line":39,"column":4},"end":{"line":120,"column":33}},"20":{"start":{"line":88,"column":45},"end":{"line":88,"column":null}}},"fnMap":{"0":{"name":"updateTeamName","decl":{"start":{"line":26,"column":9},"end":{"line":26,"column":32}},"loc":{"start":{"line":26,"column":32},"end":{"line":34,"column":null}},"line":26},"1":{"name":"(anonymous_1)","decl":{"start":{"line":30,"column":8},"end":{"line":30,"column":25}},"loc":{"start":{"line":30,"column":25},"end":{"line":32,"column":null}},"line":30},"2":{"name":"(anonymous_2)","decl":{"start":{"line":32,"column":12},"end":{"line":32,"column":30}},"loc":{"start":{"line":32,"column":30},"end":{"line":32,"column":65}},"line":32},"3":{"name":"(anonymous_3)","decl":{"start":{"line":88,"column":45},"end":{"line":88,"column":50}},"loc":{"start":{"line":88,"column":45},"end":{"line":88,"column":null}},"line":88}},"branchMap":{"0":{"loc":{"start":{"line":125,"column":10},"end":{"line":51,"column":13}},"type":"binary-expr","locations":[{"start":{"line":125,"column":10},"end":{"line":125,"column":null}},{"start":{"line":125,"column":10},"end":{"line":51,"column":13}}],"line":125},"1":{"loc":{"start":{"line":77,"column":34},"end":{"line":60,"column":null}},"type":"binary-expr","locations":[{"start":{"line":77,"column":34},"end":{"line":77,"column":null}},{"start":{"line":77,"column":34},"end":{"line":60,"column":null}}],"line":77},"2":{"loc":{"start":{"line":81,"column":32},"end":{"line":84,"column":null}},"type":"binary-expr","locations":[{"start":{"line":81,"column":32},"end":{"line":81,"column":null}},{"start":{"line":81,"column":32},"end":{"line":84,"column":null}}],"line":81},"3":{"loc":{"start":{"line":88,"column":45},"end":{"line":88,"column":null}},"type":"binary-expr","locations":[{"start":{"line":88,"column":45},"end":{"line":88,"column":50}},{"start":{"line":88,"column":45},"end":{"line":88,"column":null}}],"line":88},"4":{"loc":{"start":{"line":94,"column":42},"end":{"line":97,"column":null}},"type":"cond-expr","locations":[{"start":{"line":94,"column":54},"end":{"line":97,"column":null}},{"start":{"line":97,"column":55},"end":{"line":97,"column":null}}],"line":94},"5":{"loc":{"start":{"line":104,"column":30},"end":{"line":120,"column":33}},"type":"cond-expr","locations":[{"start":{"line":104,"column":30},"end":{"line":120,"column":33}},{"start":{"line":120,"column":24},"end":{"line":120,"column":33}}],"line":104}},"s":{"0":11,"1":11,"2":11,"3":1,"4":0,"5":0,"6":0,"7":1,"8":1,"9":1,"10":1,"11":1,"12":1,"13":1,"14":1,"15":1,"16":1,"17":1,"18":1,"19":11,"20":0},"f":{"0":1,"1":0,"2":0,"3":0},"b":{"0":[11,11],"1":[11,11],"2":[11,11],"3":[11,11],"4":[0,11],"5":[9,2]},"meta":{"lastBranch":6,"lastFunction":4,"lastStatement":21,"seen":{"s:6:14:6:Infinity":0,"s:20:6:22:2":1,"s:24:6:24:37":2,"f:26:9:26:32":0,"s:27:4:34:Infinity":3,"f:30:8:30:25":1,"s:31:12:31:Infinity":4,"s:32:12:32:Infinity":5,"f:32:12:32:30":2,"s:32:30:32:65":6,"s:39:9:39:48":7,"s:51:13:51:47":8,"s:53:21:53:74":9,"s:54:25:54:49":10,"s:55:29:55:59":11,"s:57:33:57:51":12,"s:62:37:62:67":13,"s:68:41:68:67":14,"s:69:45:69:66":15,"s:72:45:72:74":16,"s:80:33:80:65":17,"s:109:28:109:62":18,"s:39:4:120:33":19,"b:125:10:125:Infinity:125:10:51:13":0,"b:77:34:77:Infinity:77:34:60:Infinity":1,"b:81:32:81:Infinity:81:32:84:Infinity":2,"b:88:45:88:50:88:45:88:Infinity":3,"f:88:45:88:50":3,"s:88:45:88:Infinity":20,"b:94:54:97:Infinity:97:55:97:Infinity":4,"b:104:30:120:33:120:24:120:33":5}}}
,"/var/www/html/resources/ts/composables/useFlash.ts": {"path":"/var/www/html/resources/ts/composables/useFlash.ts","statementMap":{"0":{"start":{"line":5,"column":10},"end":{"line":5,"column":null}},"1":{"start":{"line":7,"column":10},"end":{"line":14,"column":null}},"2":{"start":{"line":9,"column":13},"end":{"line":9,"column":null}},"3":{"start":{"line":16,"column":10},"end":{"line":23,"column":null}},"4":{"start":{"line":18,"column":12},"end":{"line":21,"column":null}},"5":{"start":{"line":25,"column":4},"end":{"line":25,"column":null}}},"fnMap":{"0":{"name":"useFlash","decl":{"start":{"line":4,"column":16},"end":{"line":4,"column":27}},"loc":{"start":{"line":4,"column":27},"end":{"line":26,"column":null}},"line":4},"1":{"name":"(anonymous_1)","decl":{"start":{"line":8,"column":8},"end":{"line":8,"column":null}},"loc":{"start":{"line":9,"column":13},"end":{"line":9,"column":null}},"line":9},"2":{"name":"(anonymous_2)","decl":{"start":{"line":17,"column":8},"end":{"line":17,"column":null}},"loc":{"start":{"line":18,"column":12},"end":{"line":21,"column":null}},"line":18}},"branchMap":{"0":{"loc":{"start":{"line":9,"column":13},"end":{"line":9,"column":null}},"type":"binary-expr","locations":[{"start":{"line":9,"column":13},"end":{"line":9,"column":33}},{"start":{"line":9,"column":33},"end":{"line":9,"column":null}}],"line":9},"1":{"loc":{"start":{"line":19,"column":16},"end":{"line":21,"column":null}},"type":"binary-expr","locations":[{"start":{"line":19,"column":16},"end":{"line":19,"column":null}},{"start":{"line":20,"column":16},"end":{"line":20,"column":null}},{"start":{"line":21,"column":16},"end":{"line":21,"column":null}}],"line":19}},"s":{"0":10,"1":10,"2":10,"3":10,"4":10,"5":10},"f":{"0":10,"1":10,"2":10},"b":{"0":[10,0],"1":[10,7,5]},"meta":{"lastBranch":2,"lastFunction":3,"lastStatement":6,"seen":{"f:4:16:4:27":0,"s:5:10:5:Infinity":0,"s:7:10:14:Infinity":1,"f:8:8:8:Infinity":1,"s:9:13:9:Infinity":2,"b:9:13:9:33:9:33:9:Infinity":0,"s:16:10:23:Infinity":3,"f:17:8:17:Infinity":2,"s:18:12:21:Infinity":4,"b:19:16:19:Infinity:20:16:20:Infinity:21:16:21:Infinity":1,"s:25:4:25:Infinity":5}}}
,"/var/www/html/resources/ts/composables/useFormatDate.ts": {"path":"/var/www/html/resources/ts/composables/useFormatDate.ts","statementMap":{"0":{"start":{"line":5,"column":4},"end":{"line":7,"column":null}},"1":{"start":{"line":6,"column":8},"end":{"line":6,"column":null}},"2":{"start":{"line":9,"column":4},"end":{"line":13,"column":null}},"3":{"start":{"line":17,"column":4},"end":{"line":17,"column":null}}},"fnMap":{"0":{"name":"formatDate","decl":{"start":{"line":4,"column":16},"end":{"line":4,"column":27}},"loc":{"start":{"line":4,"column":71},"end":{"line":14,"column":null}},"line":4},"1":{"name":"useFormatDate","decl":{"start":{"line":16,"column":16},"end":{"line":16,"column":32}},"loc":{"start":{"line":16,"column":32},"end":{"line":18,"column":null}},"line":16}},"branchMap":{"0":{"loc":{"start":{"line":5,"column":4},"end":{"line":7,"column":null}},"type":"if","locations":[{"start":{"line":5,"column":4},"end":{"line":7,"column":null}},{"start":{},"end":{}}],"line":5}},"s":{"0":23,"1":3,"2":20,"3":1},"f":{"0":23,"1":1},"b":{"0":[3,20]},"meta":{"lastBranch":1,"lastFunction":2,"lastStatement":4,"seen":{"f:4:16:4:27":0,"b:5:4:7:Infinity:undefined:undefined:undefined:undefined":0,"s:5:4:7:Infinity":0,"s:6:8:6:Infinity":1,"s:9:4:13:Infinity":2,"f:16:16:16:32":1,"s:17:4:17:Infinity":3}}}
,"/var/www/html/resources/ts/composables/useFormatMoney.ts": {"path":"/var/www/html/resources/ts/composables/useFormatMoney.ts","statementMap":{"0":{"start":{"line":6,"column":4},"end":{"line":16,"column":null}},"1":{"start":{"line":22,"column":19},"end":{"line":22,"column":null}},"2":{"start":{"line":24,"column":4},"end":{"line":26,"column":null}},"3":{"start":{"line":25,"column":8},"end":{"line":25,"column":null}},"4":{"start":{"line":29,"column":4},"end":{"line":31,"column":null}},"5":{"start":{"line":30,"column":8},"end":{"line":30,"column":null}},"6":{"start":{"line":33,"column":19},"end":{"line":33,"column":null}},"7":{"start":{"line":34,"column":22},"end":{"line":37,"column":null}},"8":{"start":{"line":39,"column":4},"end":{"line":39,"column":null}},"9":{"start":{"line":43,"column":4},"end":{"line":43,"column":null}}},"fnMap":{"0":{"name":"formatMoney","decl":{"start":{"line":21,"column":16},"end":{"line":21,"column":28}},"loc":{"start":{"line":21,"column":79},"end":{"line":40,"column":null}},"line":21},"1":{"name":"useFormatMoney","decl":{"start":{"line":42,"column":16},"end":{"line":42,"column":33}},"loc":{"start":{"line":42,"column":33},"end":{"line":44,"column":null}},"line":42}},"branchMap":{"0":{"loc":{"start":{"line":24,"column":4},"end":{"line":26,"column":null}},"type":"if","locations":[{"start":{"line":24,"column":4},"end":{"line":26,"column":null}},{"start":{},"end":{}}],"line":24},"1":{"loc":{"start":{"line":29,"column":4},"end":{"line":31,"column":null}},"type":"if","locations":[{"start":{"line":29,"column":4},"end":{"line":31,"column":null}},{"start":{},"end":{}}],"line":29}},"s":{"0":7,"1":396,"2":396,"3":2,"4":394,"5":4,"6":390,"7":390,"8":390,"9":9},"f":{"0":396,"1":9},"b":{"0":[2,394],"1":[4,390]},"meta":{"lastBranch":2,"lastFunction":2,"lastStatement":10,"seen":{"s:6:4:16:Infinity":0,"f:21:16:21:28":0,"s:22:19:22:Infinity":1,"b:24:4:26:Infinity:undefined:undefined:undefined:undefined":0,"s:24:4:26:Infinity":2,"s:25:8:25:Infinity":3,"b:29:4:31:Infinity:undefined:undefined:undefined:undefined":1,"s:29:4:31:Infinity":4,"s:30:8:30:Infinity":5,"s:33:19:33:Infinity":6,"s:34:22:37:Infinity":7,"s:39:4:39:Infinity":8,"f:42:16:42:33":1,"s:43:4:43:Infinity":9}}}
,"/var/www/html/resources/ts/composables/useInvoiceCalculator.ts": {"path":"/var/www/html/resources/ts/composables/useInvoiceCalculator.ts","statementMap":{"0":{"start":{"line":22,"column":4},"end":{"line":22,"column":null}},"1":{"start":{"line":30,"column":22},"end":{"line":30,"column":null}},"2":{"start":{"line":32,"column":4},"end":{"line":32,"column":null}},"3":{"start":{"line":39,"column":4},"end":{"line":39,"column":null}},"4":{"start":{"line":46,"column":10},"end":{"line":60,"column":null}},"5":{"start":{"line":47,"column":23},"end":{"line":47,"column":null}},"6":{"start":{"line":48,"column":18},"end":{"line":48,"column":null}},"7":{"start":{"line":50,"column":8},"end":{"line":53,"column":null}},"8":{"start":{"line":51,"column":12},"end":{"line":51,"column":null}},"9":{"start":{"line":52,"column":12},"end":{"line":52,"column":null}},"10":{"start":{"line":55,"column":8},"end":{"line":59,"column":null}},"11":{"start":{"line":62,"column":4},"end":{"line":62,"column":null}}},"fnMap":{"0":{"name":"calcLineTotal","decl":{"start":{"line":21,"column":16},"end":{"line":21,"column":30}},"loc":{"start":{"line":21,"column":54},"end":{"line":23,"column":null}},"line":21},"1":{"name":"calcLineTax","decl":{"start":{"line":29,"column":16},"end":{"line":29,"column":28}},"loc":{"start":{"line":29,"column":52},"end":{"line":33,"column":null}},"line":29},"2":{"name":"calcLineTotalWithTax","decl":{"start":{"line":38,"column":16},"end":{"line":38,"column":37}},"loc":{"start":{"line":38,"column":61},"end":{"line":40,"column":null}},"line":38},"3":{"name":"useInvoiceCalculator","decl":{"start":{"line":45,"column":16},"end":{"line":45,"column":37}},"loc":{"start":{"line":45,"column":61},"end":{"line":63,"column":null}},"line":45},"4":{"name":"(anonymous_4)","decl":{"start":{"line":46,"column":43},"end":{"line":46,"column":49}},"loc":{"start":{"line":46,"column":49},"end":{"line":60,"column":5}},"line":46}},"branchMap":{},"s":{"0":59,"1":28,"2":28,"3":11,"4":6,"5":8,"6":8,"7":8,"8":11,"9":11,"10":8,"11":6},"f":{"0":59,"1":28,"2":11,"3":6,"4":8},"b":{},"meta":{"lastBranch":0,"lastFunction":5,"lastStatement":12,"seen":{"f:21:16:21:30":0,"s:22:4:22:Infinity":0,"f:29:16:29:28":1,"s:30:22:30:Infinity":1,"s:32:4:32:Infinity":2,"f:38:16:38:37":2,"s:39:4:39:Infinity":3,"f:45:16:45:37":3,"s:46:10:60:Infinity":4,"f:46:43:46:49":4,"s:47:23:47:Infinity":5,"s:48:18:48:Infinity":6,"s:50:8:53:Infinity":7,"s:51:12:51:Infinity":8,"s:52:12:52:Infinity":9,"s:55:8:59:Infinity":10,"s:62:4:62:Infinity":11}}}
,"/var/www/html/resources/ts/lib/utils.ts": {"path":"/var/www/html/resources/ts/lib/utils.ts","statementMap":{"0":{"start":{"line":6,"column":4},"end":{"line":6,"column":null}}},"fnMap":{"0":{"name":"cn","decl":{"start":{"line":5,"column":16},"end":{"line":5,"column":22}},"loc":{"start":{"line":5,"column":52},"end":{"line":7,"column":null}},"line":5}},"branchMap":{},"s":{"0":3},"f":{"0":3},"b":{},"meta":{"lastBranch":0,"lastFunction":1,"lastStatement":1,"seen":{"f:5:16:5:22":0,"s:6:4:6:Infinity":0}}}
}
